{"/Users/scalens_01/Documents/personal-project/nodejs/mimo-backend/src/apps/address/api/address.controller.ts": {"path":"/Users/scalens_01/Documents/personal-project/nodejs/mimo-backend/src/apps/address/api/address.controller.ts","statementMap":{"0":{"start":{"line":1,"column":0},"end":{"line":1,"column":65}},"1":{"start":{"line":2,"column":0},"end":{"line":2,"column":62}},"2":{"start":{"line":3,"column":0},"end":{"line":3,"column":39}},"3":{"start":{"line":4,"column":0},"end":{"line":4,"column":59}},"4":{"start":{"line":11,"column":4},"end":{"line":11,"column":12}},"5":{"start":{"line":12,"column":4},"end":{"line":12,"column":47}},"6":{"start":{"line":20,"column":4},"end":{"line":30,"column":5}},"7":{"start":{"line":21,"column":26},"end":{"line":21,"column":34}},"8":{"start":{"line":22,"column":26},"end":{"line":22,"column":34}},"9":{"start":{"line":23,"column":25},"end":{"line":25,"column":null}},"10":{"start":{"line":27,"column":6},"end":{"line":27,"column":75}},"11":{"start":{"line":29,"column":6},"end":{"line":29,"column":18}},"12":{"start":{"line":38,"column":4},"end":{"line":50,"column":5}},"13":{"start":{"line":39,"column":24},"end":{"line":39,"column":37}},"14":{"start":{"line":40,"column":26},"end":{"line":40,"column":70}},"15":{"start":{"line":41,"column":26},"end":{"line":41,"column":34}},"16":{"start":{"line":42,"column":29},"end":{"line":45,"column":null}},"17":{"start":{"line":47,"column":6},"end":{"line":47,"column":79}},"18":{"start":{"line":49,"column":6},"end":{"line":49,"column":18}},"19":{"start":{"line":58,"column":4},"end":{"line":65,"column":5}},"20":{"start":{"line":59,"column":24},"end":{"line":59,"column":37}},"21":{"start":{"line":60,"column":26},"end":{"line":60,"column":34}},"22":{"start":{"line":61,"column":6},"end":{"line":61,"column":70}},"23":{"start":{"line":62,"column":6},"end":{"line":62,"column":69}},"24":{"start":{"line":64,"column":6},"end":{"line":64,"column":18}},"25":{"start":{"line":73,"column":4},"end":{"line":81,"column":5}},"26":{"start":{"line":74,"column":26},"end":{"line":74,"column":34}},"27":{"start":{"line":75,"column":24},"end":{"line":76,"column":null}},"28":{"start":{"line":78,"column":6},"end":{"line":78,"column":78}},"29":{"start":{"line":80,"column":6},"end":{"line":80,"column":18}},"30":{"start":{"line":89,"column":4},"end":{"line":99,"column":5}},"31":{"start":{"line":90,"column":24},"end":{"line":90,"column":37}},"32":{"start":{"line":91,"column":26},"end":{"line":91,"column":34}},"33":{"start":{"line":92,"column":22},"end":{"line":94,"column":null}},"34":{"start":{"line":96,"column":6},"end":{"line":96,"column":74}},"35":{"start":{"line":98,"column":6},"end":{"line":98,"column":18}},"36":{"start":{"line":7,"column":0},"end":{"line":7,"column":13}}},"fnMap":{"0":{"name":"(anonymous_7)","decl":{"start":{"line":10,"column":2},"end":{"line":10,"column":null}},"loc":{"start":{"line":10,"column":2},"end":{"line":13,"column":3}}},"1":{"name":"(anonymous_8)","decl":{"start":{"line":15,"column":8},"end":{"line":15,"column":21}},"loc":{"start":{"line":18,"column":22},"end":{"line":31,"column":null}}},"2":{"name":"(anonymous_10)","decl":{"start":{"line":33,"column":8},"end":{"line":33,"column":21}},"loc":{"start":{"line":36,"column":22},"end":{"line":51,"column":null}}},"3":{"name":"(anonymous_12)","decl":{"start":{"line":53,"column":8},"end":{"line":53,"column":21}},"loc":{"start":{"line":56,"column":22},"end":{"line":66,"column":null}}},"4":{"name":"(anonymous_14)","decl":{"start":{"line":68,"column":8},"end":{"line":68,"column":26}},"loc":{"start":{"line":71,"column":22},"end":{"line":82,"column":null}}},"5":{"name":"(anonymous_16)","decl":{"start":{"line":84,"column":8},"end":{"line":84,"column":22}},"loc":{"start":{"line":87,"column":22},"end":{"line":100,"column":null}}}},"branchMap":{},"s":{"0":0,"1":0,"2":0,"3":0,"4":0,"5":0,"6":0,"7":0,"8":0,"9":0,"10":0,"11":0,"12":0,"13":0,"14":0,"15":0,"16":0,"17":0,"18":0,"19":0,"20":0,"21":0,"22":0,"23":0,"24":0,"25":0,"26":0,"27":0,"28":0,"29":0,"30":0,"31":0,"32":0,"33":0,"34":0,"35":0,"36":0},"f":{"0":0,"1":0,"2":0,"3":0,"4":0,"5":0},"b":{}}
,"/Users/scalens_01/Documents/personal-project/nodejs/mimo-backend/src/apps/address/api/address.route.ts": {"path":"/Users/scalens_01/Documents/personal-project/nodejs/mimo-backend/src/apps/address/api/address.route.ts","statementMap":{"0":{"start":{"line":1,"column":0},"end":{"line":1,"column":29}},"1":{"start":{"line":2,"column":0},"end":{"line":2,"column":57}},"2":{"start":{"line":3,"column":0},"end":{"line":3,"column":null}},"3":{"start":{"line":8,"column":0},"end":{"line":8,"column":39}},"4":{"start":{"line":10,"column":15},"end":{"line":10,"column":23}},"5":{"start":{"line":11,"column":19},"end":{"line":11,"column":42}},"6":{"start":{"line":13,"column":0},"end":{"line":17,"column":2}},"7":{"start":{"line":19,"column":0},"end":{"line":24,"column":2}},"8":{"start":{"line":26,"column":0},"end":{"line":31,"column":2}},"9":{"start":{"line":33,"column":0},"end":{"line":39,"column":2}},"10":{"start":{"line":41,"column":0},"end":{"line":46,"column":2}},"11":{"start":{"line":48,"column":0},"end":{"line":48,"column":22}}},"fnMap":{},"branchMap":{},"s":{"0":0,"1":0,"2":0,"3":0,"4":0,"5":0,"6":0,"7":0,"8":0,"9":0,"10":0,"11":0},"f":{},"b":{}}
,"/Users/scalens_01/Documents/personal-project/nodejs/mimo-backend/src/apps/address/data-access/address.model.ts": {"path":"/Users/scalens_01/Documents/personal-project/nodejs/mimo-backend/src/apps/address/data-access/address.model.ts","statementMap":{"0":{"start":{"line":1,"column":0},"end":{"line":1,"column":41}},"1":{"start":{"line":3,"column":0},"end":{"line":3,"column":71}},"2":{"start":{"line":5,"column":13},"end":{"line":60,"column":2}},"3":{"start":{"line":62,"column":0},"end":{"line":73,"column":3}},"4":{"start":{"line":63,"column":2},"end":{"line":71,"column":3}},"5":{"start":{"line":64,"column":4},"end":{"line":70,"column":6}},"6":{"start":{"line":72,"column":2},"end":{"line":72,"column":9}},"7":{"start":{"line":75,"column":13},"end":{"line":75,"column":70}}},"fnMap":{"0":{"name":"(anonymous_1)","decl":{"start":{"line":62,"column":30},"end":{"line":62,"column":40}},"loc":{"start":{"line":62,"column":44},"end":{"line":73,"column":1}}}},"branchMap":{"0":{"loc":{"start":{"line":63,"column":2},"end":{"line":71,"column":3}},"type":"if","locations":[{"start":{"line":63,"column":2},"end":{"line":71,"column":3}}]},"1":{"loc":{"start":{"line":63,"column":6},"end":{"line":63,"column":41}},"type":"binary-expr","locations":[{"start":{"line":63,"column":6},"end":{"line":63,"column":21}},{"start":{"line":63,"column":25},"end":{"line":63,"column":41}}]}},"s":{"0":0,"1":0,"2":0,"3":0,"4":0,"5":0,"6":0,"7":0},"f":{"0":0},"b":{"0":[0],"1":[0,0]}}
,"/Users/scalens_01/Documents/personal-project/nodejs/mimo-backend/src/apps/address/data-access/address.repository.ts": {"path":"/Users/scalens_01/Documents/personal-project/nodejs/mimo-backend/src/apps/address/data-access/address.repository.ts","statementMap":{"0":{"start":{"line":1,"column":0},"end":{"line":1,"column":70}},"1":{"start":{"line":3,"column":0},"end":{"line":3,"column":47}},"2":{"start":{"line":7,"column":4},"end":{"line":7,"column":24}},"3":{"start":{"line":11,"column":22},"end":{"line":11,"column":61}},"4":{"start":{"line":12,"column":4},"end":{"line":12,"column":21}},"5":{"start":{"line":19,"column":4},"end":{"line":19,"column":55}},"6":{"start":{"line":5,"column":0},"end":{"line":5,"column":13}}},"fnMap":{"0":{"name":"(anonymous_7)","decl":{"start":{"line":6,"column":2},"end":{"line":6,"column":null}},"loc":{"start":{"line":6,"column":2},"end":{"line":8,"column":3}}},"1":{"name":"(anonymous_8)","decl":{"start":{"line":10,"column":8},"end":{"line":10,"column":31}},"loc":{"start":{"line":10,"column":46},"end":{"line":13,"column":null}}},"2":{"name":"(anonymous_10)","decl":{"start":{"line":15,"column":8},"end":{"line":15,"column":25}},"loc":{"start":{"line":17,"column":29},"end":{"line":20,"column":null}}}},"branchMap":{},"s":{"0":0,"1":0,"2":0,"3":0,"4":0,"5":0,"6":0},"f":{"0":0,"1":0,"2":0},"b":{}}
,"/Users/scalens_01/Documents/personal-project/nodejs/mimo-backend/src/apps/address/domain/address.dto.ts": {"path":"/Users/scalens_01/Documents/personal-project/nodejs/mimo-backend/src/apps/address/domain/address.dto.ts","statementMap":{"0":{"start":{"line":1,"column":0},"end":{"line":1,"column":78}},"1":{"start":{"line":2,"column":0},"end":{"line":2,"column":43}},"2":{"start":{"line":4,"column":0},"end":{"line":4,"column":13}},"3":{"start":{"line":8,"column":11},"end":{"line":8,"column":null}},"4":{"start":{"line":13,"column":11},"end":{"line":13,"column":null}},"5":{"start":{"line":18,"column":11},"end":{"line":18,"column":null}},"6":{"start":{"line":23,"column":11},"end":{"line":23,"column":null}},"7":{"start":{"line":28,"column":11},"end":{"line":28,"column":null}},"8":{"start":{"line":33,"column":11},"end":{"line":33,"column":null}},"9":{"start":{"line":38,"column":11},"end":{"line":38,"column":null}},"10":{"start":{"line":43,"column":11},"end":{"line":43,"column":null}},"11":{"start":{"line":48,"column":11},"end":{"line":48,"column":null}},"12":{"start":{"line":53,"column":11},"end":{"line":53,"column":null}},"13":{"start":{"line":58,"column":11},"end":{"line":58,"column":null}}},"fnMap":{},"branchMap":{},"s":{"0":0,"1":0,"2":0,"3":0,"4":0,"5":0,"6":0,"7":0,"8":0,"9":0,"10":0,"11":0,"12":0,"13":0},"f":{},"b":{}}
,"/Users/scalens_01/Documents/personal-project/nodejs/mimo-backend/src/apps/address/domain/address.service.ts": {"path":"/Users/scalens_01/Documents/personal-project/nodejs/mimo-backend/src/apps/address/domain/address.service.ts","statementMap":{"0":{"start":{"line":2,"column":0},"end":{"line":2,"column":51}},"1":{"start":{"line":3,"column":0},"end":{"line":3,"column":59}},"2":{"start":{"line":4,"column":0},"end":{"line":4,"column":71}},"3":{"start":{"line":5,"column":0},"end":{"line":5,"column":77}},"4":{"start":{"line":12,"column":4},"end":{"line":12,"column":21}},"5":{"start":{"line":13,"column":4},"end":{"line":13,"column":46}},"6":{"start":{"line":20,"column":20},"end":{"line":20,"column":53}},"7":{"start":{"line":22,"column":4},"end":{"line":27,"column":5}},"8":{"start":{"line":23,"column":6},"end":{"line":26,"column":9}},"9":{"start":{"line":29,"column":25},"end":{"line":29,"column":48}},"10":{"start":{"line":30,"column":22},"end":{"line":30,"column":77}},"11":{"start":{"line":31,"column":4},"end":{"line":37,"column":5}},"12":{"start":{"line":32,"column":6},"end":{"line":36,"column":9}},"13":{"start":{"line":39,"column":4},"end":{"line":39,"column":19}},"14":{"start":{"line":46,"column":27},"end":{"line":48,"column":null}},"15":{"start":{"line":51,"column":4},"end":{"line":57,"column":5}},"16":{"start":{"line":52,"column":6},"end":{"line":56,"column":8}},"17":{"start":{"line":59,"column":4},"end":{"line":59,"column":26}},"18":{"start":{"line":67,"column":28},"end":{"line":67,"column":70}},"19":{"start":{"line":68,"column":4},"end":{"line":73,"column":5}},"20":{"start":{"line":69,"column":6},"end":{"line":72,"column":9}},"21":{"start":{"line":75,"column":27},"end":{"line":77,"column":null}},"22":{"start":{"line":79,"column":4},"end":{"line":84,"column":5}},"23":{"start":{"line":80,"column":6},"end":{"line":83,"column":9}},"24":{"start":{"line":86,"column":4},"end":{"line":92,"column":5}},"25":{"start":{"line":87,"column":6},"end":{"line":91,"column":8}},"26":{"start":{"line":94,"column":4},"end":{"line":94,"column":26}},"27":{"start":{"line":102,"column":26},"end":{"line":102,"column":28}},"28":{"start":{"line":104,"column":4},"end":{"line":115,"column":5}},"29":{"start":{"line":105,"column":6},"end":{"line":114,"column":8}},"30":{"start":{"line":117,"column":4},"end":{"line":128,"column":5}},"31":{"start":{"line":118,"column":6},"end":{"line":127,"column":8}},"32":{"start":{"line":130,"column":4},"end":{"line":130,"column":37}},"33":{"start":{"line":134,"column":22},"end":{"line":134,"column":75}},"34":{"start":{"line":135,"column":4},"end":{"line":135,"column":21}},"35":{"start":{"line":139,"column":28},"end":{"line":139,"column":61}},"36":{"start":{"line":140,"column":4},"end":{"line":145,"column":5}},"37":{"start":{"line":141,"column":6},"end":{"line":144,"column":9}},"38":{"start":{"line":146,"column":25},"end":{"line":146,"column":56}},"39":{"start":{"line":147,"column":22},"end":{"line":147,"column":77}},"40":{"start":{"line":148,"column":4},"end":{"line":154,"column":5}},"41":{"start":{"line":149,"column":6},"end":{"line":153,"column":9}},"42":{"start":{"line":155,"column":4},"end":{"line":155,"column":58}},"43":{"start":{"line":8,"column":0},"end":{"line":8,"column":13}}},"fnMap":{"0":{"name":"(anonymous_8)","decl":{"start":{"line":11,"column":2},"end":{"line":11,"column":null}},"loc":{"start":{"line":11,"column":2},"end":{"line":14,"column":3}}},"1":{"name":"(anonymous_9)","decl":{"start":{"line":16,"column":8},"end":{"line":16,"column":22}},"loc":{"start":{"line":18,"column":30},"end":{"line":40,"column":null}}},"2":{"name":"(anonymous_11)","decl":{"start":{"line":42,"column":8},"end":{"line":42,"column":21}},"loc":{"start":{"line":44,"column":30},"end":{"line":60,"column":null}}},"3":{"name":"(anonymous_13)","decl":{"start":{"line":62,"column":8},"end":{"line":62,"column":21}},"loc":{"start":{"line":65,"column":30},"end":{"line":95,"column":null}}},"4":{"name":"(anonymous_15)","decl":{"start":{"line":97,"column":16},"end":{"line":97,"column":34}},"loc":{"start":{"line":100,"column":27},"end":{"line":131,"column":null}}},"5":{"name":"(anonymous_17)","decl":{"start":{"line":133,"column":8},"end":{"line":133,"column":31}},"loc":{"start":{"line":133,"column":46},"end":{"line":136,"column":null}}},"6":{"name":"(anonymous_19)","decl":{"start":{"line":138,"column":8},"end":{"line":138,"column":21}},"loc":{"start":{"line":138,"column":60},"end":{"line":156,"column":null}}}},"branchMap":{"0":{"loc":{"start":{"line":22,"column":4},"end":{"line":27,"column":5}},"type":"if","locations":[{"start":{"line":22,"column":4},"end":{"line":27,"column":5}}]},"1":{"loc":{"start":{"line":31,"column":4},"end":{"line":37,"column":5}},"type":"if","locations":[{"start":{"line":31,"column":4},"end":{"line":37,"column":5}}]},"2":{"loc":{"start":{"line":51,"column":4},"end":{"line":57,"column":5}},"type":"if","locations":[{"start":{"line":51,"column":4},"end":{"line":57,"column":5}}]},"3":{"loc":{"start":{"line":68,"column":4},"end":{"line":73,"column":5}},"type":"if","locations":[{"start":{"line":68,"column":4},"end":{"line":73,"column":5}}]},"4":{"loc":{"start":{"line":79,"column":4},"end":{"line":84,"column":5}},"type":"if","locations":[{"start":{"line":79,"column":4},"end":{"line":84,"column":5}}]},"5":{"loc":{"start":{"line":86,"column":4},"end":{"line":92,"column":5}},"type":"if","locations":[{"start":{"line":86,"column":4},"end":{"line":92,"column":5}}]},"6":{"loc":{"start":{"line":104,"column":4},"end":{"line":115,"column":5}},"type":"if","locations":[{"start":{"line":104,"column":4},"end":{"line":115,"column":5}}]},"7":{"loc":{"start":{"line":117,"column":4},"end":{"line":128,"column":5}},"type":"if","locations":[{"start":{"line":117,"column":4},"end":{"line":128,"column":5}}]},"8":{"loc":{"start":{"line":140,"column":4},"end":{"line":145,"column":5}},"type":"if","locations":[{"start":{"line":140,"column":4},"end":{"line":145,"column":5}}]},"9":{"loc":{"start":{"line":148,"column":4},"end":{"line":154,"column":5}},"type":"if","locations":[{"start":{"line":148,"column":4},"end":{"line":154,"column":5}}]}},"s":{"0":0,"1":0,"2":0,"3":0,"4":0,"5":0,"6":0,"7":0,"8":0,"9":0,"10":0,"11":0,"12":0,"13":0,"14":0,"15":0,"16":0,"17":0,"18":0,"19":0,"20":0,"21":0,"22":0,"23":0,"24":0,"25":0,"26":0,"27":0,"28":0,"29":0,"30":0,"31":0,"32":0,"33":0,"34":0,"35":0,"36":0,"37":0,"38":0,"39":0,"40":0,"41":0,"42":0,"43":0},"f":{"0":0,"1":0,"2":0,"3":0,"4":0,"5":0,"6":0},"b":{"0":[0],"1":[0],"2":[0],"3":[0],"4":[0],"5":[0],"6":[0],"7":[0],"8":[0],"9":[0]}}
,"/Users/scalens_01/Documents/personal-project/nodejs/mimo-backend/src/apps/auth/api/auth/auth.controller.ts": {"path":"/Users/scalens_01/Documents/personal-project/nodejs/mimo-backend/src/apps/auth/api/auth/auth.controller.ts","statementMap":{"0":{"start":{"line":2,"column":0},"end":{"line":2,"column":78}},"1":{"start":{"line":3,"column":0},"end":{"line":3,"column":53}},"2":{"start":{"line":4,"column":0},"end":{"line":4,"column":74}},"3":{"start":{"line":5,"column":0},"end":{"line":5,"column":68}},"4":{"start":{"line":11,"column":4},"end":{"line":11,"column":12}},"5":{"start":{"line":12,"column":4},"end":{"line":12,"column":47}},"6":{"start":{"line":20,"column":25},"end":{"line":20,"column":35}},"7":{"start":{"line":21,"column":21},"end":{"line":21,"column":29}},"8":{"start":{"line":23,"column":4},"end":{"line":42,"column":5}},"9":{"start":{"line":24,"column":6},"end":{"line":30,"column":7}},"10":{"start":{"line":25,"column":8},"end":{"line":29,"column":11}},"11":{"start":{"line":31,"column":26},"end":{"line":31,"column":63}},"12":{"start":{"line":32,"column":26},"end":{"line":32,"column":62}},"13":{"start":{"line":33,"column":6},"end":{"line":33,"column":77}},"14":{"start":{"line":34,"column":6},"end":{"line":39,"column":8}},"15":{"start":{"line":41,"column":6},"end":{"line":41,"column":18}},"16":{"start":{"line":46,"column":25},"end":{"line":46,"column":35}},"17":{"start":{"line":48,"column":4},"end":{"line":68,"column":5}},"18":{"start":{"line":49,"column":6},"end":{"line":54,"column":7}},"19":{"start":{"line":50,"column":8},"end":{"line":53,"column":11}},"20":{"start":{"line":56,"column":23},"end":{"line":56,"column":31}},"21":{"start":{"line":57,"column":26},"end":{"line":57,"column":63}},"22":{"start":{"line":58,"column":33},"end":{"line":58,"column":66}},"23":{"start":{"line":58,"column":19},"end":{"line":58,"column":24}},"24":{"start":{"line":58,"column":28},"end":{"line":58,"column":33}},"25":{"start":{"line":59,"column":6},"end":{"line":59,"column":69}},"26":{"start":{"line":60,"column":6},"end":{"line":65,"column":8}},"27":{"start":{"line":67,"column":6},"end":{"line":67,"column":18}},"28":{"start":{"line":76,"column":4},"end":{"line":83,"column":5}},"29":{"start":{"line":77,"column":24},"end":{"line":77,"column":32}},"30":{"start":{"line":78,"column":26},"end":{"line":78,"column":50}},"31":{"start":{"line":79,"column":6},"end":{"line":79,"column":51}},"32":{"start":{"line":80,"column":6},"end":{"line":80,"column":68}},"33":{"start":{"line":82,"column":6},"end":{"line":82,"column":18}},"34":{"start":{"line":91,"column":22},"end":{"line":91,"column":30}},"35":{"start":{"line":93,"column":4},"end":{"line":102,"column":5}},"36":{"start":{"line":94,"column":26},"end":{"line":94,"column":50}},"37":{"start":{"line":95,"column":32},"end":{"line":95,"column":78}},"38":{"start":{"line":96,"column":6},"end":{"line":98,"column":8}},"39":{"start":{"line":99,"column":6},"end":{"line":99,"column":79}},"40":{"start":{"line":101,"column":6},"end":{"line":101,"column":18}},"41":{"start":{"line":110,"column":4},"end":{"line":119,"column":5}},"42":{"start":{"line":111,"column":26},"end":{"line":111,"column":50}},"43":{"start":{"line":112,"column":26},"end":{"line":112,"column":74}},"44":{"start":{"line":113,"column":6},"end":{"line":115,"column":8}},"45":{"start":{"line":116,"column":6},"end":{"line":116,"column":70}},"46":{"start":{"line":118,"column":6},"end":{"line":118,"column":18}},"47":{"start":{"line":7,"column":0},"end":{"line":7,"column":13}}},"fnMap":{"0":{"name":"(anonymous_9)","decl":{"start":{"line":10,"column":2},"end":{"line":10,"column":null}},"loc":{"start":{"line":10,"column":2},"end":{"line":13,"column":3}}},"1":{"name":"(anonymous_10)","decl":{"start":{"line":15,"column":8},"end":{"line":15,"column":16}},"loc":{"start":{"line":18,"column":22},"end":{"line":43,"column":null}}},"2":{"name":"(anonymous_12)","decl":{"start":{"line":45,"column":8},"end":{"line":45,"column":13}},"loc":{"start":{"line":45,"column":61},"end":{"line":69,"column":null}}},"3":{"name":"(anonymous_14)","decl":{"start":{"line":71,"column":8},"end":{"line":71,"column":32}},"loc":{"start":{"line":74,"column":22},"end":{"line":84,"column":null}}},"4":{"name":"(anonymous_16)","decl":{"start":{"line":86,"column":8},"end":{"line":86,"column":29}},"loc":{"start":{"line":89,"column":22},"end":{"line":103,"column":null}}},"5":{"name":"(anonymous_18)","decl":{"start":{"line":105,"column":8},"end":{"line":105,"column":28}},"loc":{"start":{"line":108,"column":22},"end":{"line":120,"column":null}}}},"branchMap":{"0":{"loc":{"start":{"line":24,"column":6},"end":{"line":30,"column":7}},"type":"if","locations":[{"start":{"line":24,"column":6},"end":{"line":30,"column":7}}]},"1":{"loc":{"start":{"line":24,"column":10},"end":{"line":24,"column":75}},"type":"binary-expr","locations":[{"start":{"line":24,"column":10},"end":{"line":24,"column":19}},{"start":{"line":24,"column":23},"end":{"line":24,"column":75}}]},"2":{"loc":{"start":{"line":49,"column":6},"end":{"line":54,"column":7}},"type":"if","locations":[{"start":{"line":49,"column":6},"end":{"line":54,"column":7}}]},"3":{"loc":{"start":{"line":49,"column":10},"end":{"line":49,"column":75}},"type":"binary-expr","locations":[{"start":{"line":49,"column":10},"end":{"line":49,"column":19}},{"start":{"line":49,"column":23},"end":{"line":49,"column":75}}]}},"s":{"0":1,"1":1,"2":1,"3":1,"4":4,"5":4,"6":3,"7":3,"8":3,"9":3,"10":1,"11":2,"12":2,"13":1,"14":1,"15":2,"16":0,"17":0,"18":0,"19":0,"20":0,"21":0,"22":0,"23":0,"24":0,"25":0,"26":0,"27":0,"28":0,"29":0,"30":0,"31":0,"32":0,"33":0,"34":0,"35":0,"36":0,"37":0,"38":0,"39":0,"40":0,"41":0,"42":0,"43":0,"44":0,"45":0,"46":0,"47":1},"f":{"0":4,"1":3,"2":0,"3":0,"4":0,"5":0},"b":{"0":[1],"1":[3,3],"2":[0],"3":[0,0]}}
,"/Users/scalens_01/Documents/personal-project/nodejs/mimo-backend/src/apps/auth/api/auth/auth.route.ts": {"path":"/Users/scalens_01/Documents/personal-project/nodejs/mimo-backend/src/apps/auth/api/auth/auth.route.ts","statementMap":{"0":{"start":{"line":1,"column":0},"end":{"line":1,"column":33}},"1":{"start":{"line":2,"column":0},"end":{"line":2,"column":null}},"2":{"start":{"line":9,"column":0},"end":{"line":9,"column":51}},"3":{"start":{"line":10,"column":0},"end":{"line":10,"column":null}},"4":{"start":{"line":14,"column":23},"end":{"line":14,"column":43}},"5":{"start":{"line":15,"column":15},"end":{"line":15,"column":23}},"6":{"start":{"line":17,"column":0},"end":{"line":21,"column":2}},"7":{"start":{"line":23,"column":0},"end":{"line":27,"column":2}},"8":{"start":{"line":29,"column":0},"end":{"line":33,"column":2}},"9":{"start":{"line":35,"column":0},"end":{"line":39,"column":2}},"10":{"start":{"line":41,"column":0},"end":{"line":45,"column":2}},"11":{"start":{"line":47,"column":0},"end":{"line":47,"column":22}}},"fnMap":{},"branchMap":{},"s":{"0":1,"1":1,"2":1,"3":1,"4":1,"5":1,"6":1,"7":1,"8":1,"9":1,"10":1,"11":1},"f":{},"b":{}}
,"/Users/scalens_01/Documents/personal-project/nodejs/mimo-backend/src/apps/auth/api/auth/auth.swagger.docs.ts": {"path":"/Users/scalens_01/Documents/personal-project/nodejs/mimo-backend/src/apps/auth/api/auth/auth.swagger.docs.ts","statementMap":{"0":{"start":{"line":1,"column":13},"end":{"line":71,"column":2}}},"fnMap":{},"branchMap":{},"s":{"0":1},"f":{},"b":{}}
,"/Users/scalens_01/Documents/personal-project/nodejs/mimo-backend/src/apps/auth/api/invitation/invitation.controller.ts": {"path":"/Users/scalens_01/Documents/personal-project/nodejs/mimo-backend/src/apps/auth/api/invitation/invitation.controller.ts","statementMap":{"0":{"start":{"line":2,"column":0},"end":{"line":2,"column":79}},"1":{"start":{"line":3,"column":0},"end":{"line":3,"column":78}},"2":{"start":{"line":8,"column":4},"end":{"line":8,"column":53}},"3":{"start":{"line":12,"column":4},"end":{"line":19,"column":5}},"4":{"start":{"line":13,"column":53},"end":{"line":13,"column":61}},"5":{"start":{"line":14,"column":28},"end":{"line":14,"column":40}},"6":{"start":{"line":15,"column":6},"end":{"line":15,"column":103}},"7":{"start":{"line":16,"column":6},"end":{"line":16,"column":92}},"8":{"start":{"line":18,"column":6},"end":{"line":18,"column":18}},"9":{"start":{"line":5,"column":0},"end":{"line":5,"column":13}}},"fnMap":{"0":{"name":"(anonymous_7)","decl":{"start":{"line":7,"column":2},"end":{"line":7,"column":null}},"loc":{"start":{"line":7,"column":2},"end":{"line":9,"column":3}}},"1":{"name":"(anonymous_8)","decl":{"start":{"line":11,"column":8},"end":{"line":11,"column":24}},"loc":{"start":{"line":11,"column":72},"end":{"line":20,"column":null}}}},"branchMap":{},"s":{"0":1,"1":1,"2":1,"3":0,"4":0,"5":0,"6":0,"7":0,"8":0,"9":1},"f":{"0":1,"1":0},"b":{}}
,"/Users/scalens_01/Documents/personal-project/nodejs/mimo-backend/src/apps/auth/api/invitation/invitation.route.ts": {"path":"/Users/scalens_01/Documents/personal-project/nodejs/mimo-backend/src/apps/auth/api/invitation/invitation.route.ts","statementMap":{"0":{"start":{"line":1,"column":0},"end":{"line":1,"column":33}},"1":{"start":{"line":2,"column":0},"end":{"line":2,"column":63}},"2":{"start":{"line":3,"column":0},"end":{"line":3,"column":null}},"3":{"start":{"line":9,"column":0},"end":{"line":9,"column":91}},"4":{"start":{"line":11,"column":29},"end":{"line":11,"column":55}},"5":{"start":{"line":12,"column":15},"end":{"line":12,"column":23}},"6":{"start":{"line":21,"column":0},"end":{"line":27,"column":2}},"7":{"start":{"line":28,"column":0},"end":{"line":28,"column":22}}},"fnMap":{},"branchMap":{},"s":{"0":1,"1":1,"2":1,"3":1,"4":1,"5":1,"6":1,"7":1},"f":{},"b":{}}
,"/Users/scalens_01/Documents/personal-project/nodejs/mimo-backend/src/apps/auth/api/permission/permission.controller.ts": {"path":"/Users/scalens_01/Documents/personal-project/nodejs/mimo-backend/src/apps/auth/api/permission/permission.controller.ts","statementMap":{"0":{"start":{"line":2,"column":0},"end":{"line":2,"column":68}},"1":{"start":{"line":3,"column":0},"end":{"line":3,"column":75}},"2":{"start":{"line":4,"column":0},"end":{"line":4,"column":78}},"3":{"start":{"line":10,"column":4},"end":{"line":10,"column":12}},"4":{"start":{"line":11,"column":4},"end":{"line":11,"column":53}},"5":{"start":{"line":19,"column":4},"end":{"line":31,"column":5}},"6":{"start":{"line":20,"column":28},"end":{"line":21,"column":null}},"7":{"start":{"line":23,"column":6},"end":{"line":28,"column":8}},"8":{"start":{"line":30,"column":6},"end":{"line":30,"column":18}},"9":{"start":{"line":6,"column":0},"end":{"line":6,"column":13}}},"fnMap":{"0":{"name":"(anonymous_8)","decl":{"start":{"line":9,"column":2},"end":{"line":9,"column":null}},"loc":{"start":{"line":9,"column":2},"end":{"line":12,"column":3}}},"1":{"name":"(anonymous_9)","decl":{"start":{"line":14,"column":8},"end":{"line":14,"column":24}},"loc":{"start":{"line":17,"column":22},"end":{"line":32,"column":null}}}},"branchMap":{},"s":{"0":1,"1":1,"2":1,"3":1,"4":1,"5":0,"6":0,"7":0,"8":0,"9":1},"f":{"0":1,"1":0},"b":{}}
,"/Users/scalens_01/Documents/personal-project/nodejs/mimo-backend/src/apps/auth/api/permission/permission.route.ts": {"path":"/Users/scalens_01/Documents/personal-project/nodejs/mimo-backend/src/apps/auth/api/permission/permission.route.ts","statementMap":{"0":{"start":{"line":1,"column":0},"end":{"line":1,"column":33}},"1":{"start":{"line":2,"column":0},"end":{"line":2,"column":63}},"2":{"start":{"line":3,"column":0},"end":{"line":3,"column":77}},"3":{"start":{"line":4,"column":0},"end":{"line":4,"column":null}},"4":{"start":{"line":10,"column":15},"end":{"line":10,"column":23}},"5":{"start":{"line":11,"column":29},"end":{"line":11,"column":55}},"6":{"start":{"line":13,"column":0},"end":{"line":19,"column":2}},"7":{"start":{"line":21,"column":0},"end":{"line":21,"column":22}}},"fnMap":{},"branchMap":{},"s":{"0":1,"1":1,"2":1,"3":1,"4":1,"5":1,"6":1,"7":1},"f":{},"b":{}}
,"/Users/scalens_01/Documents/personal-project/nodejs/mimo-backend/src/apps/auth/api/role/role.controller.ts": {"path":"/Users/scalens_01/Documents/personal-project/nodejs/mimo-backend/src/apps/auth/api/role/role.controller.ts","statementMap":{"0":{"start":{"line":2,"column":0},"end":{"line":2,"column":68}},"1":{"start":{"line":3,"column":0},"end":{"line":3,"column":57}},"2":{"start":{"line":4,"column":0},"end":{"line":4,"column":78}},"3":{"start":{"line":10,"column":4},"end":{"line":10,"column":12}},"4":{"start":{"line":11,"column":4},"end":{"line":11,"column":41}},"5":{"start":{"line":19,"column":4},"end":{"line":24,"column":5}},"6":{"start":{"line":20,"column":26},"end":{"line":20,"column":69}},"7":{"start":{"line":21,"column":6},"end":{"line":21,"column":78}},"8":{"start":{"line":23,"column":6},"end":{"line":23,"column":18}},"9":{"start":{"line":32,"column":4},"end":{"line":37,"column":5}},"10":{"start":{"line":33,"column":20},"end":{"line":33,"column":56}},"11":{"start":{"line":34,"column":6},"end":{"line":34,"column":75}},"12":{"start":{"line":36,"column":6},"end":{"line":36,"column":18}},"13":{"start":{"line":6,"column":0},"end":{"line":6,"column":21}}},"fnMap":{"0":{"name":"(anonymous_8)","decl":{"start":{"line":9,"column":2},"end":{"line":9,"column":null}},"loc":{"start":{"line":9,"column":2},"end":{"line":12,"column":3}}},"1":{"name":"(anonymous_9)","decl":{"start":{"line":14,"column":8},"end":{"line":14,"column":18}},"loc":{"start":{"line":17,"column":22},"end":{"line":25,"column":null}}},"2":{"name":"(anonymous_11)","decl":{"start":{"line":27,"column":8},"end":{"line":27,"column":19}},"loc":{"start":{"line":30,"column":22},"end":{"line":38,"column":null}}}},"branchMap":{},"s":{"0":1,"1":1,"2":1,"3":1,"4":1,"5":0,"6":0,"7":0,"8":0,"9":0,"10":0,"11":0,"12":0,"13":1},"f":{"0":1,"1":0,"2":0},"b":{}}
,"/Users/scalens_01/Documents/personal-project/nodejs/mimo-backend/src/apps/auth/api/role/role.route.ts": {"path":"/Users/scalens_01/Documents/personal-project/nodejs/mimo-backend/src/apps/auth/api/role/role.route.ts","statementMap":{"0":{"start":{"line":1,"column":0},"end":{"line":1,"column":33}},"1":{"start":{"line":2,"column":0},"end":{"line":2,"column":47}},"2":{"start":{"line":3,"column":0},"end":{"line":3,"column":59}},"3":{"start":{"line":4,"column":0},"end":{"line":4,"column":null}},"4":{"start":{"line":10,"column":15},"end":{"line":10,"column":23}},"5":{"start":{"line":11,"column":23},"end":{"line":11,"column":43}},"6":{"start":{"line":13,"column":0},"end":{"line":19,"column":2}},"7":{"start":{"line":21,"column":0},"end":{"line":26,"column":2}},"8":{"start":{"line":29,"column":0},"end":{"line":29,"column":22}}},"fnMap":{},"branchMap":{},"s":{"0":1,"1":1,"2":1,"3":1,"4":1,"5":1,"6":1,"7":1,"8":1},"f":{},"b":{}}
,"/Users/scalens_01/Documents/personal-project/nodejs/mimo-backend/src/apps/auth/api/user/user.controller.ts": {"path":"/Users/scalens_01/Documents/personal-project/nodejs/mimo-backend/src/apps/auth/api/user/user.controller.ts","statementMap":{"0":{"start":{"line":2,"column":0},"end":{"line":2,"column":61}},"1":{"start":{"line":3,"column":0},"end":{"line":3,"column":79}},"2":{"start":{"line":4,"column":0},"end":{"line":4,"column":78}},"3":{"start":{"line":5,"column":0},"end":{"line":5,"column":68}},"4":{"start":{"line":6,"column":0},"end":{"line":6,"column":45}},"5":{"start":{"line":13,"column":4},"end":{"line":13,"column":12}},"6":{"start":{"line":14,"column":4},"end":{"line":14,"column":41}},"7":{"start":{"line":15,"column":4},"end":{"line":15,"column":53}},"8":{"start":{"line":19,"column":4},"end":{"line":24,"column":5}},"9":{"start":{"line":20,"column":20},"end":{"line":20,"column":56}},"10":{"start":{"line":21,"column":6},"end":{"line":21,"column":75}},"11":{"start":{"line":23,"column":6},"end":{"line":23,"column":18}},"12":{"start":{"line":28,"column":4},"end":{"line":34,"column":5}},"13":{"start":{"line":29,"column":21},"end":{"line":29,"column":31}},"14":{"start":{"line":30,"column":19},"end":{"line":30,"column":67}},"15":{"start":{"line":31,"column":6},"end":{"line":31,"column":73}},"16":{"start":{"line":33,"column":6},"end":{"line":33,"column":18}},"17":{"start":{"line":38,"column":4},"end":{"line":45,"column":5}},"18":{"start":{"line":39,"column":21},"end":{"line":39,"column":31}},"19":{"start":{"line":40,"column":25},"end":{"line":40,"column":72}},"20":{"start":{"line":41,"column":26},"end":{"line":41,"column":79}},"21":{"start":{"line":42,"column":6},"end":{"line":42,"column":78}},"22":{"start":{"line":44,"column":6},"end":{"line":44,"column":18}},"23":{"start":{"line":49,"column":4},"end":{"line":55,"column":5}},"24":{"start":{"line":50,"column":21},"end":{"line":50,"column":31}},"25":{"start":{"line":51,"column":6},"end":{"line":51,"column":48}},"26":{"start":{"line":52,"column":6},"end":{"line":52,"column":71}},"27":{"start":{"line":54,"column":6},"end":{"line":54,"column":18}},"28":{"start":{"line":63,"column":4},"end":{"line":76,"column":5}},"29":{"start":{"line":64,"column":26},"end":{"line":64,"column":34}},"30":{"start":{"line":65,"column":19},"end":{"line":65,"column":27}},"31":{"start":{"line":66,"column":26},"end":{"line":68,"column":null}},"32":{"start":{"line":70,"column":6},"end":{"line":72,"column":8}},"33":{"start":{"line":73,"column":6},"end":{"line":73,"column":70}},"34":{"start":{"line":75,"column":6},"end":{"line":75,"column":18}},"35":{"start":{"line":81,"column":4},"end":{"line":93,"column":5}},"36":{"start":{"line":82,"column":53},"end":{"line":82,"column":61}},"37":{"start":{"line":83,"column":22},"end":{"line":87,"column":null}},"38":{"start":{"line":90,"column":6},"end":{"line":90,"column":77}},"39":{"start":{"line":92,"column":6},"end":{"line":92,"column":18}},"40":{"start":{"line":102,"column":4},"end":{"line":109,"column":5}},"41":{"start":{"line":103,"column":21},"end":{"line":103,"column":31}},"42":{"start":{"line":104,"column":29},"end":{"line":104,"column":37}},"43":{"start":{"line":105,"column":26},"end":{"line":105,"column":81}},"44":{"start":{"line":106,"column":6},"end":{"line":106,"column":85}},"45":{"start":{"line":108,"column":6},"end":{"line":108,"column":18}},"46":{"start":{"line":113,"column":4},"end":{"line":119,"column":5}},"47":{"start":{"line":114,"column":22},"end":{"line":114,"column":30}},"48":{"start":{"line":115,"column":29},"end":{"line":115,"column":76}},"49":{"start":{"line":116,"column":6},"end":{"line":116,"column":82}},"50":{"start":{"line":118,"column":6},"end":{"line":118,"column":18}},"51":{"start":{"line":123,"column":4},"end":{"line":129,"column":5}},"52":{"start":{"line":124,"column":34},"end":{"line":124,"column":42}},"53":{"start":{"line":125,"column":27},"end":{"line":125,"column":87}},"54":{"start":{"line":126,"column":6},"end":{"line":126,"column":87}},"55":{"start":{"line":128,"column":6},"end":{"line":128,"column":18}},"56":{"start":{"line":8,"column":0},"end":{"line":8,"column":13}}},"fnMap":{"0":{"name":"(anonymous_7)","decl":{"start":{"line":12,"column":2},"end":{"line":12,"column":null}},"loc":{"start":{"line":12,"column":2},"end":{"line":16,"column":3}}},"1":{"name":"(anonymous_8)","decl":{"start":{"line":18,"column":8},"end":{"line":18,"column":19}},"loc":{"start":{"line":18,"column":67},"end":{"line":25,"column":null}}},"2":{"name":"(anonymous_10)","decl":{"start":{"line":27,"column":8},"end":{"line":27,"column":19}},"loc":{"start":{"line":27,"column":67},"end":{"line":35,"column":null}}},"3":{"name":"(anonymous_12)","decl":{"start":{"line":37,"column":8},"end":{"line":37,"column":18}},"loc":{"start":{"line":37,"column":66},"end":{"line":46,"column":null}}},"4":{"name":"(anonymous_14)","decl":{"start":{"line":48,"column":8},"end":{"line":48,"column":22}},"loc":{"start":{"line":48,"column":70},"end":{"line":56,"column":null}}},"5":{"name":"(anonymous_16)","decl":{"start":{"line":58,"column":8},"end":{"line":58,"column":22}},"loc":{"start":{"line":61,"column":22},"end":{"line":77,"column":null}}},"6":{"name":"(anonymous_18)","decl":{"start":{"line":80,"column":8},"end":{"line":80,"column":32}},"loc":{"start":{"line":80,"column":80},"end":{"line":94,"column":null}}},"7":{"name":"(anonymous_20)","decl":{"start":{"line":97,"column":8},"end":{"line":97,"column":24}},"loc":{"start":{"line":100,"column":22},"end":{"line":110,"column":null}}},"8":{"name":"(anonymous_22)","decl":{"start":{"line":112,"column":8},"end":{"line":112,"column":27}},"loc":{"start":{"line":112,"column":75},"end":{"line":120,"column":null}}},"9":{"name":"(anonymous_24)","decl":{"start":{"line":122,"column":8},"end":{"line":122,"column":28}},"loc":{"start":{"line":122,"column":76},"end":{"line":130,"column":null}}}},"branchMap":{},"s":{"0":1,"1":1,"2":1,"3":1,"4":1,"5":1,"6":1,"7":1,"8":0,"9":0,"10":0,"11":0,"12":0,"13":0,"14":0,"15":0,"16":0,"17":0,"18":0,"19":0,"20":0,"21":0,"22":0,"23":0,"24":0,"25":0,"26":0,"27":0,"28":0,"29":0,"30":0,"31":0,"32":0,"33":0,"34":0,"35":0,"36":0,"37":0,"38":0,"39":0,"40":0,"41":0,"42":0,"43":0,"44":0,"45":0,"46":0,"47":0,"48":0,"49":0,"50":0,"51":0,"52":0,"53":0,"54":0,"55":0,"56":1},"f":{"0":1,"1":0,"2":0,"3":0,"4":0,"5":0,"6":0,"7":0,"8":0,"9":0},"b":{}}
,"/Users/scalens_01/Documents/personal-project/nodejs/mimo-backend/src/apps/auth/api/user/user.route.ts": {"path":"/Users/scalens_01/Documents/personal-project/nodejs/mimo-backend/src/apps/auth/api/user/user.route.ts","statementMap":{"0":{"start":{"line":1,"column":0},"end":{"line":1,"column":33}},"1":{"start":{"line":2,"column":0},"end":{"line":2,"column":51}},"2":{"start":{"line":3,"column":0},"end":{"line":3,"column":null}},"3":{"start":{"line":10,"column":0},"end":{"line":10,"column":78}},"4":{"start":{"line":11,"column":23},"end":{"line":11,"column":43}},"5":{"start":{"line":12,"column":15},"end":{"line":12,"column":23}},"6":{"start":{"line":15,"column":0},"end":{"line":18,"column":51}},"7":{"start":{"line":21,"column":0},"end":{"line":26,"column":2}},"8":{"start":{"line":29,"column":0},"end":{"line":35,"column":2}},"9":{"start":{"line":38,"column":0},"end":{"line":44,"column":2}},"10":{"start":{"line":48,"column":0},"end":{"line":54,"column":2}},"11":{"start":{"line":56,"column":0},"end":{"line":61,"column":2}},"12":{"start":{"line":63,"column":0},"end":{"line":68,"column":2}},"13":{"start":{"line":70,"column":0},"end":{"line":75,"column":2}},"14":{"start":{"line":77,"column":0},"end":{"line":82,"column":2}},"15":{"start":{"line":86,"column":0},"end":{"line":86,"column":22}}},"fnMap":{},"branchMap":{},"s":{"0":1,"1":1,"2":1,"3":1,"4":1,"5":1,"6":1,"7":1,"8":1,"9":1,"10":1,"11":1,"12":1,"13":1,"14":1,"15":1},"f":{},"b":{}}
,"/Users/scalens_01/Documents/personal-project/nodejs/mimo-backend/src/apps/auth/data-access/invitation/invitation.model.ts": {"path":"/Users/scalens_01/Documents/personal-project/nodejs/mimo-backend/src/apps/auth/data-access/invitation/invitation.model.ts","statementMap":{"0":{"start":{"line":1,"column":0},"end":{"line":1,"column":41}},"1":{"start":{"line":4,"column":25},"end":{"line":13,"column":null}},"2":{"start":{"line":16,"column":13},"end":{"line":16,"column":82}}},"fnMap":{},"branchMap":{},"s":{"0":1,"1":1,"2":1},"f":{},"b":{}}
,"/Users/scalens_01/Documents/personal-project/nodejs/mimo-backend/src/apps/auth/data-access/invitation/invitation.repository.ts": {"path":"/Users/scalens_01/Documents/personal-project/nodejs/mimo-backend/src/apps/auth/data-access/invitation/invitation.repository.ts","statementMap":{"0":{"start":{"line":1,"column":0},"end":{"line":1,"column":53}},"1":{"start":{"line":4,"column":0},"end":{"line":4,"column":102}},"2":{"start":{"line":9,"column":8},"end":{"line":9,"column":31}},"3":{"start":{"line":13,"column":6},"end":{"line":13,"column":56}},"4":{"start":{"line":17,"column":6},"end":{"line":22,"column":16}},"5":{"start":{"line":6,"column":0},"end":{"line":6,"column":13}}},"fnMap":{"0":{"name":"(anonymous_7)","decl":{"start":{"line":8,"column":4},"end":{"line":8,"column":null}},"loc":{"start":{"line":8,"column":4},"end":{"line":10,"column":5}}},"1":{"name":"(anonymous_8)","decl":{"start":{"line":12,"column":10},"end":{"line":12,"column":21}},"loc":{"start":{"line":12,"column":35},"end":{"line":14,"column":null}}},"2":{"name":"(anonymous_10)","decl":{"start":{"line":16,"column":10},"end":{"line":16,"column":21}},"loc":{"start":{"line":16,"column":54},"end":{"line":23,"column":null}}}},"branchMap":{},"s":{"0":1,"1":1,"2":2,"3":0,"4":0,"5":1},"f":{"0":2,"1":0,"2":0},"b":{}}
,"/Users/scalens_01/Documents/personal-project/nodejs/mimo-backend/src/apps/auth/data-access/permission/permission.model.ts": {"path":"/Users/scalens_01/Documents/personal-project/nodejs/mimo-backend/src/apps/auth/data-access/permission/permission.model.ts","statementMap":{"0":{"start":{"line":1,"column":0},"end":{"line":1,"column":41}},"1":{"start":{"line":4,"column":13},"end":{"line":9,"column":2}},"2":{"start":{"line":11,"column":13},"end":{"line":11,"column":72}}},"fnMap":{},"branchMap":{},"s":{"0":2,"1":2,"2":2},"f":{},"b":{}}
,"/Users/scalens_01/Documents/personal-project/nodejs/mimo-backend/src/apps/auth/data-access/permission/permission.repository.ts": {"path":"/Users/scalens_01/Documents/personal-project/nodejs/mimo-backend/src/apps/auth/data-access/permission/permission.repository.ts","statementMap":{"0":{"start":{"line":1,"column":0},"end":{"line":1,"column":53}},"1":{"start":{"line":3,"column":0},"end":{"line":3,"column":102}},"2":{"start":{"line":7,"column":4},"end":{"line":7,"column":27}},"3":{"start":{"line":11,"column":4},"end":{"line":11,"column":47}},"4":{"start":{"line":5,"column":0},"end":{"line":5,"column":21}}},"fnMap":{"0":{"name":"(anonymous_7)","decl":{"start":{"line":6,"column":2},"end":{"line":6,"column":null}},"loc":{"start":{"line":6,"column":2},"end":{"line":8,"column":3}}},"1":{"name":"(anonymous_8)","decl":{"start":{"line":10,"column":8},"end":{"line":10,"column":17}},"loc":{"start":{"line":10,"column":30},"end":{"line":12,"column":null}}}},"branchMap":{},"s":{"0":2,"1":2,"2":5,"3":0,"4":2},"f":{"0":5,"1":0},"b":{}}
,"/Users/scalens_01/Documents/personal-project/nodejs/mimo-backend/src/apps/auth/data-access/role/role.interface.ts": {"path":"/Users/scalens_01/Documents/personal-project/nodejs/mimo-backend/src/apps/auth/data-access/role/role.interface.ts","statementMap":{"0":{"start":{"line":5,"column":0},"end":{"line":5,"column":null}},"1":{"start":{"line":6,"column":2},"end":{"line":6,"column":null}},"2":{"start":{"line":7,"column":2},"end":{"line":7,"column":null}},"3":{"start":{"line":8,"column":2},"end":{"line":8,"column":null}}},"fnMap":{"0":{"name":"(anonymous_0)","decl":{"start":{"line":5,"column":0},"end":{"line":5,"column":12}},"loc":{"start":{"line":5,"column":25},"end":{"line":9,"column":1}}}},"branchMap":{"0":{"loc":{"start":{"line":5,"column":12},"end":{"line":5,"column":null}},"type":"binary-expr","locations":[{"start":{"line":5,"column":12},"end":{"line":5,"column":25}},{"start":{"line":5,"column":25},"end":{"line":5,"column":null}}]}},"s":{"0":2,"1":2,"2":2,"3":2},"f":{"0":2},"b":{"0":[2,2]}}
,"/Users/scalens_01/Documents/personal-project/nodejs/mimo-backend/src/apps/auth/data-access/role/role.model.ts": {"path":"/Users/scalens_01/Documents/personal-project/nodejs/mimo-backend/src/apps/auth/data-access/role/role.model.ts","statementMap":{"0":{"start":{"line":1,"column":0},"end":{"line":1,"column":41}},"1":{"start":{"line":5,"column":19},"end":{"line":15,"column":null}},"2":{"start":{"line":18,"column":13},"end":{"line":18,"column":58}}},"fnMap":{},"branchMap":{},"s":{"0":2,"1":2,"2":2},"f":{},"b":{}}
,"/Users/scalens_01/Documents/personal-project/nodejs/mimo-backend/src/apps/auth/data-access/role/role.repository.ts": {"path":"/Users/scalens_01/Documents/personal-project/nodejs/mimo-backend/src/apps/auth/data-access/role/role.repository.ts","statementMap":{"0":{"start":{"line":1,"column":0},"end":{"line":1,"column":41}},"1":{"start":{"line":3,"column":0},"end":{"line":3,"column":102}},"2":{"start":{"line":7,"column":4},"end":{"line":7,"column":21}},"3":{"start":{"line":11,"column":4},"end":{"line":11,"column":47}},"4":{"start":{"line":15,"column":4},"end":{"line":15,"column":66}},"5":{"start":{"line":5,"column":0},"end":{"line":5,"column":21}}},"fnMap":{"0":{"name":"(anonymous_7)","decl":{"start":{"line":6,"column":2},"end":{"line":6,"column":null}},"loc":{"start":{"line":6,"column":2},"end":{"line":8,"column":3}}},"1":{"name":"(anonymous_8)","decl":{"start":{"line":10,"column":8},"end":{"line":10,"column":17}},"loc":{"start":{"line":10,"column":30},"end":{"line":12,"column":null}}},"2":{"name":"(anonymous_10)","decl":{"start":{"line":14,"column":8},"end":{"line":14,"column":34}},"loc":{"start":{"line":14,"column":45},"end":{"line":16,"column":null}}}},"branchMap":{},"s":{"0":2,"1":2,"2":4,"3":0,"4":0,"5":2},"f":{"0":4,"1":0,"2":0},"b":{}}
,"/Users/scalens_01/Documents/personal-project/nodejs/mimo-backend/src/apps/auth/data-access/token/token.interface.ts": {"path":"/Users/scalens_01/Documents/personal-project/nodejs/mimo-backend/src/apps/auth/data-access/token/token.interface.ts","statementMap":{"0":{"start":{"line":5,"column":0},"end":{"line":5,"column":null}},"1":{"start":{"line":6,"column":2},"end":{"line":6,"column":null}},"2":{"start":{"line":7,"column":2},"end":{"line":7,"column":null}},"3":{"start":{"line":8,"column":2},"end":{"line":8,"column":null}}},"fnMap":{"0":{"name":"(anonymous_0)","decl":{"start":{"line":5,"column":0},"end":{"line":5,"column":12}},"loc":{"start":{"line":5,"column":21},"end":{"line":9,"column":1}}}},"branchMap":{"0":{"loc":{"start":{"line":5,"column":12},"end":{"line":5,"column":null}},"type":"binary-expr","locations":[{"start":{"line":5,"column":12},"end":{"line":5,"column":21}},{"start":{"line":5,"column":21},"end":{"line":5,"column":null}}]}},"s":{"0":2,"1":2,"2":2,"3":2},"f":{"0":2},"b":{"0":[2,2]}}
,"/Users/scalens_01/Documents/personal-project/nodejs/mimo-backend/src/apps/auth/data-access/token/token.model.ts": {"path":"/Users/scalens_01/Documents/personal-project/nodejs/mimo-backend/src/apps/auth/data-access/token/token.model.ts","statementMap":{"0":{"start":{"line":1,"column":0},"end":{"line":1,"column":41}},"1":{"start":{"line":2,"column":0},"end":{"line":2,"column":54}},"2":{"start":{"line":4,"column":20},"end":{"line":16,"column":null}},"3":{"start":{"line":19,"column":13},"end":{"line":19,"column":62}}},"fnMap":{},"branchMap":{},"s":{"0":2,"1":2,"2":2,"3":2},"f":{},"b":{}}
,"/Users/scalens_01/Documents/personal-project/nodejs/mimo-backend/src/apps/auth/data-access/token/token.repository.ts": {"path":"/Users/scalens_01/Documents/personal-project/nodejs/mimo-backend/src/apps/auth/data-access/token/token.repository.ts","statementMap":{"0":{"start":{"line":2,"column":0},"end":{"line":2,"column":43}},"1":{"start":{"line":3,"column":0},"end":{"line":3,"column":102}},"2":{"start":{"line":7,"column":4},"end":{"line":7,"column":22}},"3":{"start":{"line":11,"column":4},"end":{"line":11,"column":68}},"4":{"start":{"line":5,"column":0},"end":{"line":5,"column":21}}},"fnMap":{"0":{"name":"(anonymous_7)","decl":{"start":{"line":6,"column":2},"end":{"line":6,"column":null}},"loc":{"start":{"line":6,"column":2},"end":{"line":8,"column":3}}},"1":{"name":"(anonymous_8)","decl":{"start":{"line":10,"column":8},"end":{"line":10,"column":17}},"loc":{"start":{"line":10,"column":35},"end":{"line":12,"column":null}}}},"branchMap":{},"s":{"0":2,"1":2,"2":2,"3":0,"4":2},"f":{"0":2,"1":0},"b":{}}
,"/Users/scalens_01/Documents/personal-project/nodejs/mimo-backend/src/apps/auth/data-access/user/user.interface.ts": {"path":"/Users/scalens_01/Documents/personal-project/nodejs/mimo-backend/src/apps/auth/data-access/user/user.interface.ts","statementMap":{"0":{"start":{"line":6,"column":0},"end":{"line":6,"column":null}},"1":{"start":{"line":7,"column":2},"end":{"line":7,"column":null}},"2":{"start":{"line":8,"column":2},"end":{"line":8,"column":null}}},"fnMap":{"0":{"name":"(anonymous_0)","decl":{"start":{"line":6,"column":0},"end":{"line":6,"column":12}},"loc":{"start":{"line":6,"column":20},"end":{"line":9,"column":1}}}},"branchMap":{"0":{"loc":{"start":{"line":6,"column":12},"end":{"line":6,"column":null}},"type":"binary-expr","locations":[{"start":{"line":6,"column":12},"end":{"line":6,"column":20}},{"start":{"line":6,"column":20},"end":{"line":6,"column":null}}]}},"s":{"0":2,"1":2,"2":2},"f":{"0":2},"b":{"0":[2,2]}}
,"/Users/scalens_01/Documents/personal-project/nodejs/mimo-backend/src/apps/auth/data-access/user/user.model.ts": {"path":"/Users/scalens_01/Documents/personal-project/nodejs/mimo-backend/src/apps/auth/data-access/user/user.model.ts","statementMap":{"0":{"start":{"line":1,"column":0},"end":{"line":1,"column":41}},"1":{"start":{"line":2,"column":0},"end":{"line":2,"column":51}},"2":{"start":{"line":5,"column":19},"end":{"line":21,"column":null}},"3":{"start":{"line":24,"column":0},"end":{"line":38,"column":3}},"4":{"start":{"line":25,"column":2},"end":{"line":36,"column":3}},"5":{"start":{"line":26,"column":4},"end":{"line":26,"column":33}},"6":{"start":{"line":28,"column":24},"end":{"line":28,"column":26}},"7":{"start":{"line":29,"column":4},"end":{"line":33,"column":5}},"8":{"start":{"line":30,"column":6},"end":{"line":32,"column":7}},"9":{"start":{"line":31,"column":8},"end":{"line":31,"column":46}},"10":{"start":{"line":35,"column":4},"end":{"line":35,"column":49}},"11":{"start":{"line":37,"column":2},"end":{"line":37,"column":9}},"12":{"start":{"line":40,"column":13},"end":{"line":40,"column":58}}},"fnMap":{"0":{"name":"(anonymous_7)","decl":{"start":{"line":24,"column":23},"end":{"line":24,"column":39}},"loc":{"start":{"line":24,"column":43},"end":{"line":38,"column":2}}}},"branchMap":{"0":{"loc":{"start":{"line":25,"column":2},"end":{"line":36,"column":3}},"type":"if","locations":[{"start":{"line":25,"column":2},"end":{"line":36,"column":3}}]},"1":{"loc":{"start":{"line":30,"column":6},"end":{"line":32,"column":7}},"type":"if","locations":[{"start":{"line":30,"column":6},"end":{"line":32,"column":7}}]},"2":{"loc":{"start":{"line":30,"column":10},"end":{"line":30,"column":61}},"type":"binary-expr","locations":[{"start":{"line":30,"column":10},"end":{"line":30,"column":26}},{"start":{"line":30,"column":30},"end":{"line":30,"column":61}}]}},"s":{"0":2,"1":2,"2":2,"3":2,"4":0,"5":0,"6":0,"7":0,"8":0,"9":0,"10":0,"11":0,"12":2},"f":{"0":0},"b":{"0":[0],"1":[0],"2":[0,0]}}
,"/Users/scalens_01/Documents/personal-project/nodejs/mimo-backend/src/apps/auth/data-access/user/user.repository.ts": {"path":"/Users/scalens_01/Documents/personal-project/nodejs/mimo-backend/src/apps/auth/data-access/user/user.repository.ts","statementMap":{"0":{"start":{"line":2,"column":0},"end":{"line":2,"column":41}},"1":{"start":{"line":3,"column":0},"end":{"line":3,"column":102}},"2":{"start":{"line":7,"column":4},"end":{"line":7,"column":21}},"3":{"start":{"line":11,"column":17},"end":{"line":15,"column":13}},"4":{"start":{"line":16,"column":4},"end":{"line":16,"column":16}},"5":{"start":{"line":20,"column":4},"end":{"line":24,"column":14}},"6":{"start":{"line":28,"column":4},"end":{"line":32,"column":14}},"7":{"start":{"line":5,"column":0},"end":{"line":5,"column":13}}},"fnMap":{"0":{"name":"(anonymous_7)","decl":{"start":{"line":6,"column":2},"end":{"line":6,"column":null}},"loc":{"start":{"line":6,"column":2},"end":{"line":8,"column":3}}},"1":{"name":"(anonymous_8)","decl":{"start":{"line":10,"column":8},"end":{"line":10,"column":18}},"loc":{"start":{"line":10,"column":32},"end":{"line":17,"column":null}}},"2":{"name":"(anonymous_10)","decl":{"start":{"line":19,"column":8},"end":{"line":19,"column":19}},"loc":{"start":{"line":19,"column":30},"end":{"line":25,"column":null}}},"3":{"name":"(anonymous_12)","decl":{"start":{"line":27,"column":8},"end":{"line":27,"column":35}},"loc":{"start":{"line":27,"column":35},"end":{"line":33,"column":null}}}},"branchMap":{},"s":{"0":2,"1":2,"2":3,"3":0,"4":0,"5":0,"6":0,"7":2},"f":{"0":3,"1":0,"2":0,"3":0},"b":{}}
,"/Users/scalens_01/Documents/personal-project/nodejs/mimo-backend/src/apps/auth/domain/auth/auth.basic.ts": {"path":"/Users/scalens_01/Documents/personal-project/nodejs/mimo-backend/src/apps/auth/domain/auth/auth.basic.ts","statementMap":{"0":{"start":{"line":1,"column":0},"end":{"line":1,"column":58}},"1":{"start":{"line":3,"column":0},"end":{"line":3,"column":65}},"2":{"start":{"line":4,"column":0},"end":{"line":4,"column":74}},"3":{"start":{"line":5,"column":0},"end":{"line":5,"column":null}},"4":{"start":{"line":14,"column":0},"end":{"line":14,"column":50}},"5":{"start":{"line":17,"column":0},"end":{"line":17,"column":47}},"6":{"start":{"line":34,"column":4},"end":{"line":34,"column":47}},"7":{"start":{"line":35,"column":4},"end":{"line":35,"column":43}},"8":{"start":{"line":36,"column":4},"end":{"line":36,"column":41}},"9":{"start":{"line":40,"column":25},"end":{"line":40,"column":77}},"10":{"start":{"line":41,"column":4},"end":{"line":47,"column":5}},"11":{"start":{"line":42,"column":6},"end":{"line":46,"column":9}},"12":{"start":{"line":49,"column":21},"end":{"line":49,"column":77}},"13":{"start":{"line":50,"column":4},"end":{"line":57,"column":5}},"14":{"start":{"line":51,"column":6},"end":{"line":56,"column":9}},"15":{"start":{"line":59,"column":27},"end":{"line":59,"column":78}},"16":{"start":{"line":60,"column":20},"end":{"line":64,"column":null}},"17":{"start":{"line":67,"column":23},"end":{"line":67,"column":41}},"18":{"start":{"line":68,"column":4},"end":{"line":68,"column":31}},"19":{"start":{"line":69,"column":4},"end":{"line":69,"column":22}},"20":{"start":{"line":73,"column":17},"end":{"line":73,"column":64}},"21":{"start":{"line":74,"column":43},"end":{"line":74,"column":58}},"22":{"start":{"line":74,"column":20},"end":{"line":74,"column":25}},"23":{"start":{"line":74,"column":38},"end":{"line":74,"column":43}},"24":{"start":{"line":75,"column":23},"end":{"line":75,"column":68}},"25":{"start":{"line":76,"column":29},"end":{"line":77,"column":null}},"26":{"start":{"line":80,"column":18},"end":{"line":85,"column":6}},"27":{"start":{"line":87,"column":4},"end":{"line":91,"column":null}},"28":{"start":{"line":96,"column":18},"end":{"line":98,"column":null}},"29":{"start":{"line":101,"column":32},"end":{"line":101,"column":99}},"30":{"start":{"line":102,"column":4},"end":{"line":102,"column":31}},"31":{"start":{"line":106,"column":17},"end":{"line":106,"column":69}},"32":{"start":{"line":107,"column":4},"end":{"line":114,"column":5}},"33":{"start":{"line":108,"column":6},"end":{"line":113,"column":9}},"34":{"start":{"line":116,"column":4},"end":{"line":121,"column":5}},"35":{"start":{"line":117,"column":6},"end":{"line":120,"column":9}},"36":{"start":{"line":123,"column":28},"end":{"line":125,"column":null}},"37":{"start":{"line":128,"column":4},"end":{"line":134,"column":5}},"38":{"start":{"line":129,"column":6},"end":{"line":133,"column":9}},"39":{"start":{"line":136,"column":4},"end":{"line":136,"column":16}},"40":{"start":{"line":140,"column":4},"end":{"line":145,"column":7}},"41":{"start":{"line":141,"column":6},"end":{"line":144,"column":8}},"42":{"start":{"line":149,"column":4},"end":{"line":154,"column":7}},"43":{"start":{"line":150,"column":6},"end":{"line":153,"column":8}},"44":{"start":{"line":28,"column":0},"end":{"line":28,"column":13}}},"fnMap":{"0":{"name":"(anonymous_9)","decl":{"start":{"line":33,"column":2},"end":{"line":33,"column":null}},"loc":{"start":{"line":33,"column":2},"end":{"line":37,"column":3}}},"1":{"name":"(anonymous_10)","decl":{"start":{"line":39,"column":8},"end":{"line":39,"column":16}},"loc":{"start":{"line":39,"column":42},"end":{"line":70,"column":null}}},"2":{"name":"(anonymous_12)","decl":{"start":{"line":72,"column":8},"end":{"line":72,"column":20}},"loc":{"start":{"line":72,"column":43},"end":{"line":93,"column":null}}},"3":{"name":"(anonymous_14)","decl":{"start":{"line":95,"column":8},"end":{"line":95,"column":30}},"loc":{"start":{"line":95,"column":42},"end":{"line":103,"column":null}}},"4":{"name":"(anonymous_16)","decl":{"start":{"line":105,"column":8},"end":{"line":105,"column":34}},"loc":{"start":{"line":105,"column":57},"end":{"line":137,"column":null}}},"5":{"name":"(anonymous_18)","decl":{"start":{"line":139,"column":2},"end":{"line":139,"column":21}},"loc":{"start":{"line":139,"column":36},"end":{"line":146,"column":3}}},"6":{"name":"(anonymous_19)","decl":{"start":{"line":140,"column":21},"end":{"line":140,"column":22}},"loc":{"start":{"line":140,"column":37},"end":{"line":145,"column":5}}},"7":{"name":"(anonymous_20)","decl":{"start":{"line":148,"column":2},"end":{"line":148,"column":27}},"loc":{"start":{"line":148,"column":54},"end":{"line":155,"column":3}}},"8":{"name":"(anonymous_21)","decl":{"start":{"line":149,"column":27},"end":{"line":149,"column":28}},"loc":{"start":{"line":149,"column":55},"end":{"line":154,"column":5}}}},"branchMap":{"0":{"loc":{"start":{"line":41,"column":4},"end":{"line":47,"column":5}},"type":"if","locations":[{"start":{"line":41,"column":4},"end":{"line":47,"column":5}}]},"1":{"loc":{"start":{"line":50,"column":4},"end":{"line":57,"column":5}},"type":"if","locations":[{"start":{"line":50,"column":4},"end":{"line":57,"column":5}}]},"2":{"loc":{"start":{"line":107,"column":4},"end":{"line":114,"column":5}},"type":"if","locations":[{"start":{"line":107,"column":4},"end":{"line":114,"column":5}}]},"3":{"loc":{"start":{"line":107,"column":8},"end":{"line":107,"column":32}},"type":"binary-expr","locations":[{"start":{"line":107,"column":8},"end":{"line":107,"column":13}},{"start":{"line":107,"column":17},"end":{"line":107,"column":32}}]},"4":{"loc":{"start":{"line":116,"column":4},"end":{"line":121,"column":5}},"type":"if","locations":[{"start":{"line":116,"column":4},"end":{"line":121,"column":5}}]},"5":{"loc":{"start":{"line":128,"column":4},"end":{"line":134,"column":5}},"type":"if","locations":[{"start":{"line":128,"column":4},"end":{"line":134,"column":5}}]}},"s":{"0":2,"1":2,"2":2,"3":2,"4":2,"5":2,"6":0,"7":0,"8":0,"9":0,"10":0,"11":0,"12":0,"13":0,"14":0,"15":0,"16":0,"17":0,"18":0,"19":0,"20":0,"21":0,"22":0,"23":0,"24":0,"25":0,"26":0,"27":0,"28":0,"29":0,"30":0,"31":0,"32":0,"33":0,"34":0,"35":0,"36":0,"37":0,"38":0,"39":0,"40":0,"41":0,"42":0,"43":0,"44":2},"f":{"0":0,"1":0,"2":0,"3":0,"4":0,"5":0,"6":0,"7":0,"8":0},"b":{"0":[0],"1":[0],"2":[0],"3":[0,0],"4":[0],"5":[0]}}
,"/Users/scalens_01/Documents/personal-project/nodejs/mimo-backend/src/apps/auth/domain/auth/auth.factory.ts": {"path":"/Users/scalens_01/Documents/personal-project/nodejs/mimo-backend/src/apps/auth/domain/auth/auth.factory.ts","statementMap":{"0":{"start":{"line":2,"column":0},"end":{"line":2,"column":49}},"1":{"start":{"line":3,"column":0},"end":{"line":3,"column":51}},"2":{"start":{"line":9,"column":4},"end":{"line":16,"column":5}},"3":{"start":{"line":11,"column":8},"end":{"line":11,"column":39}},"4":{"start":{"line":13,"column":8},"end":{"line":13,"column":40}},"5":{"start":{"line":15,"column":8},"end":{"line":15,"column":59}},"6":{"start":{"line":7,"column":0},"end":{"line":7,"column":13}}},"fnMap":{"0":{"name":"(anonymous_0)","decl":{"start":{"line":8,"column":2},"end":{"line":8,"column":8}},"loc":{"start":{"line":8,"column":34},"end":{"line":17,"column":3}}}},"branchMap":{"0":{"loc":{"start":{"line":9,"column":4},"end":{"line":16,"column":5}},"type":"switch","locations":[{"start":{"line":10,"column":6},"end":{"line":11,"column":39}},{"start":{"line":12,"column":6},"end":{"line":13,"column":40}},{"start":{"line":14,"column":6},"end":{"line":15,"column":59}}]}},"s":{"0":2,"1":2,"2":0,"3":0,"4":0,"5":0,"6":2},"f":{"0":0},"b":{"0":[0,0,0]}}
,"/Users/scalens_01/Documents/personal-project/nodejs/mimo-backend/src/apps/auth/domain/auth/auth.service.ts": {"path":"/Users/scalens_01/Documents/personal-project/nodejs/mimo-backend/src/apps/auth/domain/auth/auth.service.ts","statementMap":{"0":{"start":{"line":1,"column":0},"end":{"line":1,"column":58}},"1":{"start":{"line":2,"column":0},"end":{"line":2,"column":65}},"2":{"start":{"line":4,"column":0},"end":{"line":4,"column":63}},"3":{"start":{"line":5,"column":0},"end":{"line":5,"column":69}},"4":{"start":{"line":6,"column":0},"end":{"line":6,"column":50}},"5":{"start":{"line":7,"column":0},"end":{"line":7,"column":74}},"6":{"start":{"line":8,"column":0},"end":{"line":8,"column":62}},"7":{"start":{"line":15,"column":0},"end":{"line":15,"column":82}},"8":{"start":{"line":29,"column":4},"end":{"line":29,"column":18}},"9":{"start":{"line":30,"column":4},"end":{"line":30,"column":61}},"10":{"start":{"line":31,"column":4},"end":{"line":31,"column":47}},"11":{"start":{"line":32,"column":4},"end":{"line":32,"column":43}},"12":{"start":{"line":33,"column":4},"end":{"line":33,"column":53}},"13":{"start":{"line":37,"column":31},"end":{"line":37,"column":73}},"14":{"start":{"line":38,"column":4},"end":{"line":42,"column":5}},"15":{"start":{"line":40,"column":8},"end":{"line":40,"column":74}},"16":{"start":{"line":41,"column":6},"end":{"line":41,"column":73}},"17":{"start":{"line":43,"column":4},"end":{"line":43,"column":77}},"18":{"start":{"line":44,"column":4},"end":{"line":44,"column":30}},"19":{"start":{"line":48,"column":30},"end":{"line":48,"column":76}},"20":{"start":{"line":49,"column":4},"end":{"line":49,"column":29}},"21":{"start":{"line":53,"column":18},"end":{"line":55,"column":null}},"22":{"start":{"line":59,"column":6},"end":{"line":61,"column":20}},"23":{"start":{"line":63,"column":4},"end":{"line":69,"column":5}},"24":{"start":{"line":64,"column":6},"end":{"line":68,"column":9}},"25":{"start":{"line":71,"column":24},"end":{"line":73,"column":6}},"26":{"start":{"line":75,"column":4},"end":{"line":82,"column":5}},"27":{"start":{"line":76,"column":6},"end":{"line":81,"column":9}},"28":{"start":{"line":83,"column":4},"end":{"line":83,"column":23}},"29":{"start":{"line":87,"column":17},"end":{"line":87,"column":60}},"30":{"start":{"line":88,"column":4},"end":{"line":94,"column":5}},"31":{"start":{"line":89,"column":6},"end":{"line":93,"column":9}},"32":{"start":{"line":96,"column":4},"end":{"line":102,"column":5}},"33":{"start":{"line":97,"column":6},"end":{"line":101,"column":9}},"34":{"start":{"line":104,"column":32},"end":{"line":106,"column":null}},"35":{"start":{"line":108,"column":30},"end":{"line":108,"column":109}},"36":{"start":{"line":109,"column":4},"end":{"line":109,"column":64}},"37":{"start":{"line":110,"column":4},"end":{"line":110,"column":29}},"38":{"start":{"line":114,"column":22},"end":{"line":116,"column":null}},"39":{"start":{"line":120,"column":6},"end":{"line":122,"column":24}},"40":{"start":{"line":124,"column":4},"end":{"line":129,"column":5}},"41":{"start":{"line":125,"column":6},"end":{"line":128,"column":9}},"42":{"start":{"line":131,"column":24},"end":{"line":131,"column":71}},"43":{"start":{"line":132,"column":24},"end":{"line":134,"column":6}},"44":{"start":{"line":136,"column":4},"end":{"line":141,"column":5}},"45":{"start":{"line":137,"column":6},"end":{"line":140,"column":9}},"46":{"start":{"line":142,"column":4},"end":{"line":142,"column":23}},"47":{"start":{"line":146,"column":4},"end":{"line":153,"column":7}},"48":{"start":{"line":157,"column":4},"end":{"line":164,"column":7}},"49":{"start":{"line":22,"column":0},"end":{"line":22,"column":13}}},"fnMap":{"0":{"name":"(anonymous_8)","decl":{"start":{"line":28,"column":2},"end":{"line":28,"column":14}},"loc":{"start":{"line":28,"column":32},"end":{"line":34,"column":3}}},"1":{"name":"(anonymous_9)","decl":{"start":{"line":36,"column":8},"end":{"line":36,"column":16}},"loc":{"start":{"line":36,"column":42},"end":{"line":45,"column":null}}},"2":{"name":"(anonymous_11)","decl":{"start":{"line":47,"column":8},"end":{"line":47,"column":13}},"loc":{"start":{"line":47,"column":36},"end":{"line":50,"column":null}}},"3":{"name":"(anonymous_13)","decl":{"start":{"line":52,"column":8},"end":{"line":52,"column":27}},"loc":{"start":{"line":52,"column":40},"end":{"line":84,"column":null}}},"4":{"name":"(anonymous_15)","decl":{"start":{"line":86,"column":8},"end":{"line":86,"column":29}},"loc":{"start":{"line":86,"column":43},"end":{"line":111,"column":null}}},"5":{"name":"(anonymous_17)","decl":{"start":{"line":113,"column":8},"end":{"line":113,"column":28}},"loc":{"start":{"line":113,"column":58},"end":{"line":143,"column":null}}},"6":{"name":"(anonymous_19)","decl":{"start":{"line":145,"column":8},"end":{"line":145,"column":24}},"loc":{"start":{"line":145,"column":64},"end":{"line":154,"column":null}}},"7":{"name":"(anonymous_21)","decl":{"start":{"line":156,"column":8},"end":{"line":156,"column":30}},"loc":{"start":{"line":156,"column":63},"end":{"line":165,"column":null}}}},"branchMap":{"0":{"loc":{"start":{"line":38,"column":4},"end":{"line":42,"column":5}},"type":"if","locations":[{"start":{"line":38,"column":4},"end":{"line":42,"column":5}}]},"1":{"loc":{"start":{"line":59,"column":6},"end":{"line":61,"column":20}},"type":"cond-expr","locations":[{"start":{"line":60,"column":10},"end":{"line":60,"column":55}},{"start":{"line":61,"column":10},"end":{"line":61,"column":20}}]},"2":{"loc":{"start":{"line":63,"column":4},"end":{"line":69,"column":5}},"type":"if","locations":[{"start":{"line":63,"column":4},"end":{"line":69,"column":5}}]},"3":{"loc":{"start":{"line":75,"column":4},"end":{"line":82,"column":5}},"type":"if","locations":[{"start":{"line":75,"column":4},"end":{"line":82,"column":5}}]},"4":{"loc":{"start":{"line":88,"column":4},"end":{"line":94,"column":5}},"type":"if","locations":[{"start":{"line":88,"column":4},"end":{"line":94,"column":5}}]},"5":{"loc":{"start":{"line":96,"column":4},"end":{"line":102,"column":5}},"type":"if","locations":[{"start":{"line":96,"column":4},"end":{"line":102,"column":5}}]},"6":{"loc":{"start":{"line":120,"column":6},"end":{"line":122,"column":24}},"type":"cond-expr","locations":[{"start":{"line":121,"column":10},"end":{"line":121,"column":59}},{"start":{"line":122,"column":10},"end":{"line":122,"column":24}}]},"7":{"loc":{"start":{"line":124,"column":4},"end":{"line":129,"column":5}},"type":"if","locations":[{"start":{"line":124,"column":4},"end":{"line":129,"column":5}}]},"8":{"loc":{"start":{"line":136,"column":4},"end":{"line":141,"column":5}},"type":"if","locations":[{"start":{"line":136,"column":4},"end":{"line":141,"column":5}}]}},"s":{"0":1,"1":1,"2":1,"3":1,"4":1,"5":1,"6":1,"7":1,"8":0,"9":0,"10":0,"11":0,"12":0,"13":0,"14":0,"15":0,"16":0,"17":0,"18":0,"19":0,"20":0,"21":0,"22":0,"23":0,"24":0,"25":0,"26":0,"27":0,"28":0,"29":0,"30":0,"31":0,"32":0,"33":0,"34":0,"35":0,"36":0,"37":0,"38":0,"39":0,"40":0,"41":0,"42":0,"43":0,"44":0,"45":0,"46":0,"47":0,"48":0,"49":1},"f":{"0":0,"1":0,"2":0,"3":0,"4":0,"5":0,"6":0,"7":0},"b":{"0":[0],"1":[0,0],"2":[0],"3":[0],"4":[0],"5":[0],"6":[0,0],"7":[0],"8":[0]}}
,"/Users/scalens_01/Documents/personal-project/nodejs/mimo-backend/src/apps/auth/domain/auth/auth.social.ts": {"path":"/Users/scalens_01/Documents/personal-project/nodejs/mimo-backend/src/apps/auth/domain/auth/auth.social.ts","statementMap":{"0":{"start":{"line":2,"column":0},"end":{"line":2,"column":74}},"1":{"start":{"line":6,"column":4},"end":{"line":10,"column":7}},"2":{"start":{"line":14,"column":4},"end":{"line":18,"column":7}},"3":{"start":{"line":4,"column":0},"end":{"line":4,"column":13}}},"fnMap":{"0":{"name":"(anonymous_8)","decl":{"start":{"line":5,"column":8},"end":{"line":5,"column":16}},"loc":{"start":{"line":5,"column":26},"end":{"line":11,"column":null}}},"1":{"name":"(anonymous_10)","decl":{"start":{"line":13,"column":8},"end":{"line":13,"column":20}},"loc":{"start":{"line":13,"column":30},"end":{"line":19,"column":null}}}},"branchMap":{},"s":{"0":2,"1":0,"2":0,"3":2},"f":{"0":0,"1":0},"b":{}}
,"/Users/scalens_01/Documents/personal-project/nodejs/mimo-backend/src/apps/auth/domain/invitation/invitation.dto.ts": {"path":"/Users/scalens_01/Documents/personal-project/nodejs/mimo-backend/src/apps/auth/domain/invitation/invitation.dto.ts","statementMap":{"0":{"start":{"line":1,"column":0},"end":{"line":1,"column":null}},"1":{"start":{"line":8,"column":0},"end":{"line":8,"column":43}},"2":{"start":{"line":10,"column":0},"end":{"line":10,"column":13}},"3":{"start":{"line":14,"column":2},"end":{"line":14,"column":null}},"4":{"start":{"line":19,"column":2},"end":{"line":19,"column":null}},"5":{"start":{"line":24,"column":2},"end":{"line":24,"column":null}},"6":{"start":{"line":29,"column":2},"end":{"line":29,"column":null}},"7":{"start":{"line":32,"column":0},"end":{"line":32,"column":13}},"8":{"start":{"line":36,"column":2},"end":{"line":36,"column":null}},"9":{"start":{"line":41,"column":2},"end":{"line":41,"column":null}},"10":{"start":{"line":46,"column":2},"end":{"line":46,"column":null}}},"fnMap":{},"branchMap":{},"s":{"0":1,"1":1,"2":1,"3":1,"4":1,"5":1,"6":1,"7":1,"8":1,"9":1,"10":1},"f":{},"b":{}}
,"/Users/scalens_01/Documents/personal-project/nodejs/mimo-backend/src/apps/auth/domain/invitation/invitation.service.ts": {"path":"/Users/scalens_01/Documents/personal-project/nodejs/mimo-backend/src/apps/auth/domain/invitation/invitation.service.ts","statementMap":{"0":{"start":{"line":1,"column":0},"end":{"line":1,"column":33}},"1":{"start":{"line":2,"column":0},"end":{"line":2,"column":90}},"2":{"start":{"line":3,"column":0},"end":{"line":3,"column":60}},"3":{"start":{"line":4,"column":0},"end":{"line":4,"column":74}},"4":{"start":{"line":5,"column":0},"end":{"line":5,"column":58}},"5":{"start":{"line":6,"column":0},"end":{"line":6,"column":68}},"6":{"start":{"line":7,"column":0},"end":{"line":7,"column":62}},"7":{"start":{"line":9,"column":0},"end":{"line":9,"column":51}},"8":{"start":{"line":17,"column":4},"end":{"line":17,"column":24}},"9":{"start":{"line":18,"column":4},"end":{"line":18,"column":59}},"10":{"start":{"line":19,"column":4},"end":{"line":19,"column":41}},"11":{"start":{"line":20,"column":4},"end":{"line":20,"column":43}},"12":{"start":{"line":30,"column":25},"end":{"line":30,"column":69}},"13":{"start":{"line":31,"column":4},"end":{"line":33,"column":5}},"14":{"start":{"line":32,"column":6},"end":{"line":32,"column":80}},"15":{"start":{"line":35,"column":31},"end":{"line":35,"column":81}},"16":{"start":{"line":36,"column":4},"end":{"line":41,"column":5}},"17":{"start":{"line":37,"column":6},"end":{"line":40,"column":9}},"18":{"start":{"line":43,"column":24},"end":{"line":43,"column":69}},"19":{"start":{"line":44,"column":4},"end":{"line":46,"column":5}},"20":{"start":{"line":45,"column":6},"end":{"line":45,"column":74}},"21":{"start":{"line":48,"column":18},"end":{"line":48,"column":88}},"22":{"start":{"line":50,"column":5},"end":{"line":57,"column":7}},"23":{"start":{"line":59,"column":29},"end":{"line":59,"column":93}},"24":{"start":{"line":60,"column":4},"end":{"line":60,"column":71}},"25":{"start":{"line":65,"column":4},"end":{"line":70,"column":7}},"26":{"start":{"line":84,"column":18},"end":{"line":86,"column":null}},"27":{"start":{"line":89,"column":28},"end":{"line":89,"column":82}},"28":{"start":{"line":90,"column":4},"end":{"line":95,"column":5}},"29":{"start":{"line":91,"column":6},"end":{"line":94,"column":9}},"30":{"start":{"line":97,"column":4},"end":{"line":103,"column":6}},"31":{"start":{"line":107,"column":2},"end":{"line":107,"column":59}},"32":{"start":{"line":11,"column":0},"end":{"line":11,"column":13}}},"fnMap":{"0":{"name":"(anonymous_8)","decl":{"start":{"line":16,"column":2},"end":{"line":16,"column":null}},"loc":{"start":{"line":16,"column":2},"end":{"line":21,"column":3}}},"1":{"name":"(anonymous_9)","decl":{"start":{"line":23,"column":8},"end":{"line":23,"column":24}},"loc":{"start":{"line":28,"column":18},"end":{"line":62,"column":null}}},"2":{"name":"(anonymous_11)","decl":{"start":{"line":64,"column":16},"end":{"line":64,"column":35}},"loc":{"start":{"line":64,"column":94},"end":{"line":71,"column":null}}},"3":{"name":"(anonymous_13)","decl":{"start":{"line":74,"column":8},"end":{"line":74,"column":26}},"loc":{"start":{"line":75,"column":21},"end":{"line":104,"column":null}}},"4":{"name":"(anonymous_15)","decl":{"start":{"line":106,"column":6},"end":{"line":106,"column":22}},"loc":{"start":{"line":106,"column":43},"end":{"line":108,"column":null}}}},"branchMap":{"0":{"loc":{"start":{"line":31,"column":4},"end":{"line":33,"column":5}},"type":"if","locations":[{"start":{"line":31,"column":4},"end":{"line":33,"column":5}}]},"1":{"loc":{"start":{"line":36,"column":4},"end":{"line":41,"column":5}},"type":"if","locations":[{"start":{"line":36,"column":4},"end":{"line":41,"column":5}}]},"2":{"loc":{"start":{"line":44,"column":4},"end":{"line":46,"column":5}},"type":"if","locations":[{"start":{"line":44,"column":4},"end":{"line":46,"column":5}}]},"3":{"loc":{"start":{"line":90,"column":4},"end":{"line":95,"column":5}},"type":"if","locations":[{"start":{"line":90,"column":4},"end":{"line":95,"column":5}}]}},"s":{"0":1,"1":1,"2":1,"3":1,"4":1,"5":1,"6":1,"7":1,"8":2,"9":2,"10":2,"11":2,"12":0,"13":0,"14":0,"15":0,"16":0,"17":0,"18":0,"19":0,"20":0,"21":0,"22":0,"23":0,"24":0,"25":0,"26":0,"27":0,"28":0,"29":0,"30":0,"31":0,"32":1},"f":{"0":2,"1":0,"2":0,"3":0,"4":0},"b":{"0":[0],"1":[0],"2":[0],"3":[0]}}
,"/Users/scalens_01/Documents/personal-project/nodejs/mimo-backend/src/apps/auth/domain/permission/permission.dto.ts": {"path":"/Users/scalens_01/Documents/personal-project/nodejs/mimo-backend/src/apps/auth/domain/permission/permission.dto.ts","statementMap":{"0":{"start":{"line":1,"column":0},"end":{"line":1,"column":55}},"1":{"start":{"line":2,"column":0},"end":{"line":2,"column":43}},"2":{"start":{"line":4,"column":0},"end":{"line":4,"column":13}},"3":{"start":{"line":8,"column":2},"end":{"line":8,"column":null}}},"fnMap":{},"branchMap":{},"s":{"0":1,"1":1,"2":1,"3":1},"f":{},"b":{}}
,"/Users/scalens_01/Documents/personal-project/nodejs/mimo-backend/src/apps/auth/domain/permission/permission.service.ts": {"path":"/Users/scalens_01/Documents/personal-project/nodejs/mimo-backend/src/apps/auth/domain/permission/permission.service.ts","statementMap":{"0":{"start":{"line":1,"column":0},"end":{"line":1,"column":62}},"1":{"start":{"line":3,"column":0},"end":{"line":3,"column":86}},"2":{"start":{"line":5,"column":0},"end":{"line":5,"column":74}},"3":{"start":{"line":11,"column":4},"end":{"line":11,"column":24}},"4":{"start":{"line":12,"column":4},"end":{"line":12,"column":59}},"5":{"start":{"line":16,"column":4},"end":{"line":16,"column":52}},"6":{"start":{"line":22,"column":25},"end":{"line":23,"column":null}},"7":{"start":{"line":25,"column":4},"end":{"line":31,"column":5}},"8":{"start":{"line":26,"column":6},"end":{"line":30,"column":9}},"9":{"start":{"line":33,"column":4},"end":{"line":33,"column":62}},"10":{"start":{"line":7,"column":0},"end":{"line":7,"column":21}}},"fnMap":{"0":{"name":"(anonymous_8)","decl":{"start":{"line":10,"column":2},"end":{"line":10,"column":null}},"loc":{"start":{"line":10,"column":2},"end":{"line":13,"column":3}}},"1":{"name":"(anonymous_9)","decl":{"start":{"line":15,"column":8},"end":{"line":15,"column":25}},"loc":{"start":{"line":15,"column":25},"end":{"line":17,"column":null}}},"2":{"name":"(anonymous_11)","decl":{"start":{"line":19,"column":8},"end":{"line":19,"column":24}},"loc":{"start":{"line":20,"column":35},"end":{"line":34,"column":null}}}},"branchMap":{"0":{"loc":{"start":{"line":25,"column":4},"end":{"line":31,"column":5}},"type":"if","locations":[{"start":{"line":25,"column":4},"end":{"line":31,"column":5}}]}},"s":{"0":2,"1":2,"2":2,"3":5,"4":5,"5":0,"6":0,"7":0,"8":0,"9":0,"10":2},"f":{"0":5,"1":0,"2":0},"b":{"0":[0]}}
,"/Users/scalens_01/Documents/personal-project/nodejs/mimo-backend/src/apps/auth/domain/role/role.dto.ts": {"path":"/Users/scalens_01/Documents/personal-project/nodejs/mimo-backend/src/apps/auth/domain/role/role.dto.ts","statementMap":{"0":{"start":{"line":2,"column":0},"end":{"line":2,"column":null}},"1":{"start":{"line":9,"column":0},"end":{"line":9,"column":43}},"2":{"start":{"line":11,"column":0},"end":{"line":11,"column":13}},"3":{"start":{"line":15,"column":2},"end":{"line":15,"column":null}},"4":{"start":{"line":21,"column":2},"end":{"line":21,"column":null}}},"fnMap":{},"branchMap":{},"s":{"0":1,"1":1,"2":1,"3":1,"4":1},"f":{},"b":{}}
,"/Users/scalens_01/Documents/personal-project/nodejs/mimo-backend/src/apps/auth/domain/role/role.service.ts": {"path":"/Users/scalens_01/Documents/personal-project/nodejs/mimo-backend/src/apps/auth/domain/role/role.service.ts","statementMap":{"0":{"start":{"line":1,"column":0},"end":{"line":1,"column":62}},"1":{"start":{"line":3,"column":0},"end":{"line":3,"column":68}},"2":{"start":{"line":4,"column":0},"end":{"line":4,"column":65}},"3":{"start":{"line":5,"column":0},"end":{"line":5,"column":74}},"4":{"start":{"line":13,"column":4},"end":{"line":13,"column":18}},"5":{"start":{"line":14,"column":4},"end":{"line":14,"column":47}},"6":{"start":{"line":15,"column":4},"end":{"line":15,"column":53}},"7":{"start":{"line":19,"column":17},"end":{"line":19,"column":58}},"8":{"start":{"line":20,"column":4},"end":{"line":28,"column":5}},"9":{"start":{"line":21,"column":6},"end":{"line":27,"column":9}},"10":{"start":{"line":29,"column":4},"end":{"line":29,"column":16}},"11":{"start":{"line":33,"column":41},"end":{"line":33,"column":45}},"12":{"start":{"line":33,"column":36},"end":{"line":33,"column":41}},"13":{"start":{"line":34,"column":25},"end":{"line":34,"column":71}},"14":{"start":{"line":35,"column":4},"end":{"line":43,"column":5}},"15":{"start":{"line":36,"column":6},"end":{"line":42,"column":9}},"16":{"start":{"line":45,"column":4},"end":{"line":82,"column":5}},"17":{"start":{"line":46,"column":29},"end":{"line":46,"column":77}},"18":{"start":{"line":47,"column":34},"end":{"line":51,"column":39}},"19":{"start":{"line":49,"column":10},"end":{"line":49,"column":72}},"20":{"start":{"line":49,"column":37},"end":{"line":49,"column":71}},"21":{"start":{"line":51,"column":23},"end":{"line":51,"column":38}},"22":{"start":{"line":53,"column":6},"end":{"line":62,"column":7}},"23":{"start":{"line":54,"column":8},"end":{"line":61,"column":11}},"24":{"start":{"line":63,"column":34},"end":{"line":66,"column":8}},"25":{"start":{"line":65,"column":52},"end":{"line":65,"column":68}},"26":{"start":{"line":67,"column":26},"end":{"line":67,"column":79}},"27":{"start":{"line":69,"column":8},"end":{"line":69,"column":77}},"28":{"start":{"line":71,"column":6},"end":{"line":80,"column":7}},"29":{"start":{"line":72,"column":8},"end":{"line":79,"column":11}},"30":{"start":{"line":81,"column":6},"end":{"line":81,"column":40}},"31":{"start":{"line":83,"column":4},"end":{"line":83,"column":54}},"32":{"start":{"line":87,"column":4},"end":{"line":87,"column":40}},"33":{"start":{"line":8,"column":0},"end":{"line":8,"column":21}}},"fnMap":{"0":{"name":"(anonymous_9)","decl":{"start":{"line":12,"column":2},"end":{"line":12,"column":null}},"loc":{"start":{"line":12,"column":2},"end":{"line":16,"column":3}}},"1":{"name":"(anonymous_10)","decl":{"start":{"line":18,"column":8},"end":{"line":18,"column":21}},"loc":{"start":{"line":18,"column":34},"end":{"line":30,"column":null}}},"2":{"name":"(anonymous_12)","decl":{"start":{"line":32,"column":8},"end":{"line":32,"column":18}},"loc":{"start":{"line":32,"column":38},"end":{"line":84,"column":null}}},"3":{"name":"(anonymous_14)","decl":{"start":{"line":48,"column":13},"end":{"line":48,"column":14}},"loc":{"start":{"line":49,"column":10},"end":{"line":49,"column":72}}},"4":{"name":"(anonymous_15)","decl":{"start":{"line":49,"column":30},"end":{"line":49,"column":31}},"loc":{"start":{"line":49,"column":37},"end":{"line":49,"column":71}}},"5":{"name":"(anonymous_16)","decl":{"start":{"line":51,"column":16},"end":{"line":51,"column":17}},"loc":{"start":{"line":51,"column":23},"end":{"line":51,"column":38}}},"6":{"name":"(anonymous_17)","decl":{"start":{"line":65,"column":45},"end":{"line":65,"column":46}},"loc":{"start":{"line":65,"column":52},"end":{"line":65,"column":68}}},"7":{"name":"(anonymous_18)","decl":{"start":{"line":86,"column":8},"end":{"line":86,"column":19}},"loc":{"start":{"line":86,"column":19},"end":{"line":88,"column":null}}}},"branchMap":{"0":{"loc":{"start":{"line":20,"col
[...]
,"/Users/scalens_01/Documents/personal-project/nodejs/mimo-backend/src/librairies/middlewares/cors.middleware.ts": {"path":"/Users/scalens_01/Documents/personal-project/nodejs/mimo-backend/src/librairies/middlewares/cors.middleware.ts","statementMap":{"0":{"start":{"line":1,"column":0},"end":{"line":1,"column":24}},"1":{"start":{"line":2,"column":0},"end":{"line":2,"column":52}},"2":{"start":{"line":3,"column":0},"end":{"line":3,"column":68}},"3":{"start":{"line":5,"column":24},"end":{"line":5,"column":63}},"4":{"start":{"line":7,"column":13},"end":{"line":35,"column":3}},"5":{"start":{"line":12,"column":4},"end":{"line":14,"column":5}},"6":{"start":{"line":13,"column":6},"end":{"line":13,"column":29}},"7":{"start":{"line":15,"column":4},"end":{"line":30,"column":5}},"8":{"start":{"line":20,"column":6},"end":{"line":20,"column":27}},"9":{"start":{"line":22,"column":6},"end":{"line":29,"column":8}}},"fnMap":{"0":{"name":"(anonymous_1)","decl":{"start":{"line":8,"column":10},"end":{"line":8,"column":null}},"loc":{"start":{"line":10,"column":57},"end":{"line":31,"column":3}}}},"branchMap":{"0":{"loc":{"start":{"line":12,"column":4},"end":{"line":14,"column":5}},"type":"if","locations":[{"start":{"line":12,"column":4},"end":{"line":14,"column":5}}]},"1":{"loc":{"start":{"line":15,"column":4},"end":{"line":30,"column":5}},"type":"if","locations":[{"start":{"line":15,"column":4},"end":{"line":30,"column":5}},{"start":{"line":21,"column":11},"end":{"line":30,"column":5}}]},"2":{"loc":{"start":{"line":16,"column":6},"end":{"line":18,"column":58}},"type":"binary-expr","locations":[{"start":{"line":16,"column":6},"end":{"line":16,"column":12}},{"start":{"line":17,"column":6},"end":{"line":17,"column":35}},{"start":{"line":18,"column":6},"end":{"line":18,"column":58}}]}},"s":{"0":1,"1":1,"2":1,"3":1,"4":1,"5":0,"6":0,"7":0,"8":0,"9":0},"f":{"0":0},"b":{"0":[0],"1":[0,0],"2":[0,0,0]}}
,"/Users/scalens_01/Documents/personal-project/nodejs/mimo-backend/src/librairies/middlewares/error.middleware.ts": {"path":"/Users/scalens_01/Documents/personal-project/nodejs/mimo-backend/src/librairies/middlewares/error.middleware.ts","statementMap":{"0":{"start":{"line":2,"column":0},"end":{"line":2,"column":65}},"1":{"start":{"line":3,"column":0},"end":{"line":3,"column":62}},"2":{"start":{"line":4,"column":0},"end":{"line":4,"column":58}},"3":{"start":{"line":6,"column":15},"end":{"line":6,"column":40}},"4":{"start":{"line":8,"column":38},"end":{"line":26,"column":1}},"5":{"start":{"line":14,"column":2},"end":{"line":25,"column":3}},"6":{"start":{"line":15,"column":51},"end":{"line":15,"column":54}},"7":{"start":{"line":16,"column":4},"end":{"line":20,"column":5}},"8":{"start":{"line":17,"column":6},"end":{"line":19,"column":8}},"9":{"start":{"line":21,"column":4},"end":{"line":21,"column":77}},"10":{"start":{"line":23,"column":4},"end":{"line":23,"column":50}},"11":{"start":{"line":24,"column":4},"end":{"line":24,"column":56}},"12":{"start":{"line":8,"column":13},"end":{"line":8,"column":38}}},"fnMap":{"0":{"name":"(anonymous_0)","decl":{"start":{"line":8,"column":38},"end":{"line":8,"column":null}},"loc":{"start":{"line":13,"column":4},"end":{"line":26,"column":1}}}},"branchMap":{"0":{"loc":{"start":{"line":14,"column":2},"end":{"line":25,"column":3}},"type":"if","locations":[{"start":{"line":14,"column":2},"end":{"line":25,"column":3}},{"start":{"line":22,"column":9},"end":{"line":25,"column":3}}]},"1":{"loc":{"start":{"line":16,"column":4},"end":{"line":20,"column":5}},"type":"if","locations":[{"start":{"line":16,"column":4},"end":{"line":20,"column":5}}]}},"s":{"0":1,"1":1,"2":1,"3":1,"4":1,"5":0,"6":0,"7":0,"8":0,"9":0,"10":0,"11":0,"12":1},"f":{"0":0},"b":{"0":[0,0],"1":[0]}}
,"/Users/scalens_01/Documents/personal-project/nodejs/mimo-backend/src/librairies/middlewares/rate.limit.middleware.ts": {"path":"/Users/scalens_01/Documents/personal-project/nodejs/mimo-backend/src/librairies/middlewares/rate.limit.middleware.ts","statementMap":{"0":{"start":{"line":1,"column":0},"end":{"line":1,"column":47}},"1":{"start":{"line":3,"column":13},"end":{"line":7,"column":3}}},"fnMap":{},"branchMap":{},"s":{"0":1,"1":1},"f":{},"b":{}}
,"/Users/scalens_01/Documents/personal-project/nodejs/mimo-backend/src/librairies/middlewares/validateId.middleware.ts": {"path":"/Users/scalens_01/Documents/personal-project/nodejs/mimo-backend/src/librairies/middlewares/validateId.middleware.ts","statementMap":{"0":{"start":{"line":2,"column":0},"end":{"line":2,"column":43}},"1":{"start":{"line":3,"column":0},"end":{"line":3,"column":68}},"2":{"start":{"line":6,"column":2},"end":{"line":22,"column":3}},"3":{"start":{"line":7,"column":2},"end":{"line":22,"column":3}},"4":{"start":{"line":8,"column":4},"end":{"line":21,"column":5}},"5":{"start":{"line":9,"column":17},"end":{"line":9,"column":38}},"6":{"start":{"line":11,"column":6},"end":{"line":16,"column":7}},"7":{"start":{"line":12,"column":8},"end":{"line":15,"column":11}},"8":{"start":{"line":18,"column":6},"end":{"line":18,"column":13}},"9":{"start":{"line":20,"column":6},"end":{"line":20,"column":18}},"10":{"start":{"line":5,"column":13},"end":{"line":5,"column":null}}},"fnMap":{"0":{"name":"(anonymous_1)","decl":{"start":{"line":6,"column":2},"end":{"line":6,"column":3}},"loc":{"start":{"line":7,"column":2},"end":{"line":22,"column":3}}},"1":{"name":"(anonymous_2)","decl":{"start":{"line":7,"column":2},"end":{"line":7,"column":3}},"loc":{"start":{"line":7,"column":60},"end":{"line":22,"column":3}}}},"branchMap":{"0":{"loc":{"start":{"line":6,"column":23},"end":{"line":6,"column":47}},"type":"default-arg","locations":[{"start":{"line":6,"column":43},"end":{"line":6,"column":47}}]},"1":{"loc":{"start":{"line":11,"column":6},"end":{"line":16,"column":7}},"type":"if","locations":[{"start":{"line":11,"column":6},"end":{"line":16,"column":7}}]}},"s":{"0":1,"1":1,"2":1,"3":4,"4":0,"5":0,"6":0,"7":0,"8":0,"9":0,"10":1},"f":{"0":4,"1":0},"b":{"0":[4],"1":[0]}}
,"/Users/scalens_01/Documents/personal-project/nodejs/mimo-backend/src/librairies/middlewares/validation.middleware.ts": {"path":"/Users/scalens_01/Documents/personal-project/nodejs/mimo-backend/src/librairies/middlewares/validation.middleware.ts","statementMap":{"0":{"start":{"line":1,"column":0},"end":{"line":1,"column":43}},"1":{"start":{"line":2,"column":0},"end":{"line":2,"column":52}},"2":{"start":{"line":4,"column":0},"end":{"line":4,"column":58}},"3":{"start":{"line":6,"column":37},"end":{"line":28,"column":1}},"4":{"start":{"line":7,"column":2},"end":{"line":27,"column":4}},"5":{"start":{"line":7,"column":67},"end":{"line":27,"column":4}},"6":{"start":{"line":8,"column":24},"end":{"line":10,"column":6}},"7":{"start":{"line":11,"column":19},"end":{"line":11,"column":46}},"8":{"start":{"line":13,"column":4},"end":{"line":24,"column":5}},"9":{"start":{"line":14,"column":6},"end":{"line":22,"column":8}},"10":{"start":{"line":18,"column":29},"end":{"line":21,"column":10}},"11":{"start":{"line":23,"column":6},"end":{"line":23,"column":13}},"12":{"start":{"line":25,"column":4},"end":{"line":25,"column":27}},"13":{"start":{"line":26,"column":4},"end":{"line":26,"column":11}},"14":{"start":{"line":6,"column":13},"end":{"line":6,"column":37}}},"fnMap":{"0":{"name":"(anonymous_7)","decl":{"start":{"line":6,"column":37},"end":{"line":6,"column":38}},"loc":{"start":{"line":6,"column":55},"end":{"line":28,"column":1}}},"1":{"name":"(anonymous_8)","decl":{"start":{"line":7,"column":9},"end":{"line":7,"column":16}},"loc":{"start":{"line":7,"column":67},"end":{"line":27,"column":4}}},"2":{"name":"(anonymous_9)","decl":{"start":{"line":7,"column":67},"end":{"line":7,"column":null}},"loc":{"start":{"line":7,"column":67},"end":{"line":27,"column":3}}},"3":{"name":"(anonymous_10)","decl":{"start":{"line":18,"column":19},"end":{"line":18,"column":20}},"loc":{"start":{"line":18,"column":29},"end":{"line":21,"column":10}}}},"branchMap":{"0":{"loc":{"start":{"line":13,"column":4},"end":{"line":24,"column":5}},"type":"if","locations":[{"start":{"line":13,"column":4},"end":{"line":24,"column":5}}]}},"s":{"0":1,"1":1,"2":1,"3":1,"4":11,"5":0,"6":0,"7":0,"8":0,"9":0,"10":0,"11":0,"12":0,"13":0,"14":1},"f":{"0":11,"1":0,"2":0,"3":0},"b":{"0":[0]}}
,"/Users/scalens_01/Documents/personal-project/nodejs/mimo-backend/src/librairies/repositories/mongoose/mongoose.repository.ts": {"path":"/Users/scalens_01/Documents/personal-project/nodejs/mimo-backend/src/librairies/repositories/mongoose/mongoose.repository.ts","statementMap":{"0":{"start":{"line":8,"column":4},"end":{"line":8,"column":23}},"1":{"start":{"line":12,"column":4},"end":{"line":12,"column":42}},"2":{"start":{"line":16,"column":4},"end":{"line":16,"column":60}},"3":{"start":{"line":20,"column":20},"end":{"line":20,"column":40}},"4":{"start":{"line":21,"column":4},"end":{"line":21,"column":64}},"5":{"start":{"line":25,"column":4},"end":{"line":25,"column":74}},"6":{"start":{"line":29,"column":4},"end":{"line":29,"column":51}},"7":{"start":{"line":33,"column":4},"end":{"line":33,"column":48}},"8":{"start":{"line":4,"column":0},"end":{"line":4,"column":13}}},"fnMap":{"0":{"name":"(anonymous_7)","decl":{"start":{"line":7,"column":2},"end":{"line":7,"column":14}},"loc":{"start":{"line":7,"column":29},"end":{"line":9,"column":3}}},"1":{"name":"(anonymous_8)","decl":{"start":{"line":11,"column":8},"end":{"line":11,"column":15}},"loc":{"start":{"line":11,"column":26},"end":{"line":13,"column":null}}},"2":{"name":"(anonymous_10)","decl":{"start":{"line":15,"column":8},"end":{"line":15,"column":14}},"loc":{"start":{"line":15,"column":14},"end":{"line":17,"column":null}}},"3":{"name":"(anonymous_12)","decl":{"start":{"line":19,"column":8},"end":{"line":19,"column":14}},"loc":{"start":{"line":19,"column":65},"end":{"line":22,"column":null}}},"4":{"name":"(anonymous_14)","decl":{"start":{"line":24,"column":8},"end":{"line":24,"column":18}},"loc":{"start":{"line":24,"column":49},"end":{"line":26,"column":null}}},"5":{"name":"(anonymous_16)","decl":{"start":{"line":28,"column":8},"end":{"line":28,"column":18}},"loc":{"start":{"line":28,"column":29},"end":{"line":30,"column":null}}},"6":{"name":"(anonymous_18)","decl":{"start":{"line":32,"column":8},"end":{"line":32,"column":18}},"loc":{"start":{"line":32,"column":33},"end":{"line":34,"column":null}}}},"branchMap":{"0":{"loc":{"start":{"line":21,"column":11},"end":{"line":21,"column":63}},"type":"cond-expr","locations":[{"start":{"line":21,"column":21},"end":{"line":21,"column":46}},{"start":{"line":21,"column":49},"end":{"line":21,"column":63}}]}},"s":{"0":16,"1":0,"2":0,"3":0,"4":0,"5":0,"6":0,"7":0,"8":2},"f":{"0":16,"1":0,"2":0,"3":0,"4":0,"5":0,"6":0},"b":{"0":[0,0]}}
,"/Users/scalens_01/Documents/personal-project/nodejs/mimo-backend/src/librairies/services/base.service.ts": {"path":"/Users/scalens_01/Documents/personal-project/nodejs/mimo-backend/src/librairies/services/base.service.ts","statementMap":{"0":{"start":{"line":1,"column":0},"end":{"line":1,"column":68}},"1":{"start":{"line":3,"column":0},"end":{"line":3,"column":89}},"2":{"start":{"line":11,"column":4},"end":{"line":11,"column":33}},"3":{"start":{"line":12,"column":4},"end":{"line":12,"column":69}},"4":{"start":{"line":13,"column":4},"end":{"line":13,"column":65}},"5":{"start":{"line":17,"column":4},"end":{"line":22,"column":5}},"6":{"start":{"line":18,"column":6},"end":{"line":21,"column":9}},"7":{"start":{"line":23,"column":4},"end":{"line":23,"column":16}},"8":{"start":{"line":5,"column":0},"end":{"line":5,"column":13}}},"fnMap":{"0":{"name":"(anonymous_1)","decl":{"start":{"line":10,"column":2},"end":{"line":10,"column":14}},"loc":{"start":{"line":10,"column":32},"end":{"line":14,"column":3}}},"1":{"name":"(anonymous_2)","decl":{"start":{"line":16,"column":12},"end":{"line":16,"column":30}},"loc":{"start":{"line":16,"column":60},"end":{"line":24,"column":3}}}},"branchMap":{"0":{"loc":{"start":{"line":17,"column":4},"end":{"line":22,"column":5}},"type":"if","locations":[{"start":{"line":17,"column":4},"end":{"line":22,"column":5}}]}},"s":{"0":2,"1":2,"2":16,"3":16,"4":16,"5":0,"6":0,"7":0,"8":2},"f":{"0":16,"1":0},"b":{"0":[0]}}
,"/Users/scalens_01/Documents/personal-project/nodejs/mimo-backend/src/utils/general.utils.ts": {"path":"/Users/scalens_01/Documents/personal-project/nodejs/mimo-backend/src/utils/general.utils.ts","statementMap":{"0":{"start":{"line":1,"column":0},"end":{"line":1,"column":28}},"1":{"start":{"line":6,"column":21},"end":{"line":6,"column":69}},"2":{"start":{"line":7,"column":23},"end":{"line":7,"column":74}},"3":{"start":{"line":8,"column":4},"end":{"line":8,"column":49}},"4":{"start":{"line":12,"column":4},"end":{"line":14,"column":5}},"5":{"start":{"line":13,"column":6},"end":{"line":13,"column":60}},"6":{"start":{"line":16,"column":26},"end":{"line":16,"column":43}},"7":{"start":{"line":17,"column":4},"end":{"line":17,"column":60}},"8":{"start":{"line":3,"column":0},"end":{"line":3,"column":13}}},"fnMap":{"0":{"name":"(anonymous_1)","decl":{"start":{"line":4,"column":2},"end":{"line":4,"column":8}},"loc":{"start":{"line":4,"column":48},"end":{"line":9,"column":3}}},"1":{"name":"(anonymous_2)","decl":{"start":{"line":11,"column":2},"end":{"line":11,"column":8}},"loc":{"start":{"line":11,"column":68},"end":{"line":18,"column":3}}}},"branchMap":{"0":{"loc":{"start":{"line":11,"column":48},"end":{"line":11,"column":68}},"type":"default-arg","locations":[{"start":{"line":11,"column":66},"end":{"line":11,"column":68}}]},"1":{"loc":{"start":{"line":12,"column":4},"end":{"line":14,"column":5}},"type":"if","locations":[{"start":{"line":12,"column":4},"end":{"line":14,"column":5}}]}},"s":{"0":2,"1":0,"2":0,"3":0,"4":0,"5":0,"6":0,"7":0,"8":2},"f":{"0":0,"1":0},"b":{"0":[0],"1":[0]}}
,"/Users/scalens_01/Documents/personal-project/nodejs/mimo-backend/src/utils/helpers.utils.ts": {"path":"/Users/scalens_01/Documents/personal-project/nodejs/mimo-backend/src/utils/helpers.utils.ts","statementMap":{"0":{"start":{"line":1,"column":0},"end":{"line":1,"column":25}},"1":{"start":{"line":2,"column":0},"end":{"line":2,"column":29}},"2":{"start":{"line":4,"column":34},"end":{"line":8,"column":1}},"3":{"start":{"line":5,"column":23},"end":{"line":5,"column":73}},"4":{"start":{"line":6,"column":26},"end":{"line":6,"column":64}},"5":{"start":{"line":7,"column":2},"end":{"line":7,"column":25}},"6":{"start":{"line":4,"column":13},"end":{"line":4,"column":34}}},"fnMap":{"0":{"name":"(anonymous_9)","decl":{"start":{"line":4,"column":34},"end":{"line":4,"column":35}},"loc":{"start":{"line":4,"column":59},"end":{"line":8,"column":1}}}},"branchMap":{},"s":{"0":2,"1":2,"2":2,"3":0,"4":0,"5":0,"6":2},"f":{"0":0},"b":{}}
,"/Users/scalens_01/Documents/personal-project/nodejs/mimo-backend/src/utils/security.utils.ts": {"path":"/Users/scalens_01/Documents/personal-project/nodejs/mimo-backend/src/utils/security.utils.ts","statementMap":{"0":{"start":{"line":1,"column":0},"end":{"line":1,"column":28}},"1":{"start":{"line":2,"column":0},"end":{"line":2,"column":33}},"2":{"start":{"line":3,"column":0},"end":{"line":3,"column":47}},"3":{"start":{"line":4,"column":0},"end":{"line":4,"column":49}},"4":{"start":{"line":5,"column":0},"end":{"line":5,"column":65}},"5":{"start":{"line":17,"column":4},"end":{"line":17,"column":53}},"6":{"start":{"line":21,"column":19},"end":{"line":21,"column":39}},"7":{"start":{"line":22,"column":4},"end":{"line":28,"column":5}},"8":{"start":{"line":23,"column":6},"end":{"line":27,"column":9}},"9":{"start":{"line":29,"column":4},"end":{"line":29,"column":18}},"10":{"start":{"line":33,"column":17},"end":{"line":33,"column":41}},"11":{"start":{"line":34,"column":4},"end":{"line":34,"column":39}},"12":{"start":{"line":41,"column":4},"end":{"line":41,"column":61}},"13":{"start":{"line":45,"column":19},"end":{"line":45,"column":38}},"14":{"start":{"line":46,"column":4},"end":{"line":49,"column":7}},"15":{"start":{"line":53,"column":19},"end":{"line":53,"column":38}},"16":{"start":{"line":54,"column":4},"end":{"line":66,"column":7}},"17":{"start":{"line":55,"column":6},"end":{"line":65,"column":9}},"18":{"start":{"line":56,"column":8},"end":{"line":64,"column":9}},"19":{"start":{"line":57,"column":10},"end":{"line":61,"column":13}},"20":{"start":{"line":63,"column":10},"end":{"line":63,"column":49}},"21":{"start":{"line":70,"column":18},"end":{"line":70,"column":56}},"22":{"start":{"line":71,"column":24},"end":{"line":71,"column":48}},"23":{"start":{"line":72,"column":4},"end":{"line":72,"column":23}},"24":{"start":{"line":79,"column":4},"end":{"line":79,"column":57}},"25":{"start":{"line":86,"column":20},"end":{"line":86,"column":54}},"26":{"start":{"line":87,"column":20},"end":{"line":87,"column":75}},"27":{"start":{"line":87,"column":53},"end":{"line":87,"column":74}},"28":{"start":{"line":89,"column":4},"end":{"line":89,"column":30}},"29":{"start":{"line":15,"column":0},"end":{"line":15,"column":13}}},"fnMap":{"0":{"name":"(anonymous_17)","decl":{"start":{"line":16,"column":2},"end":{"line":16,"column":8}},"loc":{"start":{"line":16,"column":23},"end":{"line":18,"column":3}}},"1":{"name":"(anonymous_18)","decl":{"start":{"line":20,"column":2},"end":{"line":20,"column":8}},"loc":{"start":{"line":20,"column":21},"end":{"line":30,"column":3}}},"2":{"name":"(anonymous_19)","decl":{"start":{"line":32,"column":2},"end":{"line":32,"column":8}},"loc":{"start":{"line":32,"column":44},"end":{"line":35,"column":null}}},"3":{"name":"(anonymous_21)","decl":{"start":{"line":37,"column":2},"end":{"line":37,"column":8}},"loc":{"start":{"line":39,"column":30},"end":{"line":42,"column":null}}},"4":{"name":"(anonymous_23)","decl":{"start":{"line":44,"column":2},"end":{"line":44,"column":8}},"loc":{"start":{"line":44,"column":60},"end":{"line":50,"column":null}}},"5":{"name":"(anonymous_25)","decl":{"start":{"line":52,"column":2},"end":{"line":52,"column":8}},"loc":{"start":{"line":52,"column":43},"end":{"line":67,"column":null}}},"6":{"name":"(anonymous_27)","decl":{"start":{"line":54,"column":23},"end":{"line":54,"column":24}},"loc":{"start":{"line":54,"column":43},"end":{"line":66,"column":5}}},"7":{"name":"(anonymous_28)","decl":{"start":{"line":55,"column":32},"end":{"line":55,"column":33}},"loc":{"start":{"line":55,"column":50},"end":{"line":65,"column":7}}},"8":{"name":"(anonymous_29)","decl":{"start":{"line":69,"column":2},"end":{"line":69,"column":8}},"loc":{"start":{"line":69,"column":34},"end":{"line":73,"column":null}}},"9":{"name":"(anonymous_31)","decl":{"start":{"line":75,"column":2},"end":{"line":75,"column":8}},"loc":{"start":{"line":77,"column":23},"end":{"line":80,"column":3}}},"10":{"name":"(anonymous_32)","decl":{"start":{"line":82,"column":2},"end":{"line":82,"column":8}},"loc":{"start":{"line":84,"column":30},"end":{"line":90,"column":3}}},"11":{"name":"(anonymous_33)","decl":{"start":{"line":87,"column":43},"end":{"line":87,"column":44}},"loc":{"start":{"line":87,"column":53},"end":{"line":87,"column":74}}}},"branchMap":{"0":{"loc":{"start":{"line":22,"column":4},"end":{"line":28,"column":5}},"type":"if","locations":[{"start":{"line":22,"column":4},"end":{"line":28,"column":5}}]},"1":{"loc":{"start":{"line":56,"column":8},"end":{"line":64,"column":9}},"type":"if","locations":[{"start":{"line":56,"column":8},"end":{"line":64,"column":9}},{"start":{"line":62,"column":15},"end":{"line":64,"column":9}}]},"2":{"loc":{"start":{"line":89,"column":11},"end":{"line":89,"column":29}},"type":"binary-expr","locations":[{"start":{"line":89,"column":11},"end":{"line":89,"column":18}},{"start":{"line":89,"column":22},"end":{"line":89,"column":29}}]}},"s":{"0":2,"1":2,"2":2,"3":2,"4":2,"5":0,"6":0,"7":0,"8":0,"9":0,"10":0,"11":0,"12":0,"13":0,"14":0,"15":0,"16":0,"17":0,"18":0,"19":0,"20":0,"21":0,"22":0,"23":0,"24":0,"25":0,"26":0,"27":0,"28":0,"29":2},"f":{"0":0,"1":0,"2":0,"3":0,"4":0,"5":0,"6":0,"7":0,"8":0,"9":0,"10":0,"11":0},"b":{"0":[0],"1":[0,0],"2":[0,0]}}
}
