TN:
SF:src/apps/address/api/address.controller.ts
FN:10,(anonymous_7)
FN:15,(anonymous_8)
FN:33,(anonymous_10)
FN:53,(anonymous_12)
FN:68,(anonymous_14)
FN:84,(anonymous_16)
FNF:6
FNH:0
FNDA:0,(anonymous_7)
FNDA:0,(anonymous_8)
FNDA:0,(anonymous_10)
FNDA:0,(anonymous_12)
FNDA:0,(anonymous_14)
FNDA:0,(anonymous_16)
DA:1,0
DA:2,0
DA:3,0
DA:4,0
DA:7,0
DA:11,0
DA:12,0
DA:20,0
DA:21,0
DA:22,0
DA:23,0
DA:27,0
DA:29,0
DA:38,0
DA:39,0
DA:40,0
DA:41,0
DA:42,0
DA:47,0
DA:49,0
DA:58,0
DA:59,0
DA:60,0
DA:61,0
DA:62,0
DA:64,0
DA:73,0
DA:74,0
DA:75,0
DA:78,0
DA:80,0
DA:89,0
DA:90,0
DA:91,0
DA:92,0
DA:96,0
DA:98,0
LF:37
LH:0
BRF:0
BRH:0
end_of_record
TN:
SF:src/apps/address/api/address.route.ts
FNF:0
FNH:0
DA:1,0
DA:2,0
DA:3,0
DA:8,0
DA:10,0
DA:11,0
DA:13,0
DA:19,0
DA:26,0
DA:33,0
DA:41,0
DA:48,0
LF:12
LH:0
BRF:0
BRH:0
end_of_record
TN:
SF:src/apps/address/data-access/address.model.ts
FN:62,(anonymous_1)
FNF:1
FNH:0
FNDA:0,(anonymous_1)
DA:1,0
DA:3,0
DA:5,0
DA:62,0
DA:63,0
DA:64,0
DA:72,0
DA:75,0
LF:8
LH:0
BRDA:63,0,0,0
BRDA:63,1,0,0
BRDA:63,1,1,0
BRF:3
BRH:0
end_of_record
TN:
SF:src/apps/address/data-access/address.repository.ts
FN:6,(anonymous_7)
FN:10,(anonymous_8)
FN:15,(anonymous_10)
FNF:3
FNH:0
FNDA:0,(anonymous_7)
FNDA:0,(anonymous_8)
FNDA:0,(anonymous_10)
DA:1,0
DA:3,0
DA:5,0
DA:7,0
DA:11,0
DA:12,0
DA:19,0
LF:7
LH:0
BRF:0
BRH:0
end_of_record
TN:
SF:src/apps/address/domain/address.dto.ts
FNF:0
FNH:0
DA:1,0
DA:2,0
DA:4,0
DA:8,0
DA:13,0
DA:18,0
DA:23,0
DA:28,0
DA:33,0
DA:38,0
DA:43,0
DA:48,0
DA:53,0
DA:58,0
LF:14
LH:0
BRF:0
BRH:0
end_of_record
TN:
SF:src/apps/address/domain/address.service.ts
FN:11,(anonymous_8)
FN:16,(anonymous_9)
FN:42,(anonymous_11)
FN:62,(anonymous_13)
FN:97,(anonymous_15)
FN:133,(anonymous_17)
FN:138,(anonymous_19)
FNF:7
FNH:0
FNDA:0,(anonymous_8)
FNDA:0,(anonymous_9)
FNDA:0,(anonymous_11)
FNDA:0,(anonymous_13)
FNDA:0,(anonymous_15)
FNDA:0,(anonymous_17)
FNDA:0,(anonymous_19)
DA:2,0
DA:3,0
DA:4,0
DA:5,0
DA:8,0
DA:12,0
DA:13,0
DA:20,0
DA:22,0
DA:23,0
DA:29,0
DA:30,0
DA:31,0
DA:32,0
DA:39,0
DA:46,0
DA:51,0
DA:52,0
DA:59,0
DA:67,0
DA:68,0
DA:69,0
DA:75,0
DA:79,0
DA:80,0
DA:86,0
DA:87,0
DA:94,0
DA:102,0
DA:104,0
DA:105,0
DA:117,0
DA:118,0
DA:130,0
DA:134,0
DA:135,0
DA:139,0
DA:140,0
DA:141,0
DA:146,0
DA:147,0
DA:148,0
DA:149,0
DA:155,0
LF:44
LH:0
BRDA:22,0,0,0
BRDA:31,1,0,0
BRDA:51,2,0,0
BRDA:68,3,0,0
BRDA:79,4,0,0
BRDA:86,5,0,0
BRDA:104,6,0,0
BRDA:117,7,0,0
BRDA:140,8,0,0
BRDA:148,9,0,0
BRF:10
BRH:0
end_of_record
TN:
SF:src/apps/auth/api/auth/auth.controller.ts
FN:10,(anonymous_9)
FN:15,(anonymous_10)
FN:45,(anonymous_12)
FN:71,(anonymous_14)
FN:86,(anonymous_16)
FN:105,(anonymous_18)
FNF:6
FNH:2
FNDA:4,(anonymous_9)
FNDA:3,(anonymous_10)
FNDA:0,(anonymous_12)
FNDA:0,(anonymous_14)
FNDA:0,(anonymous_16)
FNDA:0,(anonymous_18)
DA:2,1
DA:3,1
DA:4,1
DA:5,1
DA:7,1
DA:11,4
DA:12,4
DA:20,3
DA:21,3
DA:23,3
DA:24,3
DA:25,1
DA:31,2
DA:32,2
DA:33,1
DA:34,1
DA:41,2
DA:46,0
DA:48,0
DA:49,0
DA:50,0
DA:56,0
DA:57,0
DA:58,0
DA:59,0
DA:60,0
DA:67,0
DA:76,0
DA:77,0
DA:78,0
DA:79,0
DA:80,0
DA:82,0
DA:91,0
DA:93,0
DA:94,0
DA:95,0
DA:96,0
DA:99,0
DA:101,0
DA:110,0
DA:111,0
DA:112,0
DA:113,0
DA:116,0
DA:118,0
LF:46
LH:17
BRDA:24,0,0,1
BRDA:24,1,0,3
BRDA:24,1,1,3
BRDA:49,2,0,0
BRDA:49,3,0,0
BRDA:49,3,1,0
BRF:6
BRH:3
end_of_record
TN:
SF:src/apps/auth/api/auth/auth.route.ts
FNF:0
FNH:0
DA:1,1
DA:2,1
DA:9,1
DA:10,1
DA:14,1
DA:15,1
DA:17,1
DA:23,1
DA:29,1
DA:35,1
DA:41,1
DA:47,1
LF:12
LH:12
BRF:0
BRH:0
end_of_record
TN:
SF:src/apps/auth/api/auth/auth.swagger.docs.ts
FNF:0
FNH:0
DA:1,1
LF:1
LH:1
BRF:0
BRH:0
end_of_record
TN:
SF:src/apps/auth/api/invitation/invitation.controller.ts
FN:7,(anonymous_7)
FN:11,(anonymous_8)
FNF:2
FNH:1
FNDA:1,(anonymous_7)
FNDA:0,(anonymous_8)
DA:2,1
DA:3,1
DA:5,1
DA:8,1
DA:12,0
DA:13,0
DA:14,0
DA:15,0
DA:16,0
DA:18,0
LF:10
LH:4
BRF:0
BRH:0
end_of_record
TN:
SF:src/apps/auth/api/invitation/invitation.route.ts
FNF:0
FNH:0
DA:1,1
DA:2,1
DA:3,1
DA:9,1
DA:11,1
DA:12,1
DA:21,1
DA:28,1
LF:8
LH:8
BRF:0
BRH:0
end_of_record
TN:
SF:src/apps/auth/api/permission/permission.controller.ts
FN:9,(anonymous_8)
FN:14,(anonymous_9)
FNF:2
FNH:1
FNDA:1,(anonymous_8)
FNDA:0,(anonymous_9)
DA:2,1
DA:3,1
DA:4,1
DA:6,1
DA:10,1
DA:11,1
DA:19,0
DA:20,0
DA:23,0
DA:30,0
LF:10
LH:6
BRF:0
BRH:0
end_of_record
TN:
SF:src/apps/auth/api/permission/permission.route.ts
FNF:0
FNH:0
DA:1,1
DA:2,1
DA:3,1
DA:4,1
DA:10,1
DA:11,1
DA:13,1
DA:21,1
LF:8
LH:8
BRF:0
BRH:0
end_of_record
TN:
SF:src/apps/auth/api/role/role.controller.ts
FN:9,(anonymous_8)
FN:14,(anonymous_9)
FN:27,(anonymous_11)
FNF:3
FNH:1
FNDA:1,(anonymous_8)
FNDA:0,(anonymous_9)
FNDA:0,(anonymous_11)
DA:2,1
DA:3,1
DA:4,1
DA:6,1
DA:10,1
DA:11,1
DA:19,0
DA:20,0
DA:21,0
DA:23,0
DA:32,0
DA:33,0
DA:34,0
DA:36,0
LF:14
LH:6
BRF:0
BRH:0
end_of_record
TN:
SF:src/apps/auth/api/role/role.route.ts
FNF:0
FNH:0
DA:1,1
DA:2,1
DA:3,1
DA:4,1
DA:10,1
DA:11,1
DA:13,1
DA:21,1
DA:29,1
LF:9
LH:9
BRF:0
BRH:0
end_of_record
TN:
SF:src/apps/auth/api/user/user.controller.ts
FN:12,(anonymous_7)
FN:18,(anonymous_8)
FN:27,(anonymous_10)
FN:37,(anonymous_12)
FN:48,(anonymous_14)
FN:58,(anonymous_16)
FN:80,(anonymous_18)
FN:97,(anonymous_20)
FN:112,(anonymous_22)
FN:122,(anonymous_24)
FNF:10
FNH:1
FNDA:1,(anonymous_7)
FNDA:0,(anonymous_8)
FNDA:0,(anonymous_10)
FNDA:0,(anonymous_12)
FNDA:0,(anonymous_14)
FNDA:0,(anonymous_16)
FNDA:0,(anonymous_18)
FNDA:0,(anonymous_20)
FNDA:0,(anonymous_22)
FNDA:0,(anonymous_24)
DA:2,1
DA:3,1
DA:4,1
DA:5,1
DA:6,1
DA:8,1
DA:13,1
DA:14,1
DA:15,1
DA:19,0
DA:20,0
DA:21,0
DA:23,0
DA:28,0
DA:29,0
DA:30,0
DA:31,0
DA:33,0
DA:38,0
DA:39,0
DA:40,0
DA:41,0
DA:42,0
DA:44,0
DA:49,0
DA:50,0
DA:51,0
DA:52,0
DA:54,0
DA:63,0
DA:64,0
DA:65,0
DA:66,0
DA:70,0
DA:73,0
DA:75,0
DA:81,0
DA:82,0
DA:83,0
DA:90,0
DA:92,0
DA:102,0
DA:103,0
DA:104,0
DA:105,0
DA:106,0
DA:108,0
DA:113,0
DA:114,0
DA:115,0
DA:116,0
DA:118,0
DA:123,0
DA:124,0
DA:125,0
DA:126,0
DA:128,0
LF:57
LH:9
BRF:0
BRH:0
end_of_record
TN:
SF:src/apps/auth/api/user/user.route.ts
FNF:0
FNH:0
DA:1,1
DA:2,1
DA:3,1
DA:10,1
DA:11,1
DA:12,1
DA:15,1
DA:21,1
DA:29,1
DA:38,1
DA:48,1
DA:56,1
DA:63,1
DA:70,1
DA:77,1
DA:86,1
LF:16
LH:16
BRF:0
BRH:0
end_of_record
TN:
SF:src/apps/auth/data-access/invitation/invitation.model.ts
FNF:0
FNH:0
DA:1,1
DA:4,1
DA:16,1
LF:3
LH:3
BRF:0
BRH:0
end_of_record
TN:
SF:src/apps/auth/data-access/invitation/invitation.repository.ts
FN:8,(anonymous_7)
FN:12,(anonymous_8)
FN:16,(anonymous_10)
FNF:3
FNH:1
FNDA:2,(anonymous_7)
FNDA:0,(anonymous_8)
FNDA:0,(anonymous_10)
DA:1,1
DA:4,1
DA:6,1
DA:9,2
DA:13,0
DA:17,0
LF:6
LH:4
BRF:0
BRH:0
end_of_record
TN:
SF:src/apps/auth/data-access/permission/permission.model.ts
FNF:0
FNH:0
DA:1,2
DA:4,2
DA:11,2
LF:3
LH:3
BRF:0
BRH:0
end_of_record
TN:
SF:src/apps/auth/data-access/permission/permission.repository.ts
FN:6,(anonymous_7)
FN:10,(anonymous_8)
FNF:2
FNH:1
FNDA:5,(anonymous_7)
FNDA:0,(anonymous_8)
DA:1,2
DA:3,2
DA:5,2
DA:7,5
DA:11,0
LF:5
LH:4
BRF:0
BRH:0
end_of_record
TN:
SF:src/apps/auth/data-access/role/role.interface.ts
FN:5,(anonymous_0)
FNF:1
FNH:1
FNDA:2,(anonymous_0)
DA:5,2
DA:6,2
DA:7,2
DA:8,2
LF:4
LH:4
BRDA:5,0,0,2
BRDA:5,0,1,2
BRF:2
BRH:2
end_of_record
TN:
SF:src/apps/auth/data-access/role/role.model.ts
FNF:0
FNH:0
DA:1,2
DA:5,2
DA:18,2
LF:3
LH:3
BRF:0
BRH:0
end_of_record
TN:
SF:src/apps/auth/data-access/role/role.repository.ts
FN:6,(anonymous_7)
FN:10,(anonymous_8)
FN:14,(anonymous_10)
FNF:3
FNH:1
FNDA:4,(anonymous_7)
FNDA:0,(anonymous_8)
FNDA:0,(anonymous_10)
DA:1,2
DA:3,2
DA:5,2
DA:7,4
DA:11,0
DA:15,0
LF:6
LH:4
BRF:0
BRH:0
end_of_record
TN:
SF:src/apps/auth/data-access/token/token.interface.ts
FN:5,(anonymous_0)
FNF:1
FNH:1
FNDA:2,(anonymous_0)
DA:5,2
DA:6,2
DA:7,2
DA:8,2
LF:4
LH:4
BRDA:5,0,0,2
BRDA:5,0,1,2
BRF:2
BRH:2
end_of_record
TN:
SF:src/apps/auth/data-access/token/token.model.ts
FNF:0
FNH:0
DA:1,2
DA:2,2
DA:4,2
DA:19,2
LF:4
LH:4
BRF:0
BRH:0
end_of_record
TN:
SF:src/apps/auth/data-access/token/token.repository.ts
FN:6,(anonymous_7)
FN:10,(anonymous_8)
FNF:2
FNH:1
FNDA:2,(anonymous_7)
FNDA:0,(anonymous_8)
DA:2,2
DA:3,2
DA:5,2
DA:7,2
DA:11,0
LF:5
LH:4
BRF:0
BRH:0
end_of_record
TN:
SF:src/apps/auth/data-access/user/user.interface.ts
FN:6,(anonymous_0)
FNF:1
FNH:1
FNDA:2,(anonymous_0)
DA:6,2
DA:7,2
DA:8,2
LF:3
LH:3
BRDA:6,0,0,2
BRDA:6,0,1,2
BRF:2
BRH:2
end_of_record
TN:
SF:src/apps/auth/data-access/user/user.model.ts
FN:24,(anonymous_7)
FNF:1
FNH:0
FNDA:0,(anonymous_7)
DA:1,2
DA:2,2
DA:5,2
DA:24,2
DA:25,0
DA:26,0
DA:28,0
DA:29,0
DA:30,0
DA:31,0
DA:35,0
DA:37,0
DA:40,2
LF:13
LH:5
BRDA:25,0,0,0
BRDA:30,1,0,0
BRDA:30,2,0,0
BRDA:30,2,1,0
BRF:4
BRH:0
end_of_record
TN:
SF:src/apps/auth/data-access/user/user.repository.ts
FN:6,(anonymous_7)
FN:10,(anonymous_8)
FN:19,(anonymous_10)
FN:27,(anonymous_12)
FNF:4
FNH:1
FNDA:3,(anonymous_7)
FNDA:0,(anonymous_8)
FNDA:0,(anonymous_10)
FNDA:0,(anonymous_12)
DA:2,2
DA:3,2
DA:5,2
DA:7,3
DA:11,0
DA:16,0
DA:20,0
DA:28,0
LF:8
LH:4
BRF:0
BRH:0
end_of_record
TN:
SF:src/apps/auth/domain/auth/auth.basic.ts
FN:33,(anonymous_9)
FN:39,(anonymous_10)
FN:72,(anonymous_12)
FN:95,(anonymous_14)
FN:105,(anonymous_16)
FN:139,(anonymous_18)
FN:140,(anonymous_19)
FN:148,(anonymous_20)
FN:149,(anonymous_21)
FNF:9
FNH:0
FNDA:0,(anonymous_9)
FNDA:0,(anonymous_10)
FNDA:0,(anonymous_12)
FNDA:0,(anonymous_14)
FNDA:0,(anonymous_16)
FNDA:0,(anonymous_18)
FNDA:0,(anonymous_19)
FNDA:0,(anonymous_20)
FNDA:0,(anonymous_21)
DA:1,2
DA:3,2
DA:4,2
DA:5,2
DA:14,2
DA:17,2
DA:28,2
DA:34,0
DA:35,0
DA:36,0
DA:40,0
DA:41,0
DA:42,0
DA:49,0
DA:50,0
DA:51,0
DA:59,0
DA:60,0
DA:67,0
DA:68,0
DA:69,0
DA:73,0
DA:74,0
DA:75,0
DA:76,0
DA:80,0
DA:87,0
DA:96,0
DA:101,0
DA:102,0
DA:106,0
DA:107,0
DA:108,0
DA:116,0
DA:117,0
DA:123,0
DA:128,0
DA:129,0
DA:136,0
DA:140,0
DA:141,0
DA:149,0
DA:150,0
LF:43
LH:7
BRDA:41,0,0,0
BRDA:50,1,0,0
BRDA:107,2,0,0
BRDA:107,3,0,0
BRDA:107,3,1,0
BRDA:116,4,0,0
BRDA:128,5,0,0
BRF:7
BRH:0
end_of_record
TN:
SF:src/apps/auth/domain/auth/auth.factory.ts
FN:8,(anonymous_0)
FNF:1
FNH:0
FNDA:0,(anonymous_0)
DA:2,2
DA:3,2
DA:7,2
DA:9,0
DA:11,0
DA:13,0
DA:15,0
LF:7
LH:3
BRDA:9,0,0,0
BRDA:9,0,1,0
BRDA:9,0,2,0
BRF:3
BRH:0
end_of_record
TN:
SF:src/apps/auth/domain/auth/auth.service.ts
FN:28,(anonymous_8)
FN:36,(anonymous_9)
FN:47,(anonymous_11)
FN:52,(anonymous_13)
FN:86,(anonymous_15)
FN:113,(anonymous_17)
FN:145,(anonymous_19)
FN:156,(anonymous_21)
FNF:8
FNH:0
FNDA:0,(anonymous_8)
FNDA:0,(anonymous_9)
FNDA:0,(anonymous_11)
FNDA:0,(anonymous_13)
FNDA:0,(anonymous_15)
FNDA:0,(anonymous_17)
FNDA:0,(anonymous_19)
FNDA:0,(anonymous_21)
DA:1,1
DA:2,1
DA:4,1
DA:5,1
DA:6,1
DA:7,1
DA:8,1
DA:15,1
DA:22,1
DA:29,0
DA:30,0
DA:31,0
DA:32,0
DA:33,0
DA:37,0
DA:38,0
DA:40,0
DA:41,0
DA:43,0
DA:44,0
DA:48,0
DA:49,0
DA:53,0
DA:59,0
DA:63,0
DA:64,0
DA:71,0
DA:75,0
DA:76,0
DA:83,0
DA:87,0
DA:88,0
DA:89,0
DA:96,0
DA:97,0
DA:104,0
DA:108,0
DA:109,0
DA:110,0
DA:114,0
DA:120,0
DA:124,0
DA:125,0
DA:131,0
DA:132,0
DA:136,0
DA:137,0
DA:142,0
DA:146,0
DA:157,0
LF:50
LH:9
BRDA:38,0,0,0
BRDA:59,1,0,0
BRDA:59,1,1,0
BRDA:63,2,0,0
BRDA:75,3,0,0
BRDA:88,4,0,0
BRDA:96,5,0,0
BRDA:120,6,0,0
BRDA:120,6,1,0
BRDA:124,7,0,0
BRDA:136,8,0,0
BRF:11
BRH:0
end_of_record
TN:
SF:src/apps/auth/domain/auth/auth.social.ts
FN:5,(anonymous_8)
FN:13,(anonymous_10)
FNF:2
FNH:0
FNDA:0,(anonymous_8)
FNDA:0,(anonymous_10)
DA:2,2
DA:4,2
DA:6,0
DA:14,0
LF:4
LH:2
BRF:0
BRH:0
end_of_record
TN:
SF:src/apps/auth/domain/invitation/invitation.dto.ts
FNF:0
FNH:0
DA:1,1
DA:8,1
DA:10,1
DA:14,1
DA:19,1
DA:24,1
DA:29,1
DA:32,1
DA:36,1
DA:41,1
DA:46,1
LF:11
LH:11
BRF:0
BRH:0
end_of_record
TN:
SF:src/apps/auth/domain/invitation/invitation.service.ts
FN:16,(anonymous_8)
FN:23,(anonymous_9)
FN:64,(anonymous_11)
FN:74,(anonymous_13)
FN:106,(anonymous_15)
FNF:5
FNH:1
FNDA:2,(anonymous_8)
FNDA:0,(anonymous_9)
FNDA:0,(anonymous_11)
FNDA:0,(anonymous_13)
FNDA:0,(anonymous_15)
DA:1,1
DA:2,1
DA:3,1
DA:4,1
DA:5,1
DA:6,1
DA:7,1
DA:9,1
DA:11,1
DA:17,2
DA:18,2
DA:19,2
DA:20,2
DA:30,0
DA:31,0
DA:32,0
DA:35,0
DA:36,0
DA:37,0
DA:43,0
DA:44,0
DA:45,0
DA:48,0
DA:50,0
DA:59,0
DA:60,0
DA:65,0
DA:84,0
DA:89,0
DA:90,0
DA:91,0
DA:97,0
DA:107,0
LF:33
LH:13
BRDA:31,0,0,0
BRDA:36,1,0,0
BRDA:44,2,0,0
BRDA:90,3,0,0
BRF:4
BRH:0
end_of_record
TN:
SF:src/apps/auth/domain/permission/permission.dto.ts
FNF:0
FNH:0
DA:1,1
DA:2,1
DA:4,1
DA:8,1
LF:4
LH:4
BRF:0
BRH:0
end_of_record
TN:
SF:src/apps/auth/domain/permission/permission.service.ts
FN:10,(anonymous_8)
FN:15,(anonymous_9)
FN:19,(anonymous_11)
FNF:3
FNH:1
FNDA:5,(anonymous_8)
FNDA:0,(anonymous_9)
FNDA:0,(anonymous_11)
DA:1,2
DA:3,2
DA:5,2
DA:7,2
DA:11,5
DA:12,5
DA:16,0
DA:22,0
DA:25,0
DA:26,0
DA:33,0
LF:11
LH:6
BRDA:25,0,0,0
BRF:1
BRH:0
end_of_record
TN:
SF:src/apps/auth/domain/role/role.dto.ts
FNF:0
FNH:0
DA:2,1
DA:9,1
DA:11,1
DA:15,1
DA:21,1
LF:5
LH:5
BRF:0
BRH:0
end_of_record
TN:
SF:src/apps/auth/domain/role/role.service.ts
FN:12,(anonymous_9)
FN:18,(anonymous_10)
FN:32,(anonymous_12)
FN:48,(anonymous_14)
FN:49,(anonymous_15)
FN:51,(anonymous_16)
FN:65,(anonymous_17)
FN:86,(anonymous_18)
FNF:8
FNH:1
FNDA:4,(anonymous_9)
FNDA:0,(anonymous_10)
FNDA:0,(anonymous_12)
FNDA:0,(anonymous_14)
FNDA:0,(anonymous_15)
FNDA:0,(anonymous_16)
FNDA:0,(anonymous_17)
FNDA:0,(anonymous_18)
DA:1,2
DA:3,2
DA:4,2
DA:5,2
DA:8,2
DA:13,4
DA:14,4
DA:15,4
DA:19,0
DA:20,0
DA:21,0
DA:29,0
DA:33,0
DA:34,0
DA:35,0
DA:36,0
DA:45,0
DA:46,0
DA:47,0
DA:49,0
DA:51,0
DA:53,0
DA:54,0
DA:63,0
DA:65,0
DA:67,0
DA:69,0
DA:71,0
DA:72,0
DA:81,0
DA:83,0
DA:87,0
LF:32
LH:8
BRDA:20,0,0,0
BRDA:35,1,0,0
BRDA:45,2,0,0
BRDA:45,3,0,0
BRDA:45,3,1,0
BRDA:53,4,0,0
BRDA:71,5,0,0
BRF:7
BRH:0
end_of_record
TN:
SF:src/apps/auth/domain/token/token.service.ts
FN:11,(anonymous_8)
FN:16,(anonymous_9)
FN:17,(anonymous_10)
FN:41,(anonymous_11)
FNF:4
FNH:1
FNDA:2,(anonymous_8)
FNDA:0,(anonymous_9)
FNDA:0,(anonymous_10)
FNDA:0,(anonymous_11)
DA:1,2
DA:3,2
DA:4,2
DA:5,2
DA:6,2
DA:8,2
DA:12,2
DA:13,2
DA:17,0
DA:21,0
DA:22,0
DA:23,0
DA:25,0
DA:26,0
DA:32,0
DA:38,0
DA:45,0
DA:46,0
DA:47,0
DA:54,0
DA:58,0
DA:66,0
DA:73,0
DA:74,0
DA:81,0
LF:25
LH:8
BRDA:19,0,0,0
BRDA:25,1,0,0
BRDA:46,2,0,0
BRDA:46,3,0,0
BRDA:46,3,1,0
BRDA:54,4,0,0
BRDA:55,5,0,0
BRDA:55,5,1,0
BRDA:73,6,0,0
BRF:9
BRH:0
end_of_record
TN:
SF:src/apps/auth/domain/user/user.dto.ts
FNF:0
FNH:0
DA:1,1
DA:17,1
DA:19,1
DA:28,1
DA:38,1
DA:43,1
DA:51,1
DA:57,1
DA:62,1
DA:67,1
DA:70,1
DA:74,1
DA:82,1
DA:85,1
DA:93,1
DA:101,1
DA:107,1
DA:113,1
DA:119,1
DA:122,1
DA:126,1
DA:129,1
DA:136,1
DA:141,1
DA:144,1
DA:148,1
DA:151,1
DA:158,1
DA:166,1
LF:29
LH:29
BRF:0
BRH:0
end_of_record
TN:
SF:src/apps/auth/domain/user/user.service.ts
FN:15,(anonymous_9)
FN:21,(anonymous_10)
FN:23,(anonymous_12)
FN:29,(anonymous_13)
FN:37,(anonymous_15)
FN:66,(anonymous_17)
FN:71,(anonymous_19)
FN:80,(anonymous_21)
FN:81,(anonymous_22)
FN:118,(anonymous_23)
FN:127,(anonymous_25)
FN:157,(anonymous_27)
FN:158,(anonymous_28)
FN:167,(anonymous_29)
FN:168,(anonymous_30)
FN:176,(anonymous_31)
FN:216,(anonymous_33)
FN:236,(anonymous_35)
FN:238,(anonymous_37)
FN:238,(anonymous_38)
FN:249,(anonymous_39)
FN:251,(anonymous_41)
FN:251,(anonymous_42)
FNF:23
FNH:1
FNDA:3,(anonymous_9)
FNDA:0,(anonymous_10)
FNDA:0,(anonymous_12)
FNDA:0,(anonymous_13)
FNDA:0,(anonymous_15)
FNDA:0,(anonymous_17)
FNDA:0,(anonymous_19)
FNDA:0,(anonymous_21)
FNDA:0,(anonymous_22)
FNDA:0,(anonymous_23)
FNDA:0,(anonymous_25)
FNDA:0,(anonymous_27)
FNDA:0,(anonymous_28)
FNDA:0,(anonymous_29)
FNDA:0,(anonymous_30)
FNDA:0,(anonymous_31)
FNDA:0,(anonymous_33)
FNDA:0,(anonymous_35)
FNDA:0,(anonymous_37)
FNDA:0,(anonymous_38)
FNDA:0,(anonymous_39)
FNDA:0,(anonymous_41)
FNDA:0,(anonymous_42)
DA:1,1
DA:2,1
DA:3,1
DA:8,1
DA:9,1
DA:11,1
DA:16,3
DA:17,3
DA:18,3
DA:22,0
DA:23,0
DA:24,0
DA:25,0
DA:30,0
DA:31,0
DA:32,0
DA:34,0
DA:41,0
DA:42,0
DA:46,0
DA:47,0
DA:53,0
DA:54,0
DA:55,0
DA:59,0
DA:67,0
DA:68,0
DA:75,0
DA:76,0
DA:78,0
DA:79,0
DA:80,0
DA:81,0
DA:82,0
DA:83,0
DA:89,0
DA:92,0
DA:95,0
DA:97,0
DA:98,0
DA:104,0
DA:106,0
DA:107,0
DA:114,0
DA:115,0
DA:119,0
DA:120,0
DA:121,0
DA:123,0
DA:124,0
DA:134,0
DA:136,0
DA:138,0
DA:150,0
DA:152,0
DA:153,0
DA:158,0
DA:159,0
DA:168,0
DA:169,0
DA:180,0
DA:181,0
DA:182,0
DA:188,0
DA:193,0
DA:194,0
DA:201,0
DA:202,0
DA:206,0
DA:207,0
DA:213,0
DA:220,0
DA:224,0
DA:225,0
DA:231,0
DA:232,0
DA:237,0
DA:238,0
DA:239,0
DA:240,0
DA:241,0
DA:243,0
DA:246,0
DA:250,0
DA:251,0
DA:252,0
DA:253,0
DA:254,0
DA:256,0
DA:259,0
LF:90
LH:9
BRDA:31,0,0,0
BRDA:46,1,0,0
BRDA:78,2,0,0
BRDA:78,3,0,0
BRDA:78,3,1,0
BRDA:82,4,0,0
BRDA:97,5,0,0
BRDA:106,6,0,0
BRDA:120,7,0,0
BRDA:181,8,0,0
BRDA:193,9,0,0
BRDA:206,10,0,0
BRDA:224,11,0,0
BRDA:240,12,0,0
BRDA:253,13,0,0
BRF:15
BRH:0
end_of_record
TN:
SF:src/apps/order/cart/api/cart.controller.ts
FN:9,(anonymous_7)
FN:14,(anonymous_8)
FN:28,(anonymous_10)
FN:43,(anonymous_12)
FN:68,(anonymous_14)
FN:83,(anonymous_16)
FNF:6
FNH:0
FNDA:0,(anonymous_7)
FNDA:0,(anonymous_8)
FNDA:0,(anonymous_10)
FNDA:0,(anonymous_12)
FNDA:0,(anonymous_14)
FNDA:0,(anonymous_16)
DA:2,0
DA:3,0
DA:4,0
DA:6,0
DA:10,0
DA:11,0
DA:19,0
DA:20,0
DA:21,0
DA:22,0
DA:24,0
DA:33,0
DA:34,0
DA:35,0
DA:36,0
DA:37,0
DA:39,0
DA:48,0
DA:49,0
DA:50,0
DA:51,0
DA:52,0
DA:57,0
DA:64,0
DA:73,0
DA:74,0
DA:75,0
DA:76,0
DA:77,0
DA:79,0
DA:88,0
DA:89,0
DA:90,0
DA:91,0
DA:92,0
DA:99,0
LF:36
LH:0
BRF:0
BRH:0
end_of_record
TN:
SF:src/apps/order/cart/api/cart.route.ts
FNF:0
FNH:0
DA:1,0
DA:2,0
DA:3,0
DA:7,0
DA:9,0
DA:10,0
DA:12,0
DA:18,0
DA:25,0
DA:32,0
DA:38,0
DA:44,0
LF:12
LH:0
BRF:0
BRH:0
end_of_record
TN:
SF:src/apps/order/cart/data-access/cart.model.ts
FNF:0
FNH:0
DA:1,0
DA:4,0
DA:21,0
LF:3
LH:0
BRF:0
BRH:0
end_of_record
TN:
SF:src/apps/order/cart/data-access/cart.repository.ts
FN:6,(anonymous_7)
FN:10,(anonymous_8)
FNF:2
FNH:0
FNDA:0,(anonymous_7)
FNDA:0,(anonymous_8)
DA:2,0
DA:3,0
DA:5,0
DA:7,0
DA:11,0
LF:5
LH:0
BRF:0
BRH:0
end_of_record
TN:
SF:src/apps/order/cart/data-access/cartItem.model.ts
FNF:0
FNH:0
DA:1,0
DA:4,0
DA:53,0
LF:3
LH:0
BRF:0
BRH:0
end_of_record
TN:
SF:src/apps/order/cart/data-access/cartItem.repository.ts
FN:7,(anonymous_7)
FN:11,(anonymous_8)
FN:24,(anonymous_10)
FN:33,(anonymous_12)
FN:41,(anonymous_14)
FNF:5
FNH:0
FNDA:0,(anonymous_7)
FNDA:0,(anonymous_8)
FNDA:0,(anonymous_10)
FNDA:0,(anonymous_12)
FNDA:0,(anonymous_14)
DA:3,0
DA:4,0
DA:6,0
DA:8,0
DA:16,0
DA:25,0
DA:34,0
DA:44,0
LF:8
LH:0
BRF:0
BRH:0
end_of_record
TN:
SF:src/apps/order/cart/domain/cart.dto.ts
FNF:0
FNH:0
DA:1,0
DA:8,0
DA:10,0
DA:14,0
DA:19,0
DA:25,0
DA:28,0
DA:33,0
LF:8
LH:0
BRF:0
BRH:0
end_of_record
TN:
SF:src/apps/order/cart/domain/cart.service.ts
FN:18,(anonymous_8)
FN:30,(anonymous_9)
FN:39,(anonymous_10)
FN:54,(anonymous_12)
FN:66,(anonymous_14)
FN:77,(anonymous_16)
FN:124,(anonymous_18)
FN:166,(anonymous_20)
FN:191,(anonymous_22)
FN:198,(anonymous_24)
FN:205,(anonymous_26)
FN:217,(anonymous_27)
FN:237,(anonymous_29)
FN:260,(anonymous_31)
FN:289,(anonymous_33)
FN:301,(anonymous_34)
FNF:16
FNH:0
FNDA:0,(anonymous_8)
FNDA:0,(anonymous_9)
FNDA:0,(anonymous_10)
FNDA:0,(anonymous_12)
FNDA:0,(anonymous_14)
FNDA:0,(anonymous_16)
FNDA:0,(anonymous_18)
FNDA:0,(anonymous_20)
FNDA:0,(anonymous_22)
FNDA:0,(anonymous_24)
FNDA:0,(anonymous_26)
FNDA:0,(anonymous_27)
FNDA:0,(anonymous_29)
FNDA:0,(anonymous_31)
FNDA:0,(anonymous_33)
FNDA:0,(anonymous_34)
DA:1,0
DA:2,0
DA:4,0
DA:6,0
DA:7,0
DA:8,0
DA:9,0
DA:10,0
DA:14,0
DA:18,0
DA:19,0
DA:20,0
DA:23,0
DA:31,0
DA:32,0
DA:33,0
DA:34,0
DA:35,0
DA:36,0
DA:40,0
DA:41,0
DA:42,0
DA:47,0
DA:48,0
DA:55,0
DA:56,0
DA:57,0
DA:59,0
DA:60,0
DA:67,0
DA:68,0
DA:69,0
DA:74,0
DA:81,0
DA:83,0
DA:89,0
DA:90,0
DA:96,0
DA:100,0
DA:102,0
DA:107,0
DA:113,0
DA:118,0
DA:129,0
DA:132,0
DA:133,0
DA:139,0
DA:140,0
DA:142,0
DA:144,0
DA:146,0
DA:152,0
DA:157,0
DA:163,0
DA:171,0
DA:172,0
DA:173,0
DA:178,0
DA:179,0
DA:180,0
DA:182,0
DA:183,0
DA:188,0
DA:195,0
DA:202,0
DA:206,0
DA:207,0
DA:208,0
DA:209,0
DA:222,0
DA:223,0
DA:225,0
DA:230,0
DA:242,0
DA:243,0
DA:244,0
DA:245,0
DA:247,0
DA:252,0
DA:266,0
DA:267,0
DA:268,0
DA:269,0
DA:270,0
DA:272,0
DA:278,0
DA:279,0
DA:282,0
DA:283,0
DA:290,0
DA:291,0
DA:292,0
DA:298,0
DA:305,0
DA:306,0
DA:307,0
DA:312,0
DA:313,0
DA:314,0
DA:315,0
LF:100
LH:0
BRDA:18,0,0,0
BRDA:18,0,1,0
BRDA:41,1,0,0
BRDA:56,2,0,0
BRDA:68,3,0,0
BRDA:86,4,0,0
BRDA:86,4,1,0
BRDA:89,5,0,0
BRDA:98,6,0,0
BRDA:98,6,1,0
BRDA:132,7,0,0
BRDA:148,8,0,0
BRDA:148,8,1,0
BRDA:172,9,0,0
BRDA:182,10,0,0
BRDA:208,11,0,0
BRDA:227,12,0,0
BRDA:227,12,1,0
BRDA:249,13,0,0
BRDA:249,13,1,0
BRDA:266,14,0,0
BRDA:266,14,1,0
BRDA:269,15,0,0
BRDA:269,15,1,0
BRDA:291,16,0,0
BRDA:291,17,0,0
BRDA:291,17,1,0
BRDA:306,18,0,0
BRF:28
BRH:0
end_of_record
TN:
SF:src/apps/order/cart/domain/cartItem.service.ts
FN:9,(anonymous_8)
FN:14,(anonymous_9)
FN:21,(anonymous_11)
FN:37,(anonymous_13)
FN:45,(anonymous_15)
FN:84,(anonymous_17)
FN:96,(anonymous_19)
FN:117,(anonymous_21)
FN:128,(anonymous_23)
FNF:9
FNH:0
FNDA:0,(anonymous_8)
FNDA:0,(anonymous_9)
FNDA:0,(anonymous_11)
FNDA:0,(anonymous_13)
FNDA:0,(anonymous_15)
FNDA:0,(anonymous_17)
FNDA:0,(anonymous_19)
FNDA:0,(anonymous_21)
FNDA:0,(anonymous_23)
DA:1,0
DA:3,0
DA:4,0
DA:7,0
DA:10,0
DA:11,0
DA:15,0
DA:17,0
DA:18,0
DA:26,0
DA:31,0
DA:32,0
DA:34,0
DA:38,0
DA:39,0
DA:40,0
DA:42,0
DA:51,0
DA:54,0
DA:58,0
DA:59,0
DA:65,0
DA:75,0
DA:76,0
DA:81,0
DA:88,0
DA:90,0
DA:91,0
DA:92,0
DA:93,0
DA:97,0
DA:98,0
DA:99,0
DA:101,0
DA:102,0
DA:103,0
DA:104,0
DA:108,0
DA:109,0
DA:118,0
DA:119,0
DA:120,0
DA:129,0
DA:132,0
DA:133,0
DA:139,0
LF:46
LH:0
BRDA:17,0,0,0
BRDA:31,1,0,0
BRDA:39,2,0,0
BRDA:51,3,0,0
BRDA:51,3,1,0
BRDA:52,4,0,0
BRDA:52,4,1,0
BRDA:52,5,0,0
BRDA:52,5,1,0
BRDA:54,6,0,0
BRDA:54,6,1,0
BRDA:55,7,0,0
BRDA:55,7,1,0
BRDA:55,8,0,0
BRDA:55,8,1,0
BRDA:58,9,0,0
BRDA:58,10,0,0
BRDA:58,10,1,0
BRDA:67,11,0,0
BRDA:67,11,1,0
BRDA:67,12,0,0
BRDA:67,12,1,0
BRDA:67,13,0,0
BRDA:67,13,1,0
BRDA:75,14,0,0
BRDA:97,15,0,0
BRDA:108,16,0,0
BRDA:119,17,0,0
BRDA:132,18,0,0
BRF:29
BRH:0
end_of_record
TN:
SF:src/apps/order/order/api/order.controller.ts
FN:8,(anonymous_7)
FN:12,(anonymous_8)
FN:30,(anonymous_10)
FN:44,(anonymous_12)
FN:59,(anonymous_14)
FN:79,(anonymous_16)
FN:93,(anonymous_18)
FN:111,(anonymous_20)
FN:128,(anonymous_22)
FN:145,(anonymous_24)
FN:162,(anonymous_26)
FN:179,(anonymous_28)
FN:196,(anonymous_30)
FN:205,(anonymous_32)
FN:217,(anonymous_34)
FNF:15
FNH:0
FNDA:0,(anonymous_7)
FNDA:0,(anonymous_8)
FNDA:0,(anonymous_10)
FNDA:0,(anonymous_12)
FNDA:0,(anonymous_14)
FNDA:0,(anonymous_16)
FNDA:0,(anonymous_18)
FNDA:0,(anonymous_20)
FNDA:0,(anonymous_22)
FNDA:0,(anonymous_24)
FNDA:0,(anonymous_26)
FNDA:0,(anonymous_28)
FNDA:0,(anonymous_30)
FNDA:0,(anonymous_32)
FNDA:0,(anonymous_34)
DA:2,0
DA:3,0
DA:5,0
DA:9,0
DA:17,0
DA:18,0
DA:19,0
DA:20,0
DA:24,0
DA:26,0
DA:35,0
DA:36,0
DA:37,0
DA:38,0
DA:40,0
DA:49,0
DA:50,0
DA:51,0
DA:52,0
DA:53,0
DA:55,0
DA:64,0
DA:65,0
DA:66,0
DA:67,0
DA:68,0
DA:73,0
DA:75,0
DA:84,0
DA:85,0
DA:86,0
DA:87,0
DA:89,0
DA:98,0
DA:99,0
DA:100,0
DA:101,0
DA:105,0
DA:107,0
DA:116,0
DA:117,0
DA:118,0
DA:119,0
DA:121,0
DA:122,0
DA:124,0
DA:133,0
DA:134,0
DA:135,0
DA:136,0
DA:138,0
DA:139,0
DA:141,0
DA:150,0
DA:151,0
DA:152,0
DA:153,0
DA:155,0
DA:156,0
DA:158,0
DA:167,0
DA:168,0
DA:169,0
DA:170,0
DA:172,0
DA:173,0
DA:175,0
DA:184,0
DA:185,0
DA:186,0
DA:187,0
DA:189,0
DA:190,0
DA:192,0
DA:197,0
DA:198,0
DA:199,0
DA:201,0
DA:206,0
DA:207,0
DA:208,0
DA:210,0
DA:211,0
DA:213,0
DA:218,0
DA:219,0
DA:220,0
DA:221,0
DA:222,0
DA:223,0
DA:225,0
LF:91
LH:0
BRF:0
BRH:0
end_of_record
TN:
SF:src/apps/order/order/api/order.route.ts
FNF:0
FNH:0
DA:1,0
DA:2,0
DA:3,0
DA:9,0
DA:11,0
DA:12,0
DA:14,0
DA:21,0
DA:27,0
DA:33,0
DA:39,0
DA:46,0
DA:53,0
DA:60,0
DA:67,0
DA:74,0
DA:81,0
DA:89,0
DA:96,0
DA:105,0
DA:114,0
LF:21
LH:0
BRF:0
BRH:0
end_of_record
TN:
SF:src/apps/order/order/data-access/order.interface.ts
FN:6,(anonymous_0)
FNF:1
FNH:0
FNDA:0,(anonymous_0)
DA:6,0
DA:7,0
DA:8,0
DA:9,0
DA:10,0
DA:11,0
LF:6
LH:0
BRDA:6,0,0,0
BRDA:6,0,1,0
BRF:2
BRH:0
end_of_record
TN:
SF:src/apps/order/order/data-access/order.model.ts
FNF:0
FNH:0
DA:1,0
DA:2,0
DA:4,0
DA:54,0
LF:4
LH:0
BRF:0
BRH:0
end_of_record
TN:
SF:src/apps/order/order/data-access/order.repository.ts
FN:6,(anonymous_7)
FN:10,(anonymous_8)
FN:21,(anonymous_10)
FN:32,(anonymous_12)
FN:43,(anonymous_14)
FN:60,(anonymous_16)
FNF:6
FNH:0
FNDA:0,(anonymous_7)
FNDA:0,(anonymous_8)
FNDA:0,(anonymous_10)
FNDA:0,(anonymous_12)
FNDA:0,(anonymous_14)
FNDA:0,(anonymous_16)
DA:2,0
DA:3,0
DA:5,0
DA:7,0
DA:11,0
DA:22,0
DA:33,0
DA:44,0
DA:61,0
LF:9
LH:0
BRF:0
BRH:0
end_of_record
TN:
SF:src/apps/order/order/domain/order.dto.ts
FNF:0
FNH:0
DA:1,0
DA:13,0
DA:14,0
DA:16,0
DA:20,0
DA:25,0
DA:31,0
DA:34,0
DA:38,0
DA:43,0
DA:48,0
DA:51,0
DA:55,0
DA:60,0
DA:65,0
DA:70,0
DA:73,0
DA:75,0
DA:77,0
DA:81,0
DA:84,0
LF:21
LH:0
BRF:0
BRH:0
end_of_record
TN:
SF:src/apps/order/order/domain/order.service.ts
FN:33,(anonymous_9)
FN:47,(anonymous_10)
FN:69,(anonymous_12)
FN:96,(anonymous_14)
FN:131,(anonymous_16)
FN:137,(anonymous_18)
FN:137,(anonymous_19)
FN:151,(anonymous_20)
FN:193,(anonymous_22)
FN:207,(anonymous_24)
FN:228,(anonymous_26)
FN:232,(anonymous_28)
FN:236,(anonymous_29)
FN:242,(anonymous_30)
FN:246,(anonymous_32)
FN:267,(anonymous_33)
FN:272,(anonymous_34)
FN:285,(anonymous_36)
FN:313,(anonymous_38)
FN:316,(anonymous_40)
FN:326,(anonymous_41)
FN:335,(anonymous_42)
FN:340,(anonymous_44)
FN:340,(anonymous_45)
FN:341,(anonymous_46)
FN:342,(anonymous_47)
FN:342,(anonymous_48)
FN:345,(anonymous_49)
FN:347,(anonymous_50)
FN:351,(anonymous_51)
FN:352,(anonymous_52)
FN:364,(anonymous_53)
FN:368,(anonymous_55)
FN:368,(anonymous_56)
FN:369,(anonymous_57)
FN:369,(anonymous_58)
FN:372,(anonymous_59)
FN:376,(anonymous_60)
FN:377,(anonymous_61)
FN:389,(anonymous_62)
FN:396,(anonymous_64)
FN:397,(anonymous_65)
FN:405,(anonymous_66)
FN:408,(anonymous_68)
FN:418,(anonymous_69)
FN:419,(anonymous_70)
FN:428,(anonymous_71)
FN:436,(anonymous_72)
FN:440,(anonymous_74)
FN:460,(anonymous_76)
FN:469,(anonymous_78)
FN:470,(anonymous_79)
FN:481,(anonymous_80)
FN:548,(anonymous_82)
FNF:54
FNH:0
FNDA:0,(anonymous_9)
FNDA:0,(anonymous_10)
FNDA:0,(anonymous_12)
FNDA:0,(anonymous_14)
FNDA:0,(anonymous_16)
FNDA:0,(anonymous_18)
FNDA:0,(anonymous_19)
FNDA:0,(anonymous_20)
FNDA:0,(anonymous_22)
FNDA:0,(anonymous_24)
FNDA:0,(anonymous_26)
FNDA:0,(anonymous_28)
FNDA:0,(anonymous_29)
FNDA:0,(anonymous_30)
FNDA:0,(anonymous_32)
FNDA:0,(anonymous_33)
FNDA:0,(anonymous_34)
FNDA:0,(anonymous_36)
FNDA:0,(anonymous_38)
FNDA:0,(anonymous_40)
FNDA:0,(anonymous_41)
FNDA:0,(anonymous_42)
FNDA:0,(anonymous_44)
FNDA:0,(anonymous_45)
FNDA:0,(anonymous_46)
FNDA:0,(anonymous_47)
FNDA:0,(anonymous_48)
FNDA:0,(anonymous_49)
FNDA:0,(anonymous_50)
FNDA:0,(anonymous_51)
FNDA:0,(anonymous_52)
FNDA:0,(anonymous_53)
FNDA:0,(anonymous_55)
FNDA:0,(anonymous_56)
FNDA:0,(anonymous_57)
FNDA:0,(anonymous_58)
FNDA:0,(anonymous_59)
FNDA:0,(anonymous_60)
FNDA:0,(anonymous_61)
FNDA:0,(anonymous_62)
FNDA:0,(anonymous_64)
FNDA:0,(anonymous_65)
FNDA:0,(anonymous_66)
FNDA:0,(anonymous_68)
FNDA:0,(anonymous_69)
FNDA:0,(anonymous_70)
FNDA:0,(anonymous_71)
FNDA:0,(anonymous_72)
FNDA:0,(anonymous_74)
FNDA:0,(anonymous_76)
FNDA:0,(anonymous_78)
FNDA:0,(anonymous_79)
FNDA:0,(anonymous_80)
FNDA:0,(anonymous_82)
DA:1,0
DA:2,0
DA:3,0
DA:5,0
DA:6,0
DA:12,0
DA:13,0
DA:14,0
DA:15,0
DA:17,0
DA:18,0
DA:19,0
DA:21,0
DA:34,0
DA:35,0
DA:36,0
DA:37,0
DA:38,0
DA:39,0
DA:40,0
DA:41,0
DA:42,0
DA:43,0
DA:44,0
DA:52,0
DA:55,0
DA:56,0
DA:57,0
DA:65,0
DA:66,0
DA:73,0
DA:74,0
DA:75,0
DA:80,0
DA:81,0
DA:82,0
DA:83,0
DA:89,0
DA:90,0
DA:101,0
DA:102,0
DA:103,0
DA:108,0
DA:109,0
DA:110,0
DA:111,0
DA:117,0
DA:121,0
DA:122,0
DA:128,0
DA:134,0
DA:136,0
DA:137,0
DA:138,0
DA:141,0
DA:148,0
DA:156,0
DA:157,0
DA:158,0
DA:163,0
DA:166,0
DA:169,0
DA:173,0
DA:179,0
DA:181,0
DA:199,0
DA:202,0
DA:204,0
DA:212,0
DA:217,0
DA:218,0
DA:225,0
DA:231,0
DA:232,0
DA:235,0
DA:236,0
DA:239,0
DA:246,0
DA:247,0
DA:248,0
DA:250,0
DA:260,0
DA:263,0
DA:264,0
DA:268,0
DA:269,0
DA:273,0
DA:274,0
DA:279,0
DA:282,0
DA:289,0
DA:291,0
DA:292,0
DA:297,0
DA:298,0
DA:299,0
DA:300,0
DA:306,0
DA:307,0
DA:314,0
DA:316,0
DA:317,0
DA:318,0
DA:319,0
DA:321,0
DA:322,0
DA:323,0
DA:326,0
DA:332,0
DA:336,0
DA:337,0
DA:338,0
DA:340,0
DA:341,0
DA:342,0
DA:343,0
DA:344,0
DA:345,0
DA:346,0
DA:347,0
DA:348,0
DA:351,0
DA:352,0
DA:354,0
DA:359,0
DA:361,0
DA:365,0
DA:366,0
DA:368,0
DA:369,0
DA:370,0
DA:371,0
DA:372,0
DA:373,0
DA:374,0
DA:376,0
DA:377,0
DA:379,0
DA:384,0
DA:386,0
DA:390,0
DA:392,0
DA:393,0
DA:396,0
DA:397,0
DA:399,0
DA:400,0
DA:402,0
DA:406,0
DA:408,0
DA:409,0
DA:410,0
DA:412,0
DA:416,0
DA:418,0
DA:419,0
DA:420,0
DA:421,0
DA:424,0
DA:425,0
DA:428,0
DA:430,0
DA:433,0
DA:437,0
DA:441,0
DA:442,0
DA:443,0
DA:449,0
DA:450,0
DA:451,0
DA:457,0
DA:461,0
DA:462,0
DA:463,0
DA:469,0
DA:470,0
DA:471,0
DA:472,0
DA:478,0
DA:486,0
DA:487,0
DA:488,0
DA:494,0
DA:496,0
DA:498,0
DA:499,0
DA:501,0
DA:503,0
DA:504,0
DA:505,0
DA:506,0
DA:512,0
DA:513,0
DA:515,0
DA:516,0
DA:518,0
DA:529,0
DA:539,0
DA:540,0
DA:541,0
DA:548,0
DA:553,0
DA:555,0
LF:203
LH:0
BRDA:56,0,0,0
BRDA:74,1,0,0
BRDA:82,2,0,0
BRDA:102,3,0,0
BRDA:110,4,0,0
BRDA:121,5,0,0
BRDA:157,6,0,0
BRDA:217,7,0,0
BRDA:217,8,0,0
BRDA:217,8,1,0
BRDA:252,9,0,0
BRDA:252,9,1,0
BRDA:273,10,0,0
BRDA:291,11,0,0
BRDA:299,12,0,0
BRDA:318,13,0,0
BRDA:346,14,0,0
BRDA:346,14,1,0
BRDA:373,15,0,0
BRDA:373,15,1,0
BRDA:392,16,0,0
BRDA:409,17,0,0
BRDA:409,17,1,0
BRDA:420,18,0,0
BRDA:420,18,1,0
BRDA:424,19,0,0
BRDA:430,20,0,0
BRDA:430,20,1,0
BRDA:430,20,2,0
BRDA:442,21,0,0
BRDA:450,22,0,0
BRDA:462,23,0,0
BRDA:462,24,0,0
BRDA:462,24,1,0
BRDA:471,25,0,0
BRDA:471,26,0,0
BRDA:471,26,1,0
BRDA:487,27,0,0
BRDA:505,28,0,0
BRDA:512,29,0,0
BRDA:512,29,1,0
BRDA:513,30,0,0
BRDA:513,30,1,0
BRDA:522,31,0,0
BRDA:522,31,1,0
BRDA:523,32,0,0
BRDA:523,32,1,0
BRDA:540,33,0,0
BRF:48
BRH:0
end_of_record
TN:
SF:src/apps/order/orderItem/data-access/orderItem.model.ts
FNF:0
FNH:0
DA:1,0
DA:4,0
DA:53,0
LF:3
LH:0
BRF:0
BRH:0
end_of_record
TN:
SF:src/apps/order/orderItem/data-access/orderItem.repository.ts
FN:8,(anonymous_7)
FN:12,(anonymous_8)
FN:19,(anonymous_10)
FNF:3
FNH:0
FNDA:0,(anonymous_7)
FNDA:0,(anonymous_8)
FNDA:0,(anonymous_10)
DA:3,0
DA:5,0
DA:7,0
DA:9,0
DA:16,0
DA:20,0
LF:6
LH:0
BRF:0
BRH:0
end_of_record
TN:
SF:src/apps/order/orderItem/domain/orderItem.dto.ts
FNF:0
FNH:0
DA:1,0
DA:8,0
DA:10,0
DA:14,0
DA:19,0
DA:24,0
DA:30,0
DA:36,0
DA:42,0
DA:48,0
DA:54,0
LF:11
LH:0
BRF:0
BRH:0
end_of_record
TN:
SF:src/apps/order/orderItem/domain/orderItem.service.ts
FN:10,(anonymous_8)
FN:15,(anonymous_9)
FN:35,(anonymous_11)
FNF:3
FNH:0
FNDA:0,(anonymous_8)
FNDA:0,(anonymous_9)
FNDA:0,(anonymous_11)
DA:1,0
DA:2,0
DA:4,0
DA:7,0
DA:11,0
DA:12,0
DA:18,0
DA:21,0
DA:22,0
DA:25,0
DA:31,0
DA:36,0
DA:37,0
DA:38,0
DA:43,0
LF:15
LH:0
BRDA:37,0,0,0
BRF:1
BRH:0
end_of_record
TN:
SF:src/apps/payment/api/payment.controller.ts
FN:7,(anonymous_7)
FN:11,(anonymous_8)
FN:29,(anonymous_10)
FN:47,(anonymous_12)
FNF:4
FNH:0
FNDA:0,(anonymous_7)
FNDA:0,(anonymous_8)
FNDA:0,(anonymous_10)
FNDA:0,(anonymous_12)
DA:2,0
DA:3,0
DA:4,0
DA:6,0
DA:8,0
DA:16,0
DA:17,0
DA:18,0
DA:19,0
DA:25,0
DA:34,0
DA:35,0
DA:36,0
DA:37,0
DA:43,0
DA:52,0
DA:53,0
DA:58,0
DA:59,0
DA:60,0
DA:66,0
LF:21
LH:0
BRF:0
BRH:0
end_of_record
TN:
SF:src/apps/payment/api/payment.route.ts
FNF:0
FNH:0
DA:1,0
DA:2,0
DA:4,0
DA:5,0
DA:11,0
DA:12,0
DA:14,0
DA:19,0
DA:26,0
DA:33,0
LF:10
LH:0
BRF:0
BRH:0
end_of_record
TN:
SF:src/apps/payment/data-access/method/method.model.ts
FNF:0
FNH:0
DA:1,0
DA:8,0
DA:22,0
DA:27,0
DA:37,0
LF:5
LH:0
BRF:0
BRH:0
end_of_record
TN:
SF:src/apps/payment/data-access/method/method.repository.ts
FN:14,(anonymous_7)
FN:18,(anonymous_8)
FN:25,(anonymous_10)
FN:32,(anonymous_12)
FN:36,(anonymous_14)
FNF:5
FNH:0
FNDA:0,(anonymous_7)
FNDA:0,(anonymous_8)
FNDA:0,(anonymous_10)
FNDA:0,(anonymous_12)
FNDA:0,(anonymous_14)
DA:1,0
DA:7,0
DA:13,0
DA:15,0
DA:21,0
DA:22,0
DA:28,0
DA:29,0
DA:33,0
DA:37,0
LF:10
LH:0
BRF:0
BRH:0
end_of_record
TN:
SF:src/apps/payment/data-access/payment/payment.interface.ts
FN:6,(anonymous_0)
FNF:1
FNH:0
FNDA:0,(anonymous_0)
DA:6,0
DA:7,0
DA:8,0
DA:9,0
DA:10,0
LF:5
LH:0
BRDA:6,0,0,0
BRDA:6,0,1,0
BRF:2
BRH:0
end_of_record
TN:
SF:src/apps/payment/data-access/payment/payment.model.ts
FNF:0
FNH:0
DA:1,0
DA:2,0
DA:4,0
DA:24,0
LF:4
LH:0
BRF:0
BRH:0
end_of_record
TN:
SF:src/apps/payment/data-access/payment/payment.repository.ts
FN:6,(anonymous_0)
FNF:1
FNH:0
FNDA:0,(anonymous_0)
DA:2,0
DA:3,0
DA:5,0
DA:7,0
LF:4
LH:0
BRF:0
BRH:0
end_of_record
TN:
SF:src/apps/payment/domain/payment.card.ts
FN:16,(anonymous_8)
FN:21,(anonymous_9)
FN:33,(anonymous_11)
FN:40,(anonymous_13)
FN:47,(anonymous_15)
FNF:5
FNH:0
FNDA:0,(anonymous_8)
FNDA:0,(anonymous_9)
FNDA:0,(anonymous_11)
FNDA:0,(anonymous_13)
FNDA:0,(anonymous_15)
DA:3,0
DA:8,0
DA:10,0
DA:12,0
DA:17,0
DA:18,0
DA:23,0
DA:24,0
DA:25,0
DA:30,0
DA:36,0
DA:37,0
DA:43,0
DA:44,0
DA:48,0
DA:49,0
LF:16
LH:0
BRDA:24,0,0,0
BRF:1
BRH:0
end_of_record
TN:
SF:src/apps/payment/domain/payment.dto.ts
FNF:0
FNH:0
DA:1,0
DA:11,0
DA:13,0
DA:15,0
DA:18,0
DA:23,0
DA:28,0
DA:33,0
DA:36,0
DA:40,0
DA:45,0
DA:50,0
DA:55,0
DA:58,0
DA:62,0
DA:67,0
DA:71,0
DA:74,0
DA:78,0
DA:83,0
LF:20
LH:0
BRF:0
BRH:0
end_of_record
TN:
SF:src/apps/payment/domain/payment.factory.ts
FN:6,(anonymous_1)
FN:13,(anonymous_2)
FNF:2
FNH:0
FNDA:0,(anonymous_1)
FNDA:0,(anonymous_2)
DA:2,0
DA:3,0
DA:4,0
DA:6,0
DA:7,0
DA:8,0
DA:12,0
DA:14,0
DA:16,0
DA:18,0
DA:20,0
LF:11
LH:0
BRDA:6,0,0,0
BRDA:6,0,1,0
BRDA:14,1,0,0
BRDA:14,1,1,0
BRDA:14,1,2,0
BRF:5
BRH:0
end_of_record
TN:
SF:src/apps/payment/domain/payment.paypal.ts
FN:4,(anonymous_7)
FN:8,(anonymous_9)
FN:12,(anonymous_11)
FN:16,(anonymous_13)
FNF:4
FNH:0
FNDA:0,(anonymous_7)
FNDA:0,(anonymous_9)
FNDA:0,(anonymous_11)
FNDA:0,(anonymous_13)
DA:3,0
DA:5,0
DA:9,0
DA:13,0
DA:17,0
LF:5
LH:0
BRF:0
BRH:0
end_of_record
TN:
SF:src/apps/payment/domain/payment.service.ts
FN:11,(anonymous_7)
FN:17,(anonymous_8)
FN:21,(anonymous_10)
FN:25,(anonymous_12)
FNF:4
FNH:0
FNDA:0,(anonymous_7)
FNDA:0,(anonymous_8)
FNDA:0,(anonymous_10)
FNDA:0,(anonymous_12)
DA:3,0
DA:4,0
DA:5,0
DA:7,0
DA:12,0
DA:13,0
DA:14,0
DA:18,0
DA:22,0
DA:26,0
LF:10
LH:0
BRF:0
BRH:0
end_of_record
TN:
SF:src/apps/preference/api/preference.controller.ts
FN:10,(anonymous_7)
FN:15,(anonymous_8)
FN:38,(anonymous_10)
FN:63,(anonymous_12)
FNF:4
FNH:0
FNDA:0,(anonymous_7)
FNDA:0,(anonymous_8)
FNDA:0,(anonymous_10)
FNDA:0,(anonymous_12)
DA:3,0
DA:4,0
DA:5,0
DA:7,0
DA:11,0
DA:12,0
DA:20,0
DA:21,0
DA:22,0
DA:23,0
DA:27,0
DA:34,0
DA:43,0
DA:44,0
DA:45,0
DA:46,0
DA:47,0
DA:52,0
DA:59,0
DA:68,0
DA:69,0
DA:70,0
DA:71,0
DA:73,0
LF:24
LH:0
BRF:0
BRH:0
end_of_record
TN:
SF:src/apps/preference/api/preference.route.ts
FNF:0
FNH:0
DA:1,0
DA:2,0
DA:3,0
DA:9,0
DA:10,0
DA:12,0
DA:18,0
DA:25,0
DA:33,0
LF:9
LH:0
BRF:0
BRH:0
end_of_record
TN:
SF:src/apps/preference/data-access/preference.model.ts
FNF:0
FNH:0
DA:1,1
DA:4,1
DA:25,1
LF:3
LH:3
BRF:0
BRH:0
end_of_record
TN:
SF:src/apps/preference/data-access/preference.repository.ts
FN:6,(anonymous_7)
FN:10,(anonymous_8)
FNF:2
FNH:0
FNDA:0,(anonymous_7)
FNDA:0,(anonymous_8)
DA:1,1
DA:3,1
DA:5,1
DA:7,0
DA:11,0
LF:5
LH:3
BRF:0
BRH:0
end_of_record
TN:
SF:src/apps/preference/domain/preference.dto.ts
FNF:0
FNH:0
DA:1,0
DA:8,0
DA:10,0
DA:14,0
DA:19,0
DA:24,0
DA:29,0
DA:34,0
DA:40,0
DA:46,0
LF:10
LH:0
BRF:0
BRH:0
end_of_record
TN:
SF:src/apps/preference/domain/preference.service.ts
FN:12,(anonymous_8)
FN:17,(anonymous_9)
FN:24,(anonymous_11)
FN:40,(anonymous_13)
FN:66,(anonymous_15)
FN:91,(anonymous_17)
FN:109,(anonymous_19)
FNF:7
FNH:0
FNDA:0,(anonymous_8)
FNDA:0,(anonymous_9)
FNDA:0,(anonymous_11)
FNDA:0,(anonymous_13)
FNDA:0,(anonymous_15)
FNDA:0,(anonymous_17)
FNDA:0,(anonymous_19)
DA:1,1
DA:2,1
DA:3,1
DA:5,1
DA:9,1
DA:13,0
DA:14,0
DA:20,0
DA:21,0
DA:28,0
DA:29,0
DA:30,0
DA:36,0
DA:37,0
DA:41,0
DA:42,0
DA:55,0
DA:57,0
DA:58,0
DA:63,0
DA:71,0
DA:72,0
DA:73,0
DA:78,0
DA:79,0
DA:81,0
DA:82,0
DA:88,0
DA:92,0
DA:93,0
DA:94,0
DA:100,0
DA:101,0
DA:102,0
DA:113,0
DA:114,0
DA:118,0
DA:119,0
LF:38
LH:5
BRDA:29,0,0,0
BRDA:57,1,0,0
BRDA:72,2,0,0
BRDA:81,3,0,0
BRDA:93,4,0,0
BRDA:101,5,0,0
BRDA:118,6,0,0
BRF:7
BRH:0
end_of_record
TN:
SF:src/apps/product/api/product.controller.ts
FN:10,(anonymous_7)
FN:17,(anonymous_8)
FN:34,(anonymous_10)
FN:60,(anonymous_12)
FN:78,(anonymous_14)
FN:96,(anonymous_16)
FN:109,(anonymous_18)
FN:134,(anonymous_20)
FN:148,(anonymous_22)
FN:171,(anonymous_24)
FN:190,(anonymous_26)
FN:209,(anonymous_28)
FN:230,(anonymous_30)
FN:253,(anonymous_32)
FN:275,(anonymous_34)
FN:296,(anonymous_36)
FN:317,(anonymous_38)
FN:335,(anonymous_40)
FNF:18
FNH:0
FNDA:0,(anonymous_7)
FNDA:0,(anonymous_8)
FNDA:0,(anonymous_10)
FNDA:0,(anonymous_12)
FNDA:0,(anonymous_14)
FNDA:0,(anonymous_16)
FNDA:0,(anonymous_18)
FNDA:0,(anonymous_20)
FNDA:0,(anonymous_22)
FNDA:0,(anonymous_24)
FNDA:0,(anonymous_26)
FNDA:0,(anonymous_28)
FNDA:0,(anonymous_30)
FNDA:0,(anonymous_32)
FNDA:0,(anonymous_34)
FNDA:0,(anonymous_36)
FNDA:0,(anonymous_38)
FNDA:0,(anonymous_40)
DA:2,0
DA:3,0
DA:5,0
DA:11,0
DA:12,0
DA:14,0
DA:22,0
DA:23,0
DA:24,0
DA:28,0
DA:30,0
DA:39,0
DA:40,0
DA:41,0
DA:43,0
DA:49,0
DA:56,0
DA:65,0
DA:66,0
DA:67,0
DA:74,0
DA:83,0
DA:84,0
DA:85,0
DA:92,0
DA:101,0
DA:102,0
DA:103,0
DA:105,0
DA:114,0
DA:115,0
DA:116,0
DA:117,0
DA:118,0
DA:123,0
DA:130,0
DA:139,0
DA:140,0
DA:141,0
DA:142,0
DA:144,0
DA:153,0
DA:154,0
DA:155,0
DA:156,0
DA:160,0
DA:167,0
DA:176,0
DA:177,0
DA:178,0
DA:179,0
DA:186,0
DA:195,0
DA:196,0
DA:197,0
DA:198,0
DA:205,0
DA:214,0
DA:215,0
DA:216,0
DA:219,0
DA:226,0
DA:235,0
DA:236,0
DA:237,0
DA:238,0
DA:242,0
DA:249,0
DA:258,0
DA:259,0
DA:260,0
DA:264,0
DA:271,0
DA:280,0
DA:281,0
DA:282,0
DA:285,0
DA:292,0
DA:301,0
DA:302,0
DA:303,0
DA:306,0
DA:313,0
DA:322,0
DA:323,0
DA:324,0
DA:331,0
DA:340,0
DA:341,0
DA:342,0
DA:343,0
DA:345,0
DA:352,0
DA:359,0
LF:94
LH:0
BRF:0
BRH:0
end_of_record
TN:
SF:src/apps/product/api/product.route.ts
FNF:0
FNH:0
DA:1,0
DA:2,0
DA:3,0
DA:9,0
DA:10,0
DA:11,0
DA:13,0
DA:21,0
DA:23,0
DA:28,0
DA:34,0
DA:43,0
DA:51,0
DA:59,0
DA:67,0
DA:73,0
DA:81,0
DA:89,0
DA:94,0
DA:99,0
DA:104,0
DA:110,0
DA:118,0
DA:126,0
LF:24
LH:0
BRF:0
BRH:0
end_of_record
TN:
SF:src/apps/product/api/category/category.controller.ts
FN:8,(anonymous_7)
FN:12,(anonymous_8)
FN:21,(anonymous_10)
FN:35,(anonymous_12)
FN:53,(anonymous_14)
FN:74,(anonymous_16)
FN:94,(anonymous_18)
FNF:7
FNH:0
FNDA:0,(anonymous_7)
FNDA:0,(anonymous_8)
FNDA:0,(anonymous_10)
FNDA:0,(anonymous_12)
FNDA:0,(anonymous_14)
FNDA:0,(anonymous_16)
FNDA:0,(anonymous_18)
DA:2,0
DA:3,0
DA:5,0
DA:9,0
DA:13,0
DA:14,0
DA:15,0
DA:17,0
DA:22,0
DA:23,0
DA:24,0
DA:31,0
DA:40,0
DA:41,0
DA:42,0
DA:49,0
DA:58,0
DA:59,0
DA:63,0
DA:70,0
DA:79,0
DA:80,0
DA:83,0
DA:90,0
DA:95,0
DA:96,0
DA:97,0
DA:98,0
DA:100,0
LF:29
LH:0
BRF:0
BRH:0
end_of_record
TN:
SF:src/apps/product/api/category/category.route.ts
FNF:0
FNH:0
DA:1,0
DA:2,0
DA:3,0
DA:10,0
DA:12,0
DA:13,0
DA:57,0
DA:81,0
DA:106,0
DA:155,0
DA:184,0
DA:191,0
DA:199,0
LF:13
LH:0
BRF:0
BRH:0
end_of_record
TN:
SF:src/apps/product/api/color/color.controller.ts
FN:8,(anonymous_7)
FN:12,(anonymous_8)
FN:21,(anonymous_10)
FN:30,(anonymous_12)
FN:39,(anonymous_14)
FN:48,(anonymous_16)
FN:57,(anonymous_18)
FNF:7
FNH:0
FNDA:0,(anonymous_7)
FNDA:0,(anonymous_8)
FNDA:0,(anonymous_10)
FNDA:0,(anonymous_12)
FNDA:0,(anonymous_14)
FNDA:0,(anonymous_16)
FNDA:0,(anonymous_18)
DA:2,0
DA:3,0
DA:5,0
DA:9,0
DA:13,0
DA:14,0
DA:15,0
DA:17,0
DA:22,0
DA:23,0
DA:24,0
DA:26,0
DA:31,0
DA:32,0
DA:33,0
DA:35,0
DA:40,0
DA:41,0
DA:42,0
DA:44,0
DA:49,0
DA:50,0
DA:51,0
DA:53,0
DA:58,0
DA:59,0
DA:60,0
DA:61,0
DA:63,0
LF:29
LH:0
BRF:0
BRH:0
end_of_record
TN:
SF:src/apps/product/api/color/color.route.ts
FNF:0
FNH:0
DA:1,0
DA:2,0
DA:3,0
DA:9,0
DA:11,0
DA:12,0
DA:48,0
DA:72,0
DA:97,0
DA:138,0
DA:147,0
DA:173,0
DA:181,0
LF:13
LH:0
BRF:0
BRH:0
end_of_record
TN:
SF:src/apps/product/api/inventory/inventory.controller.ts
FN:10,(anonymous_7)
FN:15,(anonymous_8)
FN:34,(anonymous_10)
FN:57,(anonymous_12)
FN:79,(anonymous_14)
FNF:5
FNH:0
FNDA:0,(anonymous_7)
FNDA:0,(anonymous_8)
FNDA:0,(anonymous_10)
FNDA:0,(anonymous_12)
FNDA:0,(anonymous_14)
DA:3,0
DA:4,0
DA:5,0
DA:7,0
DA:11,0
DA:12,0
DA:20,0
DA:21,0
DA:22,0
DA:23,0
DA:30,0
DA:39,0
DA:40,0
DA:41,0
DA:42,0
DA:46,0
DA:53,0
DA:62,0
DA:63,0
DA:65,0
DA:68,0
DA:75,0
DA:84,0
DA:86,0
DA:87,0
DA:94,0
LF:26
LH:0
BRF:0
BRH:0
end_of_record
TN:
SF:src/apps/product/api/inventory/inventory.route.ts
FNF:0
FNH:0
DA:1,0
DA:2,0
DA:3,0
DA:8,0
DA:14,0
DA:15,0
DA:17,0
DA:25,0
DA:33,0
DA:41,0
DA:46,0
LF:11
LH:0
BRF:0
BRH:0
end_of_record
TN:
SF:src/apps/product/api/productFeature/productFeature.controller.ts
FN:9,(anonymous_7)
FN:13,(anonymous_8)
FN:22,(anonymous_10)
FN:31,(anonymous_12)
FN:40,(anonymous_14)
FN:52,(anonymous_16)
FN:61,(anonymous_18)
FNF:7
FNH:0
FNDA:0,(anonymous_7)
FNDA:0,(anonymous_8)
FNDA:0,(anonymous_10)
FNDA:0,(anonymous_12)
FNDA:0,(anonymous_14)
FNDA:0,(anonymous_16)
FNDA:0,(anonymous_18)
DA:3,0
DA:4,0
DA:6,0
DA:10,0
DA:14,0
DA:15,0
DA:16,0
DA:18,0
DA:23,0
DA:24,0
DA:25,0
DA:27,0
DA:32,0
DA:33,0
DA:34,0
DA:36,0
DA:41,0
DA:42,0
DA:46,0
DA:48,0
DA:53,0
DA:54,0
DA:55,0
DA:57,0
DA:62,0
DA:63,0
DA:64,0
DA:65,0
DA:67,0
LF:29
LH:0
BRF:0
BRH:0
end_of_record
TN:
SF:src/apps/product/api/productFeature/productFeature.route.ts
FNF:0
FNH:0
DA:1,0
DA:2,0
DA:3,0
DA:9,0
DA:11,0
DA:12,0
DA:21,0
DA:29,0
DA:32,0
DA:38,0
DA:47,0
DA:54,0
DA:62,0
LF:13
LH:0
BRF:0
BRH:0
end_of_record
TN:
SF:src/apps/product/api/productImage/productImage.controller.ts
FN:8,(anonymous_7)
FN:12,(anonymous_8)
FN:21,(anonymous_10)
FN:30,(anonymous_12)
FN:39,(anonymous_14)
FNF:5
FNH:0
FNDA:0,(anonymous_7)
FNDA:0,(anonymous_8)
FNDA:0,(anonymous_10)
FNDA:0,(anonymous_12)
FNDA:0,(anonymous_14)
DA:2,0
DA:3,0
DA:5,0
DA:9,0
DA:13,0
DA:14,0
DA:15,0
DA:17,0
DA:22,0
DA:23,0
DA:24,0
DA:26,0
DA:31,0
DA:32,0
DA:33,0
DA:35,0
DA:40,0
DA:41,0
DA:42,0
DA:44,0
LF:20
LH:0
BRF:0
BRH:0
end_of_record
TN:
SF:src/apps/product/api/productImage/productImage.route.ts
FNF:0
FNH:0
DA:1,0
DA:2,0
DA:3,0
DA:7,0
DA:9,0
DA:10,0
DA:35,0
DA:59,0
DA:87,0
DA:112,0
DA:120,0
LF:11
LH:0
BRF:0
BRH:0
end_of_record
TN:
SF:src/apps/product/api/productVariant/productVariant.controller.ts
FN:8,(anonymous_7)
FN:12,(anonymous_8)
FN:35,(anonymous_10)
FN:53,(anonymous_12)
FN:73,(anonymous_14)
FN:98,(anonymous_16)
FN:116,(anonymous_18)
FN:135,(anonymous_20)
FN:154,(anonymous_22)
FNF:9
FNH:0
FNDA:0,(anonymous_7)
FNDA:0,(anonymous_8)
FNDA:0,(anonymous_10)
FNDA:0,(anonymous_12)
FNDA:0,(anonymous_14)
FNDA:0,(anonymous_16)
FNDA:0,(anonymous_18)
FNDA:0,(anonymous_20)
FNDA:0,(anonymous_22)
DA:2,0
DA:3,0
DA:5,0
DA:9,0
DA:17,0
DA:18,0
DA:19,0
DA:20,0
DA:24,0
DA:31,0
DA:40,0
DA:41,0
DA:42,0
DA:49,0
DA:58,0
DA:59,0
DA:62,0
DA:69,0
DA:78,0
DA:79,0
DA:80,0
DA:81,0
DA:82,0
DA:87,0
DA:94,0
DA:103,0
DA:104,0
DA:105,0
DA:112,0
DA:121,0
DA:122,0
DA:123,0
DA:124,0
DA:131,0
DA:140,0
DA:142,0
DA:143,0
DA:150,0
DA:159,0
DA:160,0
DA:162,0
DA:163,0
DA:170,0
LF:43
LH:0
BRF:0
BRH:0
end_of_record
TN:
SF:src/apps/product/api/productVariant/productVariant.route.ts
FNF:0
FNH:0
DA:1,0
DA:2,0
DA:3,0
DA:9,0
DA:14,0
DA:15,0
DA:17,0
DA:25,0
DA:30,0
DA:35,0
DA:41,0
DA:50,0
DA:58,0
DA:65,0
DA:73,0
LF:15
LH:0
BRF:0
BRH:0
end_of_record
TN:
SF:src/apps/product/api/size/size.controller.ts
FN:8,(anonymous_7)
FN:12,(anonymous_8)
FN:21,(anonymous_10)
FN:30,(anonymous_12)
FN:39,(anonymous_14)
FN:48,(anonymous_16)
FN:57,(anonymous_18)
FNF:7
FNH:0
FNDA:0,(anonymous_7)
FNDA:0,(anonymous_8)
FNDA:0,(anonymous_10)
FNDA:0,(anonymous_12)
FNDA:0,(anonymous_14)
FNDA:0,(anonymous_16)
FNDA:0,(anonymous_18)
DA:2,0
DA:3,0
DA:5,0
DA:9,0
DA:13,0
DA:14,0
DA:15,0
DA:17,0
DA:22,0
DA:23,0
DA:24,0
DA:26,0
DA:31,0
DA:32,0
DA:33,0
DA:35,0
DA:40,0
DA:41,0
DA:42,0
DA:44,0
DA:49,0
DA:50,0
DA:51,0
DA:53,0
DA:58,0
DA:59,0
DA:60,0
DA:61,0
DA:63,0
LF:29
LH:0
BRF:0
BRH:0
end_of_record
TN:
SF:src/apps/product/api/size/size.route.ts
FNF:0
FNH:0
DA:1,0
DA:2,0
DA:3,0
DA:9,0
DA:11,0
DA:12,0
DA:48,0
DA:72,0
DA:97,0
DA:138,0
DA:147,0
DA:173,0
DA:181,0
LF:13
LH:0
BRF:0
BRH:0
end_of_record
TN:
SF:src/apps/product/data-access/product.model.ts
FN:25,(anonymous_1)
FNF:1
FNH:0
FNDA:0,(anonymous_1)
DA:1,0
DA:3,0
DA:5,0
DA:25,0
DA:26,0
DA:27,0
DA:28,0
DA:37,0
DA:39,0
DA:42,0
LF:10
LH:0
BRDA:26,0,0,0
BRDA:26,0,1,0
BRDA:27,1,0,0
BRDA:27,2,0,0
BRDA:27,2,1,0
BRF:5
BRH:0
end_of_record
TN:
SF:src/apps/product/data-access/product.repository.ts
FN:19,(anonymous_8)
FN:23,(anonymous_9)
FN:32,(anonymous_11)
FN:41,(anonymous_13)
FN:45,(anonymous_15)
FN:46,(anonymous_16)
FN:222,(anonymous_17)
FN:242,(anonymous_18)
FN:257,(anonymous_19)
FNF:9
FNH:0
FNDA:0,(anonymous_8)
FNDA:0,(anonymous_9)
FNDA:0,(anonymous_11)
FNDA:0,(anonymous_13)
FNDA:0,(anonymous_15)
FNDA:0,(anonymous_16)
FNDA:0,(anonymous_17)
FNDA:0,(anonymous_18)
FNDA:0,(anonymous_19)
DA:1,0
DA:3,0
DA:4,0
DA:5,0
DA:18,0
DA:20,0
DA:24,0
DA:33,0
DA:42,0
DA:46,0
DA:48,0
DA:50,0
DA:51,0
DA:52,0
DA:55,0
DA:219,0
DA:223,0
DA:225,0
DA:226,0
DA:227,0
DA:229,0
DA:236,0
DA:237,0
DA:240,0
DA:241,0
DA:243,0
DA:244,0
DA:246,0
DA:255,0
DA:256,0
DA:258,0
DA:259,0
DA:261,0
DA:270,0
LF:34
LH:0
BRDA:46,0,0,0
BRDA:51,1,0,0
BRDA:51,2,0,0
BRDA:51,2,1,0
BRDA:127,3,0,0
BRDA:127,3,1,0
BRDA:130,4,0,0
BRDA:130,4,1,0
BRDA:219,5,0,0
BRDA:219,5,1,0
BRDA:225,6,0,0
BRDA:226,7,0,0
BRDA:226,7,1,0
BRDA:236,8,0,0
BRDA:240,9,0,0
BRDA:240,10,0,0
BRDA:240,10,1,0
BRDA:243,11,0,0
BRDA:243,11,1,0
BRDA:255,12,0,0
BRDA:255,13,0,0
BRDA:255,13,1,0
BRDA:258,14,0,0
BRDA:258,14,1,0
BRF:24
BRH:0
end_of_record
TN:
SF:src/apps/product/data-access/category/category.model.ts
FNF:0
FNH:0
DA:1,0
DA:4,0
DA:13,0
LF:3
LH:0
BRF:0
BRH:0
end_of_record
TN:
SF:src/apps/product/data-access/category/category.repository.ts
FN:6,(anonymous_7)
FN:10,(anonymous_8)
FN:14,(anonymous_10)
FN:18,(anonymous_12)
FN:22,(anonymous_14)
FNF:5
FNH:0
FNDA:0,(anonymous_7)
FNDA:0,(anonymous_8)
FNDA:0,(anonymous_10)
FNDA:0,(anonymous_12)
FNDA:0,(anonymous_14)
DA:1,0
DA:2,0
DA:5,0
DA:7,0
DA:11,0
DA:15,0
DA:19,0
DA:23,0
DA:49,0
LF:9
LH:0
BRF:0
BRH:0
end_of_record
TN:
SF:src/apps/product/data-access/color/color.model.ts
FNF:0
FNH:0
DA:1,0
DA:4,0
DA:14,0
LF:3
LH:0
BRF:0
BRH:0
end_of_record
TN:
SF:src/apps/product/data-access/color/color.repository.ts
FN:6,(anonymous_0)
FNF:1
FNH:0
FNDA:0,(anonymous_0)
DA:1,0
DA:2,0
DA:5,0
DA:7,0
LF:4
LH:0
BRF:0
BRH:0
end_of_record
TN:
SF:src/apps/product/data-access/inventory/inventory.model.ts
FNF:0
FNH:0
DA:1,0
DA:5,0
DA:17,0
LF:3
LH:0
BRF:0
BRH:0
end_of_record
TN:
SF:src/apps/product/data-access/inventory/inventory.repository.ts
FN:6,(anonymous_7)
FN:10,(anonymous_8)
FN:21,(anonymous_10)
FN:29,(anonymous_12)
FNF:4
FNH:0
FNDA:0,(anonymous_7)
FNDA:0,(anonymous_8)
FNDA:0,(anonymous_10)
FNDA:0,(anonymous_12)
DA:1,0
DA:3,0
DA:5,0
DA:7,0
DA:14,0
DA:22,0
DA:30,0
LF:7
LH:0
BRF:0
BRH:0
end_of_record
TN:
SF:src/apps/product/data-access/productFeature/productFeature.model.ts
FNF:0
FNH:0
DA:1,0
DA:4,0
DA:12,0
LF:3
LH:0
BRF:0
BRH:0
end_of_record
TN:
SF:src/apps/product/data-access/productFeature/productFeature.repository.ts
FN:6,(anonymous_7)
FN:10,(anonymous_8)
FNF:2
FNH:0
FNDA:0,(anonymous_7)
FNDA:0,(anonymous_8)
DA:1,0
DA:2,0
DA:5,0
DA:7,0
DA:11,0
LF:5
LH:0
BRF:0
BRH:0
end_of_record
TN:
SF:src/apps/product/data-access/productHasCategory/productHasCategory.model.ts
FNF:0
FNH:0
DA:1,0
DA:4,0
DA:12,0
LF:3
LH:0
BRF:0
BRH:0
end_of_record
TN:
SF:src/apps/product/data-access/productHasCategory/productHastCategory.repository.ts
FN:6,(anonymous_0)
FNF:1
FNH:0
FNDA:0,(anonymous_0)
DA:1,0
DA:3,0
DA:5,0
DA:7,0
LF:4
LH:0
BRF:0
BRH:0
end_of_record
TN:
SF:src/apps/product/data-access/productHasProductFeature/productHasProductFeature.model.ts
FNF:0
FNH:0
DA:1,0
DA:4,0
DA:13,0
LF:3
LH:0
BRF:0
BRH:0
end_of_record
TN:
SF:src/apps/product/data-access/productHasProductFeature/productHasProductFeature.repository.ts
FN:6,(anonymous_0)
FNF:1
FNH:0
FNDA:0,(anonymous_0)
DA:1,0
DA:3,0
DA:5,0
DA:7,0
LF:4
LH:0
BRF:0
BRH:0
end_of_record
TN:
SF:src/apps/product/data-access/productImage/productImage.model.ts
FNF:0
FNH:0
DA:1,0
DA:4,0
DA:17,0
LF:3
LH:0
BRF:0
BRH:0
end_of_record
TN:
SF:src/apps/product/data-access/productImage/productImage.repository.ts
FN:6,(anonymous_7)
FN:10,(anonymous_8)
FN:15,(anonymous_10)
FNF:3
FNH:0
FNDA:0,(anonymous_7)
FNDA:0,(anonymous_8)
FNDA:0,(anonymous_10)
DA:1,0
DA:3,0
DA:5,0
DA:7,0
DA:11,0
DA:16,0
LF:6
LH:0
BRF:0
BRH:0
end_of_record
TN:
SF:src/apps/product/data-access/productVariant/productVariant.model.ts
FNF:0
FNH:0
DA:1,0
DA:4,0
DA:21,0
LF:3
LH:0
BRF:0
BRH:0
end_of_record
TN:
SF:src/apps/product/data-access/productVariant/productVariant.repository.ts
FN:6,(anonymous_7)
FN:10,(anonymous_8)
FN:19,(anonymous_10)
FN:30,(anonymous_12)
FN:39,(anonymous_14)
FNF:5
FNH:0
FNDA:0,(anonymous_7)
FNDA:0,(anonymous_8)
FNDA:0,(anonymous_10)
FNDA:0,(anonymous_12)
FNDA:0,(anonymous_14)
DA:1,0
DA:2,0
DA:5,0
DA:7,0
DA:11,0
DA:22,0
DA:31,0
DA:40,0
LF:8
LH:0
BRF:0
BRH:0
end_of_record
TN:
SF:src/apps/product/data-access/reservedProduct/reservedProduct.model.ts
FNF:0
FNH:0
DA:1,0
DA:4,0
DA:17,0
LF:3
LH:0
BRF:0
BRH:0
end_of_record
TN:
SF:src/apps/product/data-access/reservedProduct/reservedProduct.repository.ts
FN:6,(anonymous_7)
FN:10,(anonymous_8)
FN:14,(anonymous_10)
FNF:3
FNH:0
FNDA:0,(anonymous_7)
FNDA:0,(anonymous_8)
FNDA:0,(anonymous_10)
DA:1,0
DA:3,0
DA:5,0
DA:7,0
DA:11,0
DA:18,0
LF:6
LH:0
BRF:0
BRH:0
end_of_record
TN:
SF:src/apps/product/data-access/size/size.model.ts
FNF:0
FNH:0
DA:1,0
DA:4,0
DA:15,0
LF:3
LH:0
BRF:0
BRH:0
end_of_record
TN:
SF:src/apps/product/data-access/size/size.repository.ts
FN:6,(anonymous_0)
FNF:1
FNH:0
FNDA:0,(anonymous_0)
DA:1,0
DA:2,0
DA:5,0
DA:7,0
LF:4
LH:0
BRF:0
BRH:0
end_of_record
TN:
SF:src/apps/product/domain/product.dto.ts
FNF:0
FNH:0
DA:1,0
DA:15,0
DA:18,0
DA:24,0
DA:31,0
DA:37,0
DA:48,0
DA:53,0
DA:59,0
DA:65,0
DA:71,0
DA:76,0
DA:79,0
DA:85,0
DA:91,0
DA:96,0
DA:102,0
DA:108,0
DA:114,0
DA:120,0
DA:129,0
DA:133,0
DA:138,0
DA:144,0
DA:150,0
DA:155,0
DA:160,0
DA:166,0
DA:172,0
LF:29
LH:0
BRF:0
BRH:0
end_of_record
TN:
SF:src/apps/product/domain/product.service.ts
FN:28,(anonymous_8)
FN:36,(anonymous_9)
FN:40,(anonymous_10)
FN:54,(anonymous_12)
FN:84,(anonymous_14)
FN:104,(anonymous_15)
FN:135,(anonymous_17)
FN:135,(anonymous_18)
FN:176,(anonymous_19)
FN:190,(anonymous_21)
FN:200,(anonymous_23)
FN:204,(anonymous_25)
FN:212,(anonymous_27)
FN:222,(anonymous_29)
FN:239,(anonymous_31)
FN:244,(anonymous_33)
FN:261,(anonymous_35)
FN:271,(anonymous_37)
FN:306,(anonymous_39)
FN:310,(anonymous_41)
FN:324,(anonymous_43)
FN:332,(anonymous_44)
FN:335,(anonymous_45)
FN:336,(anonymous_46)
FN:344,(anonymous_47)
FN:367,(anonymous_49)
FN:375,(anonymous_50)
FN:380,(anonymous_52)
FN:382,(anonymous_54)
FN:398,(anonymous_55)
FN:414,(anonymous_56)
FN:428,(anonymous_57)
FNF:32
FNH:0
FNDA:0,(anonymous_8)
FNDA:0,(anonymous_9)
FNDA:0,(anonymous_10)
FNDA:0,(anonymous_12)
FNDA:0,(anonymous_14)
FNDA:0,(anonymous_15)
FNDA:0,(anonymous_17)
FNDA:0,(anonymous_18)
FNDA:0,(anonymous_19)
FNDA:0,(anonymous_21)
FNDA:0,(anonymous_23)
FNDA:0,(anonymous_25)
FNDA:0,(anonymous_27)
FNDA:0,(anonymous_29)
FNDA:0,(anonymous_31)
FNDA:0,(anonymous_33)
FNDA:0,(anonymous_35)
FNDA:0,(anonymous_37)
FNDA:0,(anonymous_39)
FNDA:0,(anonymous_41)
FNDA:0,(anonymous_43)
FNDA:0,(anonymous_44)
FNDA:0,(anonymous_45)
FNDA:0,(anonymous_46)
FNDA:0,(anonymous_47)
FNDA:0,(anonymous_49)
FNDA:0,(anonymous_50)
FNDA:0,(anonymous_52)
FNDA:0,(anonymous_54)
FNDA:0,(anonymous_55)
FNDA:0,(anonymous_56)
FNDA:0,(anonymous_57)
DA:1,0
DA:2,0
DA:3,0
DA:14,0
DA:15,0
DA:17,0
DA:21,0
DA:29,0
DA:30,0
DA:31,0
DA:32,0
DA:33,0
DA:37,0
DA:41,0
DA:43,0
DA:47,0
DA:59,0
DA:61,0
DA:62,0
DA:65,0
DA:69,0
DA:76,0
DA:77,0
DA:83,0
DA:85,0
DA:89,0
DA:100,0
DA:101,0
DA:110,0
DA:112,0
DA:113,0
DA:116,0
DA:120,0
DA:126,0
DA:127,0
DA:133,0
DA:134,0
DA:135,0
DA:136,0
DA:140,0
DA:141,0
DA:151,0
DA:163,0
DA:171,0
DA:172,0
DA:177,0
DA:180,0
DA:181,0
DA:187,0
DA:191,0
DA:194,0
DA:195,0
DA:197,0
DA:201,0
DA:205,0
DA:206,0
DA:207,0
DA:209,0
DA:213,0
DA:216,0
DA:217,0
DA:219,0
DA:227,0
DA:229,0
DA:231,0
DA:236,0
DA:240,0
DA:241,0
DA:248,0
DA:249,0
DA:250,0
DA:257,0
DA:258,0
DA:262,0
DA:265,0
DA:266,0
DA:268,0
DA:272,0
DA:273,0
DA:274,0
DA:290,0
DA:292,0
DA:303,0
DA:307,0
DA:314,0
DA:315,0
DA:316,0
DA:323,0
DA:325,0
DA:332,0
DA:334,0
DA:335,0
DA:336,0
DA:338,0
DA:341,0
DA:348,0
DA:349,0
DA:350,0
DA:357,0
DA:358,0
DA:365,0
DA:367,0
DA:368,0
DA:372,0
DA:376,0
DA:377,0
DA:381,0
DA:382,0
DA:383,0
DA:385,0
DA:388,0
DA:389,0
DA:397,0
DA:398,0
DA:399,0
DA:401,0
DA:404,0
DA:405,0
DA:413,0
DA:414,0
DA:415,0
DA:417,0
DA:418,0
DA:419,0
DA:429,0
LF:125
LH:0
BRDA:43,0,0,0
BRDA:43,0,1,0
BRDA:61,1,0,0
BRDA:65,2,0,0
BRDA:65,2,1,0
BRDA:76,3,0,0
BRDA:112,4,0,0
BRDA:116,5,0,0
BRDA:116,5,1,0
BRDA:126,6,0,0
BRDA:133,7,0,0
BRDA:133,7,1,0
BRDA:140,8,0,0
BRDA:140,8,1,0
BRDA:180,9,0,0
BRDA:194,10,0,0
BRDA:197,11,0,0
BRDA:197,11,1,0
BRDA:206,12,0,0
BRDA:209,13,0,0
BRDA:209,13,1,0
BRDA:216,14,0,0
BRDA:219,15,0,0
BRDA:219,15,1,0
BRDA:229,16,0,0
BRDA:229,16,1,0
BRDA:249,17,0,0
BRDA:265,18,0,0
BRDA:268,19,0,0
BRDA:268,19,1,0
BRDA:273,20,0,0
BRDA:315,21,0,0
BRDA:334,22,0,0
BRDA:334,22,1,0
BRDA:349,23,0,0
BRDA:357,24,0,0
BRDA:357,25,0,0
BRDA:357,25,1,0
BRDA:381,26,0,0
BRDA:381,27,0,0
BRDA:381,27,1,0
BRDA:388,28,0,0
BRDA:397,29,0,0
BRDA:397,30,0,0
BRDA:397,30,1,0
BRDA:404,31,0,0
BRDA:413,32,0,0
BRDA:413,33,0,0
BRDA:413,33,1,0
BRDA:418,34,0,0
BRDA:429,35,0,0
BRDA:429,35,1,0
BRF:52
BRH:0
end_of_record
TN:
SF:src/apps/product/domain/category/category.dto.ts
FNF:0
FNH:0
DA:1,0
DA:9,0
DA:11,0
DA:17,0
DA:22,0
DA:28,0
DA:31,0
DA:37,0
DA:42,0
DA:48,0
LF:10
LH:0
BRF:0
BRH:0
end_of_record
TN:
SF:src/apps/product/domain/category/category.service.ts
FN:27,(anonymous_8)
FN:32,(anonymous_9)
FN:47,(anonymous_11)
FN:52,(anonymous_13)
FN:56,(anonymous_15)
FN:76,(anonymous_17)
FN:81,(anonymous_19)
FN:85,(anonymous_21)
FN:89,(anonymous_23)
FN:112,(anonymous_24)
FNF:10
FNH:0
FNDA:0,(anonymous_8)
FNDA:0,(anonymous_9)
FNDA:0,(anonymous_11)
FNDA:0,(anonymous_13)
FNDA:0,(anonymous_15)
FNDA:0,(anonymous_17)
FNDA:0,(anonymous_19)
FNDA:0,(anonymous_21)
FNDA:0,(anonymous_23)
FNDA:0,(anonymous_24)
DA:1,0
DA:2,0
DA:4,0
DA:24,0
DA:28,0
DA:29,0
DA:33,0
DA:34,0
DA:37,0
DA:38,0
DA:44,0
DA:48,0
DA:49,0
DA:53,0
DA:60,0
DA:61,0
DA:64,0
DA:65,0
DA:72,0
DA:73,0
DA:77,0
DA:78,0
DA:82,0
DA:86,0
DA:88,0
DA:90,0
DA:91,0
DA:98,0
DA:104,0
DA:109,0
DA:113,0
DA:114,0
DA:115,0
LF:33
LH:0
BRDA:33,0,0,0
BRDA:37,1,0,0
BRDA:60,2,0,0
BRDA:64,3,0,0
BRDA:90,4,0,0
BRDA:114,5,0,0
BRF:6
BRH:0
end_of_record
TN:
SF:src/apps/product/domain/color/color.dto.ts
FNF:0
FNH:0
DA:1,0
DA:9,0
DA:11,0
DA:17,0
DA:24,0
DA:29,0
DA:34,0
DA:37,0
DA:43,0
DA:50,0
DA:55,0
DA:60,0
LF:12
LH:0
BRF:0
BRH:0
end_of_record
TN:
SF:src/apps/product/domain/color/color.service.ts
FN:8,(anonymous_7)
FN:13,(anonymous_8)
FN:17,(anonymous_10)
FN:22,(anonymous_12)
FN:26,(anonymous_14)
FN:31,(anonymous_16)
FN:36,(anonymous_18)
FNF:7
FNH:0
FNDA:0,(anonymous_7)
FNDA:0,(anonymous_8)
FNDA:0,(anonymous_10)
FNDA:0,(anonymous_12)
FNDA:0,(anonymous_14)
FNDA:0,(anonymous_16)
FNDA:0,(anonymous_18)
DA:1,0
DA:2,0
DA:5,0
DA:9,0
DA:10,0
DA:14,0
DA:18,0
DA:19,0
DA:23,0
DA:27,0
DA:28,0
DA:32,0
DA:33,0
DA:37,0
DA:38,0
DA:39,0
LF:16
LH:0
BRDA:38,0,0,0
BRF:1
BRH:0
end_of_record
TN:
SF:src/apps/product/domain/inventory/inventory.dto.ts
FNF:0
FNH:0
DA:1,0
DA:11,0
DA:12,0
DA:16,0
DA:21,0
DA:27,0
DA:32,0
DA:35,0
DA:40,0
DA:43,0
DA:50,0
LF:11
LH:0
BRF:0
BRH:0
end_of_record
TN:
SF:src/apps/product/domain/inventory/inventory.service.ts
FN:11,(anonymous_8)
FN:21,(anonymous_9)
FN:29,(anonymous_10)
FN:110,(anonymous_12)
FN:124,(anonymous_14)
FN:143,(anonymous_15)
FN:199,(anonymous_17)
FN:243,(anonymous_19)
FN:258,(anonymous_21)
FN:273,(anonymous_23)
FN:280,(anonymous_25)
FN:286,(anonymous_27)
FN:304,(anonymous_29)
FNF:13
FNH:0
FNDA:0,(anonymous_8)
FNDA:0,(anonymous_9)
FNDA:0,(anonymous_10)
FNDA:0,(anonymous_12)
FNDA:0,(anonymous_14)
FNDA:0,(anonymous_15)
FNDA:0,(anonymous_17)
FNDA:0,(anonymous_19)
FNDA:0,(anonymous_21)
FNDA:0,(anonymous_23)
FNDA:0,(anonymous_25)
FNDA:0,(anonymous_27)
FNDA:0,(anonymous_29)
DA:2,0
DA:3,0
DA:4,0
DA:5,0
DA:6,0
DA:7,0
DA:11,0
DA:12,0
DA:13,0
DA:15,0
DA:22,0
DA:23,0
DA:24,0
DA:25,0
DA:26,0
DA:31,0
DA:35,0
DA:36,0
DA:45,0
DA:49,0
DA:50,0
DA:56,0
DA:57,0
DA:58,0
DA:69,0
DA:73,0
DA:74,0
DA:83,0
DA:84,0
DA:85,0
DA:95,0
DA:96,0
DA:106,0
DA:107,0
DA:114,0
DA:115,0
DA:116,0
DA:121,0
DA:129,0
DA:130,0
DA:132,0
DA:133,0
DA:135,0
DA:136,0
DA:148,0
DA:151,0
DA:156,0
DA:157,0
DA:158,0
DA:159,0
DA:160,0
DA:167,0
DA:172,0
DA:173,0
DA:178,0
DA:179,0
DA:182,0
DA:185,0
DA:186,0
DA:193,0
DA:194,0
DA:205,0
DA:210,0
DA:211,0
DA:218,0
DA:219,0
DA:220,0
DA:221,0
DA:226,0
DA:232,0
DA:233,0
DA:240,0
DA:248,0
DA:250,0
DA:252,0
DA:263,0
DA:265,0
DA:267,0
DA:276,0
DA:277,0
DA:282,0
DA:283,0
DA:290,0
DA:294,0
DA:295,0
DA:301,0
DA:308,0
DA:309,0
DA:310,0
DA:316,0
DA:317,0
DA:318,0
DA:322,0
DA:323,0
DA:328,0
DA:329,0
DA:332,0
DA:333,0
DA:339,0
DA:340,0
DA:341,0
DA:348,0
LF:102
LH:0
BRDA:11,0,0,0
BRDA:11,0,1,0
BRDA:33,1,0,0
BRDA:33,1,1,0
BRDA:35,2,0,0
BRDA:49,3,0,0
BRDA:56,4,0,0
BRDA:56,4,1,0
BRDA:57,5,0,0
BRDA:73,6,0,0
BRDA:84,7,0,0
BRDA:95,8,0,0
BRDA:115,9,0,0
BRDA:127,10,0,0
BRDA:132,11,0,0
BRDA:135,12,0,0
BRDA:156,13,0,0
BRDA:159,14,0,0
BRDA:210,15,0,0
BRDA:218,16,0,0
BRDA:218,16,1,0
BRDA:220,17,0,0
BRDA:220,17,1,0
BRDA:232,18,0,0
BRDA:294,19,0,0
BRDA:309,20,0,0
BRDA:317,21,0,0
BRDA:317,21,1,0
BRDA:317,22,0,0
BRDA:317,22,1,0
BRDA:322,23,0,0
BRDA:322,23,1,0
BRDA:322,24,0,0
BRDA:322,24,1,0
BRDA:328,25,0,0
BRDA:332,26,0,0
BRDA:340,27,0,0
BRF:37
BRH:0
end_of_record
TN:
SF:src/apps/product/domain/productFeature/productFeature.dto.ts
FNF:0
FNH:0
DA:1,0
DA:2,0
DA:4,0
DA:9,0
DA:15,0
DA:18,0
DA:23,0
DA:29,0
LF:8
LH:0
BRF:0
BRH:0
end_of_record
TN:
SF:src/apps/product/domain/productFeature/productFeature.service.ts
FN:8,(anonymous_7)
FN:13,(anonymous_8)
FN:17,(anonymous_10)
FN:22,(anonymous_12)
FN:26,(anonymous_14)
FN:34,(anonymous_16)
FN:39,(anonymous_18)
FN:43,(anonymous_20)
FNF:8
FNH:0
FNDA:0,(anonymous_7)
FNDA:0,(anonymous_8)
FNDA:0,(anonymous_10)
FNDA:0,(anonymous_12)
FNDA:0,(anonymous_14)
FNDA:0,(anonymous_16)
FNDA:0,(anonymous_18)
FNDA:0,(anonymous_20)
DA:1,0
DA:2,0
DA:5,0
DA:9,0
DA:10,0
DA:14,0
DA:18,0
DA:19,0
DA:23,0
DA:30,0
DA:31,0
DA:35,0
DA:36,0
DA:40,0
DA:44,0
DA:45,0
DA:46,0
LF:17
LH:0
BRDA:45,0,0,0
BRF:1
BRH:0
end_of_record
TN:
SF:src/apps/product/domain/productHasCategory/productHasCategory.service.ts
FN:9,(anonymous_7)
FN:15,(anonymous_8)
FN:29,(anonymous_10)
FN:34,(anonymous_12)
FNF:4
FNH:0
FNDA:0,(anonymous_7)
FNDA:0,(anonymous_8)
FNDA:0,(anonymous_10)
FNDA:0,(anonymous_12)
DA:1,0
DA:2,0
DA:4,0
DA:6,0
DA:10,0
DA:11,0
DA:19,0
DA:20,0
DA:22,0
DA:30,0
DA:31,0
DA:35,0
DA:36,0
DA:38,0
LF:14
LH:0
BRDA:35,0,0,0
BRF:1
BRH:0
end_of_record
TN:
SF:src/apps/product/domain/productHasProductFeature/productHasProductFeature.service.ts
FN:9,(anonymous_7)
FN:14,(anonymous_8)
FN:30,(anonymous_10)
FN:40,(anonymous_12)
FNF:4
FNH:0
FNDA:0,(anonymous_7)
FNDA:0,(anonymous_8)
FNDA:0,(anonymous_10)
FNDA:0,(anonymous_12)
DA:1,0
DA:2,0
DA:4,0
DA:6,0
DA:10,0
DA:11,0
DA:19,0
DA:20,0
DA:22,0
DA:31,0
DA:32,0
DA:41,0
DA:42,0
DA:44,0
LF:14
LH:0
BRDA:41,0,0,0
BRF:1
BRH:0
end_of_record
TN:
SF:src/apps/product/domain/productImage/productImage.dto.ts
FNF:0
FNH:0
DA:1,0
DA:8,0
DA:10,0
DA:14,0
DA:19,0
DA:24,0
DA:29,0
DA:34,0
DA:39,0
DA:44,0
DA:47,0
DA:51,0
DA:56,0
DA:61,0
DA:66,0
DA:71,0
DA:76,0
LF:17
LH:0
BRF:0
BRH:0
end_of_record
TN:
SF:src/apps/product/domain/productImage/productImage.service.ts
FN:8,(anonymous_7)
FN:13,(anonymous_8)
FN:17,(anonymous_10)
FN:21,(anonymous_12)
FN:26,(anonymous_14)
FN:32,(anonymous_16)
FNF:6
FNH:0
FNDA:0,(anonymous_7)
FNDA:0,(anonymous_8)
FNDA:0,(anonymous_10)
FNDA:0,(anonymous_12)
FNDA:0,(anonymous_14)
FNDA:0,(anonymous_16)
DA:1,0
DA:2,0
DA:5,0
DA:9,0
DA:10,0
DA:14,0
DA:18,0
DA:22,0
DA:23,0
DA:27,0
DA:28,0
DA:33,0
LF:12
LH:0
BRF:0
BRH:0
end_of_record
TN:
SF:src/apps/product/domain/productVariant/productVariant.dto.ts
FNF:0
FNH:0
DA:1,0
DA:8,0
DA:10,0
DA:14,0
DA:20,0
DA:25,0
DA:30,0
DA:35,0
DA:40,0
DA:46,0
DA:51,0
DA:54,0
DA:58,0
DA:63,0
DA:68,0
DA:73,0
DA:78,0
DA:83,0
DA:88,0
DA:93,0
DA:98,0
DA:101,0
DA:104,0
LF:23
LH:0
BRF:0
BRH:0
end_of_record
TN:
SF:src/apps/product/domain/productVariant/productVariant.service.ts
FN:22,(anonymous_8)
FN:30,(anonymous_9)
FN:61,(anonymous_11)
FN:73,(anonymous_13)
FN:84,(anonymous_15)
FN:88,(anonymous_17)
FN:104,(anonymous_19)
FN:109,(anonymous_21)
FN:131,(anonymous_23)
FN:135,(anonymous_25)
FN:169,(anonymous_27)
FNF:11
FNH:0
FNDA:0,(anonymous_8)
FNDA:0,(anonymous_9)
FNDA:0,(anonymous_11)
FNDA:0,(anonymous_13)
FNDA:0,(anonymous_15)
FNDA:0,(anonymous_17)
FNDA:0,(anonymous_19)
FNDA:0,(anonymous_21)
FNDA:0,(anonymous_23)
FNDA:0,(anonymous_25)
FNDA:0,(anonymous_27)
DA:1,0
DA:2,0
DA:4,0
DA:5,0
DA:11,0
DA:16,0
DA:23,0
DA:24,0
DA:25,0
DA:26,0
DA:27,0
DA:34,0
DA:36,0
DA:37,0
DA:45,0
DA:46,0
DA:51,0
DA:58,0
DA:62,0
DA:63,0
DA:64,0
DA:70,0
DA:74,0
DA:75,0
DA:76,0
DA:81,0
DA:85,0
DA:93,0
DA:95,0
DA:96,0
DA:101,0
DA:105,0
DA:106,0
DA:116,0
DA:118,0
DA:119,0
DA:120,0
DA:122,0
DA:123,0
DA:124,0
DA:125,0
DA:128,0
DA:132,0
DA:136,0
DA:137,0
DA:138,0
DA:154,0
DA:156,0
DA:166,0
DA:172,0
DA:173,0
DA:176,0
DA:177,0
DA:180,0
DA:181,0
DA:184,0
LF:56
LH:0
BRDA:36,0,0,0
BRDA:36,0,1,0
BRDA:45,1,0,0
BRDA:63,2,0,0
BRDA:75,3,0,0
BRDA:75,4,0,0
BRDA:75,4,1,0
BRDA:95,5,0,0
BRDA:95,5,1,0
BRDA:118,6,0,0
BRDA:119,7,0,0
BRDA:120,8,0,0
BRDA:122,9,0,0
BRDA:122,10,0,0
BRDA:122,10,1,0
BRDA:124,11,0,0
BRDA:125,12,0,0
BRDA:137,13,0,0
BRDA:172,14,0,0
BRDA:176,15,0,0
BRDA:180,16,0,0
BRDA:185,17,0,0
BRDA:185,17,1,0
BRDA:186,18,0,0
BRDA:186,18,1,0
BRDA:187,19,0,0
BRDA:187,19,1,0
BRF:27
BRH:0
end_of_record
TN:
SF:src/apps/product/domain/reservedProduct/reservedProduct.service.ts
FN:9,(anonymous_8)
FN:14,(anonymous_9)
FN:20,(anonymous_11)
FN:45,(anonymous_15)
FN:59,(anonymous_17)
FNF:5
FNH:0
FNDA:0,(anonymous_8)
FNDA:0,(anonymous_9)
FNDA:0,(anonymous_11)
FNDA:0,(anonymous_15)
FNDA:0,(anonymous_17)
DA:1,0
DA:3,0
DA:4,0
DA:6,0
DA:10,0
DA:11,0
DA:17,0
DA:24,0
DA:28,0
DA:35,0
DA:36,0
DA:37,0
DA:42,0
DA:49,0
DA:50,0
DA:51,0
DA:56,0
DA:60,0
DA:61,0
DA:62,0
DA:67,0
LF:21
LH:0
BRDA:36,0,0,0
BRDA:50,1,0,0
BRDA:61,2,0,0
BRF:3
BRH:0
end_of_record
TN:
SF:src/apps/product/domain/size/size.dto.ts
FNF:0
FNH:0
DA:1,0
DA:10,0
DA:12,0
DA:17,0
DA:23,0
DA:28,0
DA:33,0
DA:38,0
DA:41,0
DA:46,0
DA:51,0
DA:56,0
DA:61,0
DA:66,0
LF:14
LH:0
BRF:0
BRH:0
end_of_record
TN:
SF:src/apps/product/domain/size/size.service.ts
FN:8,(anonymous_7)
FN:13,(anonymous_8)
FN:17,(anonymous_10)
FN:22,(anonymous_12)
FN:26,(anonymous_14)
FN:31,(anonymous_16)
FN:36,(anonymous_18)
FNF:7
FNH:0
FNDA:0,(anonymous_7)
FNDA:0,(anonymous_8)
FNDA:0,(anonymous_10)
FNDA:0,(anonymous_12)
FNDA:0,(anonymous_14)
FNDA:0,(anonymous_16)
FNDA:0,(anonymous_18)
DA:1,0
DA:2,0
DA:5,0
DA:9,0
DA:10,0
DA:14,0
DA:18,0
DA:19,0
DA:23,0
DA:27,0
DA:28,0
DA:32,0
DA:33,0
DA:37,0
DA:38,0
DA:39,0
LF:16
LH:0
BRDA:38,0,0,0
BRF:1
BRH:0
end_of_record
TN:
SF:src/librairies/controllers/api.response.ts
FN:4,(anonymous_0)
FN:17,(anonymous_1)
FN:32,(anonymous_2)
FNF:3
FNH:1
FNDA:1,(anonymous_0)
FNDA:0,(anonymous_1)
FNDA:0,(anonymous_2)
DA:3,1
DA:10,1
DA:24,0
DA:38,0
LF:4
LH:2
BRDA:7,0,0,0
BRDA:8,1,0,0
BRDA:22,2,0,0
BRDA:35,3,0,0
BRDA:36,4,0,0
BRF:5
BRH:0
end_of_record
TN:
SF:src/librairies/controllers/base.controller.ts
FN:8,(anonymous_0)
FN:12,(anonymous_1)
FNF:2
FNH:1
FNDA:7,(anonymous_0)
FNDA:0,(anonymous_1)
DA:2,1
DA:3,1
DA:5,1
DA:9,7
DA:12,7
DA:13,0
LF:6
LH:5
BRF:0
BRH:0
end_of_record
TN:
SF:src/librairies/middlewares/authentication.middleware.ts
FN:13,(anonymous_8)
FN:17,(anonymous_9)
FNF:2
FNH:0
FNDA:0,(anonymous_8)
FNDA:0,(anonymous_9)
DA:2,1
DA:3,1
DA:13,1
DA:17,0
DA:18,0
DA:19,0
DA:20,0
DA:21,0
DA:28,0
DA:29,0
DA:30,0
DA:36,0
DA:37,0
DA:38,0
DA:40,0
LF:15
LH:3
BRDA:20,0,0,0
BRDA:29,1,0,0
BRF:2
BRH:0
end_of_record
TN:
SF:src/librairies/middlewares/checkPermission.middleware.ts
FN:6,(anonymous_1)
FN:6,(anonymous_2)
FN:19,(anonymous_3)
FNF:3
FNH:0
FNDA:0,(anonymous_1)
FNDA:0,(anonymous_2)
FNDA:0,(anonymous_3)
DA:2,1
DA:5,1
DA:6,1
DA:7,0
DA:8,0
DA:9,0
DA:10,0
DA:17,0
DA:19,0
DA:22,0
DA:28,0
DA:30,0
LF:12
LH:3
BRDA:9,0,0,0
BRDA:17,1,0,0
BRF:2
BRH:0
end_of_record
TN:
SF:src/librairies/middlewares/checkRole.middleware.ts
FN:7,(anonymous_1)
FN:7,(anonymous_2)
FN:18,(anonymous_3)
FNF:3
FNH:1
FNDA:9,(anonymous_1)
FNDA:0,(anonymous_2)
FNDA:0,(anonymous_3)
DA:2,1
DA:6,1
DA:7,9
DA:8,0
DA:9,0
DA:10,0
DA:11,0
DA:18,0
DA:19,0
DA:22,0
DA:23,0
DA:29,0
DA:31,0
LF:13
LH:3
BRDA:10,0,0,0
BRDA:22,1,0,0
BRF:2
BRH:0
end_of_record
TN:
SF:src/librairies/middlewares/cors.middleware.ts
FN:8,(anonymous_1)
FNF:1
FNH:0
FNDA:0,(anonymous_1)
DA:1,1
DA:2,1
DA:3,1
DA:5,1
DA:7,1
DA:12,0
DA:13,0
DA:15,0
DA:20,0
DA:22,0
LF:10
LH:5
BRDA:12,0,0,0
BRDA:15,1,0,0
BRDA:15,1,1,0
BRDA:16,2,0,0
BRDA:16,2,1,0
BRDA:16,2,2,0
BRF:6
BRH:0
end_of_record
TN:
SF:src/librairies/middlewares/error.middleware.ts
FN:8,(anonymous_0)
FNF:1
FNH:0
FNDA:0,(anonymous_0)
DA:2,1
DA:3,1
DA:4,1
DA:6,1
DA:8,1
DA:14,0
DA:15,0
DA:16,0
DA:17,0
DA:21,0
DA:23,0
DA:24,0
LF:12
LH:5
BRDA:14,0,0,0
BRDA:14,0,1,0
BRDA:16,1,0,0
BRF:3
BRH:0
end_of_record
TN:
SF:src/librairies/middlewares/rate.limit.middleware.ts
FNF:0
FNH:0
DA:1,1
DA:3,1
LF:2
LH:2
BRF:0
BRH:0
end_of_record
TN:
SF:src/librairies/middlewares/validateId.middleware.ts
FN:6,(anonymous_1)
FN:7,(anonymous_2)
FNF:2
FNH:1
FNDA:4,(anonymous_1)
FNDA:0,(anonymous_2)
DA:2,1
DA:3,1
DA:5,1
DA:6,1
DA:7,4
DA:8,0
DA:9,0
DA:11,0
DA:12,0
DA:18,0
DA:20,0
LF:11
LH:5
BRDA:6,0,0,4
BRDA:11,1,0,0
BRF:2
BRH:1
end_of_record
TN:
SF:src/librairies/middlewares/validation.middleware.ts
FN:6,(anonymous_7)
FN:7,(anonymous_8)
FN:7,(anonymous_9)
FN:18,(anonymous_10)
FNF:4
FNH:1
FNDA:11,(anonymous_7)
FNDA:0,(anonymous_8)
FNDA:0,(anonymous_9)
FNDA:0,(anonymous_10)
DA:1,1
DA:2,1
DA:4,1
DA:6,1
DA:7,11
DA:8,0
DA:11,0
DA:13,0
DA:14,0
DA:18,0
DA:23,0
DA:25,0
DA:26,0
LF:13
LH:5
BRDA:13,0,0,0
BRF:1
BRH:0
end_of_record
TN:
SF:src/librairies/repositories/mongoose/mongoose.repository.ts
FN:7,(anonymous_7)
FN:11,(anonymous_8)
FN:15,(anonymous_10)
FN:19,(anonymous_12)
FN:24,(anonymous_14)
FN:28,(anonymous_16)
FN:32,(anonymous_18)
FNF:7
FNH:1
FNDA:16,(anonymous_7)
FNDA:0,(anonymous_8)
FNDA:0,(anonymous_10)
FNDA:0,(anonymous_12)
FNDA:0,(anonymous_14)
FNDA:0,(anonymous_16)
FNDA:0,(anonymous_18)
DA:4,2
DA:8,16
DA:12,0
DA:16,0
DA:20,0
DA:21,0
DA:25,0
DA:29,0
DA:33,0
LF:9
LH:2
BRDA:21,0,0,0
BRDA:21,0,1,0
BRF:2
BRH:0
end_of_record
TN:
SF:src/librairies/services/base.service.ts
FN:10,(anonymous_1)
FN:16,(anonymous_2)
FNF:2
FNH:1
FNDA:16,(anonymous_1)
FNDA:0,(anonymous_2)
DA:1,2
DA:3,2
DA:5,2
DA:11,16
DA:12,16
DA:13,16
DA:17,0
DA:18,0
DA:23,0
LF:9
LH:6
BRDA:17,0,0,0
BRF:1
BRH:0
end_of_record
TN:
SF:src/utils/general.utils.ts
FN:4,(anonymous_1)
FN:11,(anonymous_2)
FNF:2
FNH:0
FNDA:0,(anonymous_1)
FNDA:0,(anonymous_2)
DA:1,2
DA:3,2
DA:6,0
DA:7,0
DA:8,0
DA:12,0
DA:13,0
DA:16,0
DA:17,0
LF:9
LH:2
BRDA:11,0,0,0
BRDA:12,1,0,0
BRF:2
BRH:0
end_of_record
TN:
SF:src/utils/helpers.utils.ts
FN:4,(anonymous_9)
FNF:1
FNH:0
FNDA:0,(anonymous_9)
DA:1,2
DA:2,2
DA:4,2
DA:5,0
DA:6,0
DA:7,0
LF:6
LH:3
BRF:0
BRH:0
end_of_record
TN:
SF:src/utils/security.utils.ts
FN:16,(anonymous_17)
FN:20,(anonymous_18)
FN:32,(anonymous_19)
FN:37,(anonymous_21)
FN:44,(anonymous_23)
FN:52,(anonymous_25)
FN:54,(anonymous_27)
FN:55,(anonymous_28)
FN:69,(anonymous_29)
FN:75,(anonymous_31)
FN:82,(anonymous_32)
FN:87,(anonymous_33)
FNF:12
FNH:0
FNDA:0,(anonymous_17)
FNDA:0,(anonymous_18)
FNDA:0,(anonymous_19)
FNDA:0,(anonymous_21)
FNDA:0,(anonymous_23)
FNDA:0,(anonymous_25)
FNDA:0,(anonymous_27)
FNDA:0,(anonymous_28)
FNDA:0,(anonymous_29)
FNDA:0,(anonymous_31)
FNDA:0,(anonymous_32)
FNDA:0,(anonymous_33)
DA:1,2
DA:2,2
DA:3,2
DA:4,2
DA:5,2
DA:15,2
DA:17,0
DA:21,0
DA:22,0
DA:23,0
DA:29,0
DA:33,0
DA:34,0
DA:41,0
DA:45,0
DA:46,0
DA:53,0
DA:54,0
DA:55,0
DA:56,0
DA:57,0
DA:63,0
DA:70,0
DA:71,0
DA:72,0
DA:79,0
DA:86,0
DA:87,0
DA:89,0
LF:29
LH:6
BRDA:22,0,0,0
BRDA:56,1,0,0
BRDA:56,1,1,0
BRDA:89,2,0,0
BRDA:89,2,1,0
BRF:5
BRH:0
end_of_record
